# pixi run --manifest-path /home/np274/roman_l2_job/pixi.toml strun romancal.source_catalog.SourceCatalogStep /home/np274/roman_l2_job/output/detection/l3/sky_5_d_full_017m15x33y57_f158_coadd.asdf --output_dir /home/np274/roman_l2_job/output/detection/phase5c/catalogs_5 --suffix=n009_cat --kernel_fwhm=2.0 --snr_threshold=3.0 --npixels=9 --deblend=False --save_results=true
2026-04-24 19:27:59,300 - CRDS - ERROR -  Error determining best reference for 'pars-sourcecatalogstep'  =   Unknown reference type 'pars-sourcecatalogstep'
2026-04-24 19:27:59,301 - stpipe.step - INFO - SourceCatalogStep instance created.
2026-04-24 19:27:59,381 - stpipe.step - INFO - Step SourceCatalogStep running with args ('/home/np274/roman_l2_job/output/detection/l3/sky_5_d_full_017m15x33y57_f158_coadd.asdf',).
2026-04-24 19:27:59,382 - stpipe.step - INFO - Step SourceCatalogStep parameters are:
  pre_hooks: []
  post_hooks: []
  output_file: None
  output_dir: /home/np274/roman_l2_job/output/detection/phase5c/catalogs_5
  output_ext: .asdf
  output_use_model: False
  output_use_index: True
  save_results: True
  skip: False
  suffix: n009_cat
  search_output_file: True
  input_dir: /home/np274/roman_l2_job/output/detection/l3
  update_version: False
  bkg_boxsize: 1000
  kernel_fwhm: 2.0
  snr_threshold: 3.0
  npixels: 9
  deblend: False
  fit_psf: True
  forced_segmentation: ''
2026-04-24 19:27:59,554 - romancal.source_catalog.source_catalog_step - INFO - Using ePSF reference file: /home/np274/roman_l2_job/crds_cache/references/roman/wfi/roman_wfi_epsf_0239.asdf
2026-04-24 19:28:03,528 - romancal.source_catalog.psf - INFO - Performed jitter convolution.  Image kernel: (8, 8, 0) Reference kernel: (0, 0, 0)
2026-04-24 19:28:04,256 - romancal.source_catalog.source_catalog_step - INFO - Calculating and subtracting background
2026-04-24 19:28:10,469 - romancal.source_catalog.source_catalog_step - INFO - Creating detection image
2026-04-24 19:28:12,385 - romancal.source_catalog.source_catalog_step - INFO - Detecting sources
2026-04-24 19:28:16,197 - romancal.source_catalog.detection - INFO - Detected 340 sources
2026-04-24 19:28:16,203 - romancal.source_catalog.source_catalog_step - INFO - Creating ee_fractions model
2026-04-24 19:28:16,235 - romancal.source_catalog.source_catalog_step - INFO - Creating source catalog
2026-04-24 19:28:16,335 - romancal.source_catalog.source_catalog - INFO - Calculating segment properties
2026-04-24 19:28:18,076 - romancal.source_catalog.source_catalog - INFO - Calculating aperture photometry
2026-04-24 19:28:18,603 - romancal.source_catalog.source_catalog - INFO - Calculating DAOFind properties
2026-04-24 19:28:19,219 - romancal.source_catalog.source_catalog - INFO - Calculating nearest neighbor properties
2026-04-24 19:28:19,220 - romancal.source_catalog.source_catalog - INFO - Calculating PSF photometry
2026-04-24 19:28:27,396 - stpipe.step - INFO - Saved model in /home/np274/roman_l2_job/output/detection/phase5c/catalogs_5/sky_5_d_full_017m15x33y57_f158_segm.asdf
2026-04-24 19:28:28,177 - romancal.stpipe.core - ERROR - Model[<roman_datamodels.datamodels._datamodels.MosaicSourceCatalogModel object at 0x728e515f0e50>] is missing meta.ref_file. [('epsf', 'crds://roman_wfi_epsf_0239.asdf'), ('apcorr', 'crds://roman_wfi_apcorr_0011.asdf')] will not be recorded
2026-04-24 19:28:29,172 - stpipe.step - INFO - Saved model in /home/np274/roman_l2_job/output/detection/phase5c/catalogs_5/sky_5_d_full_017m15x33y57_f158_n009_cat.parquet
2026-04-24 19:28:29,172 - stpipe.step - INFO - Step SourceCatalogStep done
