# pixi run --manifest-path /home/np274/roman_l2_job/pixi.toml strun romancal.source_catalog.SourceCatalogStep /home/np274/roman_l2_job/output/detection/l3/pair_11_d_full_017p00x68y28_f158_coadd.asdf --output_dir /home/np274/roman_l2_job/output/detection/phase5c/catalogs_11 --suffix=n016_cat --kernel_fwhm=2.0 --snr_threshold=3.0 --npixels=16 --deblend=False --save_results=true
2026-04-24 04:50:39,944 - CRDS - ERROR -  Error determining best reference for 'pars-sourcecatalogstep'  =   Unknown reference type 'pars-sourcecatalogstep'
2026-04-24 04:50:39,946 - stpipe.step - INFO - SourceCatalogStep instance created.
2026-04-24 04:50:40,020 - stpipe.step - INFO - Step SourceCatalogStep running with args ('/home/np274/roman_l2_job/output/detection/l3/pair_11_d_full_017p00x68y28_f158_coadd.asdf',).
2026-04-24 04:50:40,022 - stpipe.step - INFO - Step SourceCatalogStep parameters are:
  pre_hooks: []
  post_hooks: []
  output_file: None
  output_dir: /home/np274/roman_l2_job/output/detection/phase5c/catalogs_11
  output_ext: .asdf
  output_use_model: False
  output_use_index: True
  save_results: True
  skip: False
  suffix: n016_cat
  search_output_file: True
  input_dir: /home/np274/roman_l2_job/output/detection/l3
  update_version: False
  bkg_boxsize: 1000
  kernel_fwhm: 2.0
  snr_threshold: 3.0
  npixels: 16
  deblend: False
  fit_psf: True
  forced_segmentation: ''
2026-04-24 04:50:40,185 - romancal.source_catalog.source_catalog_step - INFO - Using ePSF reference file: /home/np274/roman_l2_job/crds_cache/references/roman/wfi/roman_wfi_epsf_0239.asdf
2026-04-24 04:50:44,128 - romancal.source_catalog.psf - INFO - Performed jitter convolution.  Image kernel: (8, 8, 0) Reference kernel: (0, 0, 0)
2026-04-24 04:50:44,841 - romancal.source_catalog.source_catalog_step - INFO - Calculating and subtracting background
2026-04-24 04:50:51,076 - romancal.source_catalog.source_catalog_step - INFO - Creating detection image
2026-04-24 04:50:52,983 - romancal.source_catalog.source_catalog_step - INFO - Detecting sources
2026-04-24 04:50:56,802 - romancal.source_catalog.detection - INFO - Detected 279 sources
2026-04-24 04:50:56,806 - romancal.source_catalog.source_catalog_step - INFO - Creating ee_fractions model
2026-04-24 04:50:56,839 - romancal.source_catalog.source_catalog_step - INFO - Creating source catalog
2026-04-24 04:50:56,937 - romancal.source_catalog.source_catalog - INFO - Calculating segment properties
2026-04-24 04:50:58,398 - romancal.source_catalog.source_catalog - INFO - Calculating aperture photometry
2026-04-24 04:50:58,858 - romancal.source_catalog.source_catalog - INFO - Calculating DAOFind properties
2026-04-24 04:50:59,408 - romancal.source_catalog.source_catalog - INFO - Calculating nearest neighbor properties
2026-04-24 04:50:59,409 - romancal.source_catalog.source_catalog - INFO - Calculating PSF photometry
2026-04-24 04:51:06,562 - stpipe.step - INFO - Saved model in /home/np274/roman_l2_job/output/detection/phase5c/catalogs_11/pair_11_d_full_017p00x68y28_f158_segm.asdf
2026-04-24 04:51:07,331 - romancal.stpipe.core - ERROR - Model[<roman_datamodels.datamodels._datamodels.MosaicSourceCatalogModel object at 0x73d04800a930>] is missing meta.ref_file. [('epsf', 'crds://roman_wfi_epsf_0239.asdf'), ('apcorr', 'crds://roman_wfi_apcorr_0011.asdf')] will not be recorded
2026-04-24 04:51:08,300 - stpipe.step - INFO - Saved model in /home/np274/roman_l2_job/output/detection/phase5c/catalogs_11/pair_11_d_full_017p00x68y28_f158_n016_cat.parquet
2026-04-24 04:51:08,301 - stpipe.step - INFO - Step SourceCatalogStep done
