# pixi run --manifest-path /home/np274/roman_l2_job/pixi.toml strun romancal.source_catalog.SourceCatalogStep /home/np274/roman_l2_job/output/detection/l3/sky_1_d_full_066m27x58y55_f158_coadd.asdf --output_dir /home/np274/roman_l2_job/output/detection/phase5b/catalogs_1 --suffix=k020_cat --kernel_fwhm=2.0 --snr_threshold=3.0 --npixels=25 --deblend=False --save_results=true
2026-04-24 19:08:16,487 - CRDS - ERROR -  Error determining best reference for 'pars-sourcecatalogstep'  =   Unknown reference type 'pars-sourcecatalogstep'
2026-04-24 19:08:16,488 - stpipe.step - INFO - SourceCatalogStep instance created.
2026-04-24 19:08:16,565 - stpipe.step - INFO - Step SourceCatalogStep running with args ('/home/np274/roman_l2_job/output/detection/l3/sky_1_d_full_066m27x58y55_f158_coadd.asdf',).
2026-04-24 19:08:16,567 - stpipe.step - INFO - Step SourceCatalogStep parameters are:
  pre_hooks: []
  post_hooks: []
  output_file: None
  output_dir: /home/np274/roman_l2_job/output/detection/phase5b/catalogs_1
  output_ext: .asdf
  output_use_model: False
  output_use_index: True
  save_results: True
  skip: False
  suffix: k020_cat
  search_output_file: True
  input_dir: /home/np274/roman_l2_job/output/detection/l3
  update_version: False
  bkg_boxsize: 1000
  kernel_fwhm: 2.0
  snr_threshold: 3.0
  npixels: 25
  deblend: False
  fit_psf: True
  forced_segmentation: ''
2026-04-24 19:08:16,746 - romancal.source_catalog.source_catalog_step - INFO - Using ePSF reference file: /home/np274/roman_l2_job/crds_cache/references/roman/wfi/roman_wfi_epsf_0239.asdf
2026-04-24 19:08:20,638 - romancal.source_catalog.psf - INFO - Performed jitter convolution.  Image kernel: (8, 8, 0) Reference kernel: (0, 0, 0)
2026-04-24 19:08:21,919 - romancal.source_catalog.source_catalog_step - INFO - Calculating and subtracting background
2026-04-24 19:08:28,238 - romancal.source_catalog.source_catalog_step - INFO - Creating detection image
2026-04-24 19:08:30,141 - romancal.source_catalog.source_catalog_step - INFO - Detecting sources
2026-04-24 19:08:33,956 - romancal.source_catalog.detection - INFO - Detected 294 sources
2026-04-24 19:08:33,961 - romancal.source_catalog.source_catalog_step - INFO - Creating ee_fractions model
2026-04-24 19:08:33,994 - romancal.source_catalog.source_catalog_step - INFO - Creating source catalog
2026-04-24 19:08:34,089 - romancal.source_catalog.source_catalog - INFO - Calculating segment properties
2026-04-24 19:08:35,633 - romancal.source_catalog.source_catalog - INFO - Calculating aperture photometry
2026-04-24 19:08:36,098 - romancal.source_catalog.source_catalog - INFO - Calculating DAOFind properties
2026-04-24 19:08:36,648 - romancal.source_catalog.source_catalog - INFO - Calculating nearest neighbor properties
2026-04-24 19:08:36,649 - romancal.source_catalog.source_catalog - INFO - Calculating PSF photometry
2026-04-24 19:08:44,995 - stpipe.step - INFO - Saved model in /home/np274/roman_l2_job/output/detection/phase5b/catalogs_1/sky_1_d_full_066m27x58y55_f158_segm.asdf
2026-04-24 19:08:45,771 - romancal.stpipe.core - ERROR - Model[<roman_datamodels.datamodels._datamodels.MosaicSourceCatalogModel object at 0x7827687431a0>] is missing meta.ref_file. [('epsf', 'crds://roman_wfi_epsf_0239.asdf'), ('apcorr', 'crds://roman_wfi_apcorr_0011.asdf')] will not be recorded
2026-04-24 19:08:46,767 - stpipe.step - INFO - Saved model in /home/np274/roman_l2_job/output/detection/phase5b/catalogs_1/sky_1_d_full_066m27x58y55_f158_k020_cat.parquet
2026-04-24 19:08:46,768 - stpipe.step - INFO - Step SourceCatalogStep done
