# pixi run --manifest-path /home/np274/roman_l2_job/pixi.toml strun romancal.source_catalog.SourceCatalogStep /home/np274/roman_l2_job/output/detection/l3/sky_1_d_full_066m27x58y55_f158_coadd.asdf --output_dir /home/np274/roman_l2_job/output/detection/phase5b/catalogs_1 --suffix=k050_cat --kernel_fwhm=5.0 --snr_threshold=3.0 --npixels=25 --deblend=False --save_results=true
2026-04-24 19:09:24,776 - CRDS - ERROR -  Error determining best reference for 'pars-sourcecatalogstep'  =   Unknown reference type 'pars-sourcecatalogstep'
2026-04-24 19:09:24,777 - stpipe.step - INFO - SourceCatalogStep instance created.
2026-04-24 19:09:24,854 - stpipe.step - INFO - Step SourceCatalogStep running with args ('/home/np274/roman_l2_job/output/detection/l3/sky_1_d_full_066m27x58y55_f158_coadd.asdf',).
2026-04-24 19:09:24,856 - stpipe.step - INFO - Step SourceCatalogStep parameters are:
  pre_hooks: []
  post_hooks: []
  output_file: None
  output_dir: /home/np274/roman_l2_job/output/detection/phase5b/catalogs_1
  output_ext: .asdf
  output_use_model: False
  output_use_index: True
  save_results: True
  skip: False
  suffix: k050_cat
  search_output_file: True
  input_dir: /home/np274/roman_l2_job/output/detection/l3
  update_version: False
  bkg_boxsize: 1000
  kernel_fwhm: 5.0
  snr_threshold: 3.0
  npixels: 25
  deblend: False
  fit_psf: True
  forced_segmentation: ''
2026-04-24 19:09:25,036 - romancal.source_catalog.source_catalog_step - INFO - Using ePSF reference file: /home/np274/roman_l2_job/crds_cache/references/roman/wfi/roman_wfi_epsf_0239.asdf
2026-04-24 19:09:28,957 - romancal.source_catalog.psf - INFO - Performed jitter convolution.  Image kernel: (8, 8, 0) Reference kernel: (0, 0, 0)
2026-04-24 19:09:29,659 - romancal.source_catalog.source_catalog_step - INFO - Calculating and subtracting background
2026-04-24 19:09:35,951 - romancal.source_catalog.source_catalog_step - INFO - Creating detection image
2026-04-24 19:09:43,706 - romancal.source_catalog.source_catalog_step - INFO - Detecting sources
2026-04-24 19:09:47,525 - romancal.source_catalog.detection - INFO - Detected 280 sources
2026-04-24 19:09:47,530 - romancal.source_catalog.source_catalog_step - INFO - Creating ee_fractions model
2026-04-24 19:09:47,563 - romancal.source_catalog.source_catalog_step - INFO - Creating source catalog
2026-04-24 19:09:47,659 - romancal.source_catalog.source_catalog - INFO - Calculating segment properties
2026-04-24 19:09:49,158 - romancal.source_catalog.source_catalog - INFO - Calculating aperture photometry
2026-04-24 19:09:49,624 - romancal.source_catalog.source_catalog - INFO - Calculating DAOFind properties
2026-04-24 19:09:50,757 - romancal.source_catalog.source_catalog - INFO - Calculating nearest neighbor properties
2026-04-24 19:09:50,758 - romancal.source_catalog.source_catalog - INFO - Calculating PSF photometry
2026-04-24 19:09:56,384 - py.warnings - WARNING - /home/np274/roman_l2_job/.pixi/envs/default/lib/python3.12/site-packages/photutils/psf/_components.py:1564: AstropyUserWarning: One or more fit(s) may not have converged. Please check the "flags" column in the output table.
  warnings.warn('One or more fit(s) may not have converged. Please '

2026-04-24 19:09:57,902 - stpipe.step - INFO - Saved model in /home/np274/roman_l2_job/output/detection/phase5b/catalogs_1/sky_1_d_full_066m27x58y55_f158_segm.asdf
2026-04-24 19:09:58,664 - romancal.stpipe.core - ERROR - Model[<roman_datamodels.datamodels._datamodels.MosaicSourceCatalogModel object at 0x7c58e393cc20>] is missing meta.ref_file. [('epsf', 'crds://roman_wfi_epsf_0239.asdf'), ('apcorr', 'crds://roman_wfi_apcorr_0011.asdf')] will not be recorded
2026-04-24 19:09:59,625 - stpipe.step - INFO - Saved model in /home/np274/roman_l2_job/output/detection/phase5b/catalogs_1/sky_1_d_full_066m27x58y55_f158_k050_cat.parquet
2026-04-24 19:09:59,626 - stpipe.step - INFO - Step SourceCatalogStep done
