# pixi run --manifest-path /home/np274/roman_l2_job/pixi.toml strun romancal.source_catalog.SourceCatalogStep /home/np274/roman_l2_job/output/detection/l3/pair_2_d_full_063m53x47y43_f158_coadd.asdf --output_dir /home/np274/roman_l2_job/output/detection/phase5b/catalogs_2 --suffix=k050_cat --kernel_fwhm=5.0 --snr_threshold=3.0 --npixels=25 --deblend=False --save_results=true
2026-04-24 04:20:47,495 - CRDS - ERROR -  Error determining best reference for 'pars-sourcecatalogstep'  =   Unknown reference type 'pars-sourcecatalogstep'
2026-04-24 04:20:47,496 - stpipe.step - INFO - SourceCatalogStep instance created.
2026-04-24 04:20:47,573 - stpipe.step - INFO - Step SourceCatalogStep running with args ('/home/np274/roman_l2_job/output/detection/l3/pair_2_d_full_063m53x47y43_f158_coadd.asdf',).
2026-04-24 04:20:47,575 - stpipe.step - INFO - Step SourceCatalogStep parameters are:
  pre_hooks: []
  post_hooks: []
  output_file: None
  output_dir: /home/np274/roman_l2_job/output/detection/phase5b/catalogs_2
  output_ext: .asdf
  output_use_model: False
  output_use_index: True
  save_results: True
  skip: False
  suffix: k050_cat
  search_output_file: True
  input_dir: /home/np274/roman_l2_job/output/detection/l3
  update_version: False
  bkg_boxsize: 1000
  kernel_fwhm: 5.0
  snr_threshold: 3.0
  npixels: 25
  deblend: False
  fit_psf: True
  forced_segmentation: ''
2026-04-24 04:20:47,720 - romancal.source_catalog.source_catalog_step - INFO - Using ePSF reference file: /home/np274/roman_l2_job/crds_cache/references/roman/wfi/roman_wfi_epsf_0239.asdf
2026-04-24 04:20:51,696 - romancal.source_catalog.psf - INFO - Performed jitter convolution.  Image kernel: (8, 8, 0) Reference kernel: (0, 0, 0)
2026-04-24 04:20:52,322 - romancal.source_catalog.source_catalog_step - INFO - Calculating and subtracting background
2026-04-24 04:20:57,330 - romancal.source_catalog.source_catalog_step - INFO - Creating detection image
2026-04-24 04:21:03,495 - romancal.source_catalog.source_catalog_step - INFO - Detecting sources
2026-04-24 04:21:07,330 - romancal.source_catalog.detection - INFO - Detected 94 sources
2026-04-24 04:21:07,338 - romancal.source_catalog.source_catalog_step - INFO - Creating ee_fractions model
2026-04-24 04:21:07,369 - romancal.source_catalog.source_catalog_step - INFO - Creating source catalog
2026-04-24 04:21:07,467 - romancal.source_catalog.source_catalog - INFO - Calculating segment properties
2026-04-24 04:21:08,003 - romancal.source_catalog.source_catalog - INFO - Calculating aperture photometry
2026-04-24 04:21:08,173 - romancal.source_catalog.source_catalog - INFO - Calculating DAOFind properties
2026-04-24 04:21:09,301 - romancal.source_catalog.source_catalog - INFO - Calculating nearest neighbor properties
2026-04-24 04:21:09,301 - romancal.source_catalog.source_catalog - INFO - Calculating PSF photometry
2026-04-24 04:21:11,184 - py.warnings - WARNING - /home/np274/roman_l2_job/.pixi/envs/default/lib/python3.12/site-packages/photutils/psf/_components.py:1564: AstropyUserWarning: One or more fit(s) may not have converged. Please check the "flags" column in the output table.
  warnings.warn('One or more fit(s) may not have converged. Please '

2026-04-24 04:21:12,470 - stpipe.step - INFO - Saved model in /home/np274/roman_l2_job/output/detection/phase5b/catalogs_2/pair_2_d_full_063m53x47y43_f158_segm.asdf
2026-04-24 04:21:13,227 - romancal.stpipe.core - ERROR - Model[<roman_datamodels.datamodels._datamodels.MosaicSourceCatalogModel object at 0x70551db96a70>] is missing meta.ref_file. [('epsf', 'crds://roman_wfi_epsf_0239.asdf'), ('apcorr', 'crds://roman_wfi_apcorr_0011.asdf')] will not be recorded
2026-04-24 04:21:14,201 - stpipe.step - INFO - Saved model in /home/np274/roman_l2_job/output/detection/phase5b/catalogs_2/pair_2_d_full_063m53x47y43_f158_k050_cat.parquet
2026-04-24 04:21:14,202 - stpipe.step - INFO - Step SourceCatalogStep done
