# pixi run --manifest-path /home/np274/roman_l2_job/pixi.toml strun romancal.source_catalog.SourceCatalogStep /home/np274/roman_l2_job/output/detection/l3/sky_7_d_full_042m06x41y42_f158_coadd.asdf --output_dir /home/np274/roman_l2_job/output/detection/phase5c/catalogs_7 --suffix=n025_cat --kernel_fwhm=2.0 --snr_threshold=3.0 --npixels=25 --deblend=False --save_results=true
2026-04-24 19:37:32,656 - CRDS - ERROR -  Error determining best reference for 'pars-sourcecatalogstep'  =   Unknown reference type 'pars-sourcecatalogstep'
2026-04-24 19:37:32,657 - stpipe.step - INFO - SourceCatalogStep instance created.
2026-04-24 19:37:32,735 - stpipe.step - INFO - Step SourceCatalogStep running with args ('/home/np274/roman_l2_job/output/detection/l3/sky_7_d_full_042m06x41y42_f158_coadd.asdf',).
2026-04-24 19:37:32,736 - stpipe.step - INFO - Step SourceCatalogStep parameters are:
  pre_hooks: []
  post_hooks: []
  output_file: None
  output_dir: /home/np274/roman_l2_job/output/detection/phase5c/catalogs_7
  output_ext: .asdf
  output_use_model: False
  output_use_index: True
  save_results: True
  skip: False
  suffix: n025_cat
  search_output_file: True
  input_dir: /home/np274/roman_l2_job/output/detection/l3
  update_version: False
  bkg_boxsize: 1000
  kernel_fwhm: 2.0
  snr_threshold: 3.0
  npixels: 25
  deblend: False
  fit_psf: True
  forced_segmentation: ''
2026-04-24 19:37:32,908 - romancal.source_catalog.source_catalog_step - INFO - Using ePSF reference file: /home/np274/roman_l2_job/crds_cache/references/roman/wfi/roman_wfi_epsf_0239.asdf
2026-04-24 19:37:36,894 - romancal.source_catalog.psf - INFO - Performed jitter convolution.  Image kernel: (8, 8, 0) Reference kernel: (0, 0, 0)
2026-04-24 19:37:37,632 - romancal.source_catalog.source_catalog_step - INFO - Calculating and subtracting background
2026-04-24 19:37:43,807 - romancal.source_catalog.source_catalog_step - INFO - Creating detection image
2026-04-24 19:37:45,730 - romancal.source_catalog.source_catalog_step - INFO - Detecting sources
2026-04-24 19:37:49,554 - romancal.source_catalog.detection - INFO - Detected 283 sources
2026-04-24 19:37:49,560 - romancal.source_catalog.source_catalog_step - INFO - Creating ee_fractions model
2026-04-24 19:37:49,592 - romancal.source_catalog.source_catalog_step - INFO - Creating source catalog
2026-04-24 19:37:49,690 - romancal.source_catalog.source_catalog - INFO - Calculating segment properties
2026-04-24 19:37:51,185 - romancal.source_catalog.source_catalog - INFO - Calculating aperture photometry
2026-04-24 19:37:51,652 - romancal.source_catalog.source_catalog - INFO - Calculating DAOFind properties
2026-04-24 19:37:52,203 - romancal.source_catalog.source_catalog - INFO - Calculating nearest neighbor properties
2026-04-24 19:37:52,204 - romancal.source_catalog.source_catalog - INFO - Calculating PSF photometry
2026-04-24 19:37:59,436 - stpipe.step - INFO - Saved model in /home/np274/roman_l2_job/output/detection/phase5c/catalogs_7/sky_7_d_full_042m06x41y42_f158_segm.asdf
2026-04-24 19:38:00,216 - romancal.stpipe.core - ERROR - Model[<roman_datamodels.datamodels._datamodels.MosaicSourceCatalogModel object at 0x74763a8ca160>] is missing meta.ref_file. [('epsf', 'crds://roman_wfi_epsf_0239.asdf'), ('apcorr', 'crds://roman_wfi_apcorr_0011.asdf')] will not be recorded
2026-04-24 19:38:01,206 - stpipe.step - INFO - Saved model in /home/np274/roman_l2_job/output/detection/phase5c/catalogs_7/sky_7_d_full_042m06x41y42_f158_n025_cat.parquet
2026-04-24 19:38:01,207 - stpipe.step - INFO - Step SourceCatalogStep done
