# pixi run --manifest-path /home/np274/roman_l2_job/pixi.toml strun romancal.source_catalog.SourceCatalogStep /home/np274/roman_l2_job/output/detection/l3/sky_4_d_full_065m50x70y32_f158_coadd.asdf --output_dir /home/np274/roman_l2_job/output/detection/phase5b/catalogs_4 --suffix=k070_cat --kernel_fwhm=7.0 --snr_threshold=3.0 --npixels=25 --deblend=False --save_results=true
2026-04-24 19:22:53,565 - CRDS - ERROR -  Error determining best reference for 'pars-sourcecatalogstep'  =   Unknown reference type 'pars-sourcecatalogstep'
2026-04-24 19:22:53,566 - stpipe.step - INFO - SourceCatalogStep instance created.
2026-04-24 19:22:53,647 - stpipe.step - INFO - Step SourceCatalogStep running with args ('/home/np274/roman_l2_job/output/detection/l3/sky_4_d_full_065m50x70y32_f158_coadd.asdf',).
2026-04-24 19:22:53,649 - stpipe.step - INFO - Step SourceCatalogStep parameters are:
  pre_hooks: []
  post_hooks: []
  output_file: None
  output_dir: /home/np274/roman_l2_job/output/detection/phase5b/catalogs_4
  output_ext: .asdf
  output_use_model: False
  output_use_index: True
  save_results: True
  skip: False
  suffix: k070_cat
  search_output_file: True
  input_dir: /home/np274/roman_l2_job/output/detection/l3
  update_version: False
  bkg_boxsize: 1000
  kernel_fwhm: 7.0
  snr_threshold: 3.0
  npixels: 25
  deblend: False
  fit_psf: True
  forced_segmentation: ''
2026-04-24 19:22:53,837 - romancal.source_catalog.source_catalog_step - INFO - Using ePSF reference file: /home/np274/roman_l2_job/crds_cache/references/roman/wfi/roman_wfi_epsf_0239.asdf
2026-04-24 19:22:57,807 - romancal.source_catalog.psf - INFO - Performed jitter convolution.  Image kernel: (8, 8, 0) Reference kernel: (0, 0, 0)
2026-04-24 19:22:58,528 - romancal.source_catalog.source_catalog_step - INFO - Calculating and subtracting background
2026-04-24 19:23:04,800 - romancal.source_catalog.source_catalog_step - INFO - Creating detection image
2026-04-24 19:23:19,577 - romancal.source_catalog.source_catalog_step - INFO - Detecting sources
2026-04-24 19:23:23,391 - romancal.source_catalog.detection - INFO - Detected 240 sources
2026-04-24 19:23:23,397 - romancal.source_catalog.source_catalog_step - INFO - Creating ee_fractions model
2026-04-24 19:23:23,430 - romancal.source_catalog.source_catalog_step - INFO - Creating source catalog
2026-04-24 19:23:23,524 - romancal.source_catalog.source_catalog - INFO - Calculating segment properties
2026-04-24 19:23:24,834 - romancal.source_catalog.source_catalog - INFO - Calculating aperture photometry
2026-04-24 19:23:25,229 - romancal.source_catalog.source_catalog - INFO - Calculating DAOFind properties
2026-04-24 19:23:27,002 - romancal.source_catalog.source_catalog - INFO - Calculating nearest neighbor properties
2026-04-24 19:23:27,002 - romancal.source_catalog.source_catalog - INFO - Calculating PSF photometry
2026-04-24 19:23:33,540 - stpipe.step - INFO - Saved model in /home/np274/roman_l2_job/output/detection/phase5b/catalogs_4/sky_4_d_full_065m50x70y32_f158_segm.asdf
2026-04-24 19:23:34,318 - romancal.stpipe.core - ERROR - Model[<roman_datamodels.datamodels._datamodels.MosaicSourceCatalogModel object at 0x7aa0ad07a160>] is missing meta.ref_file. [('epsf', 'crds://roman_wfi_epsf_0239.asdf'), ('apcorr', 'crds://roman_wfi_apcorr_0011.asdf')] will not be recorded
2026-04-24 19:23:35,306 - stpipe.step - INFO - Saved model in /home/np274/roman_l2_job/output/detection/phase5b/catalogs_4/sky_4_d_full_065m50x70y32_f158_k070_cat.parquet
2026-04-24 19:23:35,306 - stpipe.step - INFO - Step SourceCatalogStep done
