# pixi run --manifest-path /home/np274/roman_l2_job/pixi.toml strun romancal.source_catalog.SourceCatalogStep /home/np274/roman_l2_job/output/detection/l3/sky_8_d_full_329m31x72y34_f158_coadd.asdf --output_dir /home/np274/roman_l2_job/output/detection/phase5b/catalogs_8 --suffix=k030_cat --kernel_fwhm=3.0 --snr_threshold=3.0 --npixels=25 --deblend=False --save_results=true
2026-04-24 19:38:42,720 - CRDS - ERROR -  Error determining best reference for 'pars-sourcecatalogstep'  =   Unknown reference type 'pars-sourcecatalogstep'
2026-04-24 19:38:42,721 - stpipe.step - INFO - SourceCatalogStep instance created.
2026-04-24 19:38:42,802 - stpipe.step - INFO - Step SourceCatalogStep running with args ('/home/np274/roman_l2_job/output/detection/l3/sky_8_d_full_329m31x72y34_f158_coadd.asdf',).
2026-04-24 19:38:42,804 - stpipe.step - INFO - Step SourceCatalogStep parameters are:
  pre_hooks: []
  post_hooks: []
  output_file: None
  output_dir: /home/np274/roman_l2_job/output/detection/phase5b/catalogs_8
  output_ext: .asdf
  output_use_model: False
  output_use_index: True
  save_results: True
  skip: False
  suffix: k030_cat
  search_output_file: True
  input_dir: /home/np274/roman_l2_job/output/detection/l3
  update_version: False
  bkg_boxsize: 1000
  kernel_fwhm: 3.0
  snr_threshold: 3.0
  npixels: 25
  deblend: False
  fit_psf: True
  forced_segmentation: ''
2026-04-24 19:38:42,982 - romancal.source_catalog.source_catalog_step - INFO - Using ePSF reference file: /home/np274/roman_l2_job/crds_cache/references/roman/wfi/roman_wfi_epsf_0239.asdf
2026-04-24 19:38:46,992 - romancal.source_catalog.psf - INFO - Performed jitter convolution.  Image kernel: (8, 8, 0) Reference kernel: (0, 0, 0)
2026-04-24 19:38:47,729 - romancal.source_catalog.source_catalog_step - INFO - Calculating and subtracting background
2026-04-24 19:38:53,989 - romancal.source_catalog.source_catalog_step - INFO - Creating detection image
2026-04-24 19:38:56,902 - romancal.source_catalog.source_catalog_step - INFO - Detecting sources
2026-04-24 19:39:00,718 - romancal.source_catalog.detection - INFO - Detected 267 sources
2026-04-24 19:39:00,724 - romancal.source_catalog.source_catalog_step - INFO - Creating ee_fractions model
2026-04-24 19:39:00,756 - romancal.source_catalog.source_catalog_step - INFO - Creating source catalog
2026-04-24 19:39:00,854 - romancal.source_catalog.source_catalog - INFO - Calculating segment properties
2026-04-24 19:39:02,308 - romancal.source_catalog.source_catalog - INFO - Calculating aperture photometry
2026-04-24 19:39:02,751 - romancal.source_catalog.source_catalog - INFO - Calculating DAOFind properties
2026-04-24 19:39:03,305 - romancal.source_catalog.source_catalog - INFO - Calculating nearest neighbor properties
2026-04-24 19:39:03,306 - romancal.source_catalog.source_catalog - INFO - Calculating PSF photometry
2026-04-24 19:39:10,223 - stpipe.step - INFO - Saved model in /home/np274/roman_l2_job/output/detection/phase5b/catalogs_8/sky_8_d_full_329m31x72y34_f158_segm.asdf
2026-04-24 19:39:10,987 - romancal.stpipe.core - ERROR - Model[<roman_datamodels.datamodels._datamodels.MosaicSourceCatalogModel object at 0x7f529aa4d490>] is missing meta.ref_file. [('epsf', 'crds://roman_wfi_epsf_0239.asdf'), ('apcorr', 'crds://roman_wfi_apcorr_0011.asdf')] will not be recorded
2026-04-24 19:39:11,964 - stpipe.step - INFO - Saved model in /home/np274/roman_l2_job/output/detection/phase5b/catalogs_8/sky_8_d_full_329m31x72y34_f158_k030_cat.parquet
2026-04-24 19:39:11,964 - stpipe.step - INFO - Step SourceCatalogStep done
