# pixi run --manifest-path /home/np274/roman_l2_job/pixi.toml strun romancal.source_catalog.SourceCatalogStep /home/np274/roman_l2_job/output/detection/l3/sky_2_d_full_063m53x50y41_f158_coadd.asdf --output_dir /home/np274/roman_l2_job/output/detection/phase5c/catalogs_2 --suffix=n009_cat --kernel_fwhm=2.0 --snr_threshold=3.0 --npixels=9 --deblend=False --save_results=true
2026-04-24 19:15:11,190 - CRDS - ERROR -  Error determining best reference for 'pars-sourcecatalogstep'  =   Unknown reference type 'pars-sourcecatalogstep'
2026-04-24 19:15:11,191 - stpipe.step - INFO - SourceCatalogStep instance created.
2026-04-24 19:15:11,268 - stpipe.step - INFO - Step SourceCatalogStep running with args ('/home/np274/roman_l2_job/output/detection/l3/sky_2_d_full_063m53x50y41_f158_coadd.asdf',).
2026-04-24 19:15:11,270 - stpipe.step - INFO - Step SourceCatalogStep parameters are:
  pre_hooks: []
  post_hooks: []
  output_file: None
  output_dir: /home/np274/roman_l2_job/output/detection/phase5c/catalogs_2
  output_ext: .asdf
  output_use_model: False
  output_use_index: True
  save_results: True
  skip: False
  suffix: n009_cat
  search_output_file: True
  input_dir: /home/np274/roman_l2_job/output/detection/l3
  update_version: False
  bkg_boxsize: 1000
  kernel_fwhm: 2.0
  snr_threshold: 3.0
  npixels: 9
  deblend: False
  fit_psf: True
  forced_segmentation: ''
2026-04-24 19:15:11,427 - romancal.source_catalog.source_catalog_step - INFO - Using ePSF reference file: /home/np274/roman_l2_job/crds_cache/references/roman/wfi/roman_wfi_epsf_0239.asdf
2026-04-24 19:15:15,419 - romancal.source_catalog.psf - INFO - Performed jitter convolution.  Image kernel: (8, 8, 0) Reference kernel: (0, 0, 0)
2026-04-24 19:15:16,140 - romancal.source_catalog.source_catalog_step - INFO - Calculating and subtracting background
2026-04-24 19:15:22,398 - romancal.source_catalog.source_catalog_step - INFO - Creating detection image
2026-04-24 19:15:24,301 - romancal.source_catalog.source_catalog_step - INFO - Detecting sources
2026-04-24 19:15:28,116 - romancal.source_catalog.detection - INFO - Detected 374 sources
2026-04-24 19:15:28,121 - romancal.source_catalog.source_catalog_step - INFO - Creating ee_fractions model
2026-04-24 19:15:28,153 - romancal.source_catalog.source_catalog_step - INFO - Creating source catalog
2026-04-24 19:15:28,253 - romancal.source_catalog.source_catalog - INFO - Calculating segment properties
2026-04-24 19:15:30,250 - romancal.source_catalog.source_catalog - INFO - Calculating aperture photometry
2026-04-24 19:15:30,886 - romancal.source_catalog.source_catalog - INFO - Calculating DAOFind properties
2026-04-24 19:15:31,439 - romancal.source_catalog.source_catalog - INFO - Calculating nearest neighbor properties
2026-04-24 19:15:31,440 - romancal.source_catalog.source_catalog - INFO - Calculating PSF photometry
2026-04-24 19:15:38,898 - py.warnings - WARNING - /home/np274/roman_l2_job/.pixi/envs/default/lib/python3.12/site-packages/photutils/psf/_components.py:1564: AstropyUserWarning: One or more fit(s) may not have converged. Please check the "flags" column in the output table.
  warnings.warn('One or more fit(s) may not have converged. Please '

2026-04-24 19:15:40,315 - stpipe.step - INFO - Saved model in /home/np274/roman_l2_job/output/detection/phase5c/catalogs_2/sky_2_d_full_063m53x50y41_f158_segm.asdf
2026-04-24 19:15:41,108 - romancal.stpipe.core - ERROR - Model[<roman_datamodels.datamodels._datamodels.MosaicSourceCatalogModel object at 0x71b70b0ae8e0>] is missing meta.ref_file. [('epsf', 'crds://roman_wfi_epsf_0239.asdf'), ('apcorr', 'crds://roman_wfi_apcorr_0011.asdf')] will not be recorded
2026-04-24 19:15:42,103 - stpipe.step - INFO - Saved model in /home/np274/roman_l2_job/output/detection/phase5c/catalogs_2/sky_2_d_full_063m53x50y41_f158_n009_cat.parquet
2026-04-24 19:15:42,103 - stpipe.step - INFO - Step SourceCatalogStep done
