# pixi run --manifest-path /home/np274/roman_l2_job/pixi.toml strun romancal.source_catalog.SourceCatalogStep /home/np274/roman_l2_job/output/detection/l3/sky_2_d_full_063m53x50y41_f158_coadd.asdf --output_dir /home/np274/roman_l2_job/output/detection/phase5c/catalogs_2 --suffix=n025_cat --kernel_fwhm=2.0 --snr_threshold=3.0 --npixels=25 --deblend=False --save_results=true
2026-04-24 19:16:19,936 - CRDS - ERROR -  Error determining best reference for 'pars-sourcecatalogstep'  =   Unknown reference type 'pars-sourcecatalogstep'
2026-04-24 19:16:19,937 - stpipe.step - INFO - SourceCatalogStep instance created.
2026-04-24 19:16:20,017 - stpipe.step - INFO - Step SourceCatalogStep running with args ('/home/np274/roman_l2_job/output/detection/l3/sky_2_d_full_063m53x50y41_f158_coadd.asdf',).
2026-04-24 19:16:20,019 - stpipe.step - INFO - Step SourceCatalogStep parameters are:
  pre_hooks: []
  post_hooks: []
  output_file: None
  output_dir: /home/np274/roman_l2_job/output/detection/phase5c/catalogs_2
  output_ext: .asdf
  output_use_model: False
  output_use_index: True
  save_results: True
  skip: False
  suffix: n025_cat
  search_output_file: True
  input_dir: /home/np274/roman_l2_job/output/detection/l3
  update_version: False
  bkg_boxsize: 1000
  kernel_fwhm: 2.0
  snr_threshold: 3.0
  npixels: 25
  deblend: False
  fit_psf: True
  forced_segmentation: ''
2026-04-24 19:16:20,176 - romancal.source_catalog.source_catalog_step - INFO - Using ePSF reference file: /home/np274/roman_l2_job/crds_cache/references/roman/wfi/roman_wfi_epsf_0239.asdf
2026-04-24 19:16:24,169 - romancal.source_catalog.psf - INFO - Performed jitter convolution.  Image kernel: (8, 8, 0) Reference kernel: (0, 0, 0)
2026-04-24 19:16:24,910 - romancal.source_catalog.source_catalog_step - INFO - Calculating and subtracting background
2026-04-24 19:16:31,221 - romancal.source_catalog.source_catalog_step - INFO - Creating detection image
2026-04-24 19:16:33,143 - romancal.source_catalog.source_catalog_step - INFO - Detecting sources
2026-04-24 19:16:36,963 - romancal.source_catalog.detection - INFO - Detected 269 sources
2026-04-24 19:16:36,969 - romancal.source_catalog.source_catalog_step - INFO - Creating ee_fractions model
2026-04-24 19:16:37,001 - romancal.source_catalog.source_catalog_step - INFO - Creating source catalog
2026-04-24 19:16:37,096 - romancal.source_catalog.source_catalog - INFO - Calculating segment properties
2026-04-24 19:16:38,546 - romancal.source_catalog.source_catalog - INFO - Calculating aperture photometry
2026-04-24 19:16:38,996 - romancal.source_catalog.source_catalog - INFO - Calculating DAOFind properties
2026-04-24 19:16:39,546 - romancal.source_catalog.source_catalog - INFO - Calculating nearest neighbor properties
2026-04-24 19:16:39,547 - romancal.source_catalog.source_catalog - INFO - Calculating PSF photometry
2026-04-24 19:16:44,970 - py.warnings - WARNING - /home/np274/roman_l2_job/.pixi/envs/default/lib/python3.12/site-packages/photutils/psf/_components.py:1564: AstropyUserWarning: One or more fit(s) may not have converged. Please check the "flags" column in the output table.
  warnings.warn('One or more fit(s) may not have converged. Please '

2026-04-24 19:16:46,459 - stpipe.step - INFO - Saved model in /home/np274/roman_l2_job/output/detection/phase5c/catalogs_2/sky_2_d_full_063m53x50y41_f158_segm.asdf
2026-04-24 19:16:47,233 - romancal.stpipe.core - ERROR - Model[<roman_datamodels.datamodels._datamodels.MosaicSourceCatalogModel object at 0x7f0e608b85e0>] is missing meta.ref_file. [('epsf', 'crds://roman_wfi_epsf_0239.asdf'), ('apcorr', 'crds://roman_wfi_apcorr_0011.asdf')] will not be recorded
2026-04-24 19:16:48,220 - stpipe.step - INFO - Saved model in /home/np274/roman_l2_job/output/detection/phase5c/catalogs_2/sky_2_d_full_063m53x50y41_f158_n025_cat.parquet
2026-04-24 19:16:48,221 - stpipe.step - INFO - Step SourceCatalogStep done
