# pixi run --manifest-path /home/np274/roman_l2_job/pixi.toml strun romancal.source_catalog.SourceCatalogStep /home/np274/roman_l2_job/output/detection/l3/pair_8_d_full_329m31x72y34_f158_coadd.asdf --output_dir /home/np274/roman_l2_job/output/detection/phase5c/catalogs_8 --suffix=n016_cat --kernel_fwhm=2.0 --snr_threshold=3.0 --npixels=16 --deblend=False --save_results=true
2026-04-24 04:46:30,059 - CRDS - ERROR -  Error determining best reference for 'pars-sourcecatalogstep'  =   Unknown reference type 'pars-sourcecatalogstep'
2026-04-24 04:46:30,060 - stpipe.step - INFO - SourceCatalogStep instance created.
2026-04-24 04:46:30,137 - stpipe.step - INFO - Step SourceCatalogStep running with args ('/home/np274/roman_l2_job/output/detection/l3/pair_8_d_full_329m31x72y34_f158_coadd.asdf',).
2026-04-24 04:46:30,139 - stpipe.step - INFO - Step SourceCatalogStep parameters are:
  pre_hooks: []
  post_hooks: []
  output_file: None
  output_dir: /home/np274/roman_l2_job/output/detection/phase5c/catalogs_8
  output_ext: .asdf
  output_use_model: False
  output_use_index: True
  save_results: True
  skip: False
  suffix: n016_cat
  search_output_file: True
  input_dir: /home/np274/roman_l2_job/output/detection/l3
  update_version: False
  bkg_boxsize: 1000
  kernel_fwhm: 2.0
  snr_threshold: 3.0
  npixels: 16
  deblend: False
  fit_psf: True
  forced_segmentation: ''
2026-04-24 04:46:30,314 - romancal.source_catalog.source_catalog_step - INFO - Using ePSF reference file: /home/np274/roman_l2_job/crds_cache/references/roman/wfi/roman_wfi_epsf_0239.asdf
2026-04-24 04:46:34,239 - romancal.source_catalog.psf - INFO - Performed jitter convolution.  Image kernel: (8, 8, 0) Reference kernel: (0, 0, 0)
2026-04-24 04:46:34,953 - romancal.source_catalog.source_catalog_step - INFO - Calculating and subtracting background
2026-04-24 04:46:41,175 - romancal.source_catalog.source_catalog_step - INFO - Creating detection image
2026-04-24 04:46:43,082 - romancal.source_catalog.source_catalog_step - INFO - Detecting sources
2026-04-24 04:46:46,911 - romancal.source_catalog.detection - INFO - Detected 308 sources
2026-04-24 04:46:46,917 - romancal.source_catalog.source_catalog_step - INFO - Creating ee_fractions model
2026-04-24 04:46:46,949 - romancal.source_catalog.source_catalog_step - INFO - Creating source catalog
2026-04-24 04:46:47,043 - romancal.source_catalog.source_catalog - INFO - Calculating segment properties
2026-04-24 04:46:48,646 - romancal.source_catalog.source_catalog - INFO - Calculating aperture photometry
2026-04-24 04:46:49,135 - romancal.source_catalog.source_catalog - INFO - Calculating DAOFind properties
2026-04-24 04:46:49,686 - romancal.source_catalog.source_catalog - INFO - Calculating nearest neighbor properties
2026-04-24 04:46:49,687 - romancal.source_catalog.source_catalog - INFO - Calculating PSF photometry
2026-04-24 04:46:57,447 - stpipe.step - INFO - Saved model in /home/np274/roman_l2_job/output/detection/phase5c/catalogs_8/pair_8_d_full_329m31x72y34_f158_segm.asdf
2026-04-24 04:46:58,206 - romancal.stpipe.core - ERROR - Model[<roman_datamodels.datamodels._datamodels.MosaicSourceCatalogModel object at 0x76770b923830>] is missing meta.ref_file. [('epsf', 'crds://roman_wfi_epsf_0239.asdf'), ('apcorr', 'crds://roman_wfi_apcorr_0011.asdf')] will not be recorded
2026-04-24 04:46:59,178 - stpipe.step - INFO - Saved model in /home/np274/roman_l2_job/output/detection/phase5c/catalogs_8/pair_8_d_full_329m31x72y34_f158_n016_cat.parquet
2026-04-24 04:46:59,179 - stpipe.step - INFO - Step SourceCatalogStep done
