# pixi run --manifest-path /home/np274/roman_l2_job/pixi.toml strun romancal.source_catalog.SourceCatalogStep /home/np274/roman_l2_job/output/detection/l3/sky_9_d_full_339m15x60y34_f158_coadd.asdf --output_dir /home/np274/roman_l2_job/output/detection/phase5b/catalogs_9 --suffix=k030_cat --kernel_fwhm=3.0 --snr_threshold=3.0 --npixels=25 --deblend=False --save_results=true
2026-04-24 19:42:59,014 - CRDS - ERROR -  Error determining best reference for 'pars-sourcecatalogstep'  =   Unknown reference type 'pars-sourcecatalogstep'
2026-04-24 19:42:59,015 - stpipe.step - INFO - SourceCatalogStep instance created.
2026-04-24 19:42:59,095 - stpipe.step - INFO - Step SourceCatalogStep running with args ('/home/np274/roman_l2_job/output/detection/l3/sky_9_d_full_339m15x60y34_f158_coadd.asdf',).
2026-04-24 19:42:59,096 - stpipe.step - INFO - Step SourceCatalogStep parameters are:
  pre_hooks: []
  post_hooks: []
  output_file: None
  output_dir: /home/np274/roman_l2_job/output/detection/phase5b/catalogs_9
  output_ext: .asdf
  output_use_model: False
  output_use_index: True
  save_results: True
  skip: False
  suffix: k030_cat
  search_output_file: True
  input_dir: /home/np274/roman_l2_job/output/detection/l3
  update_version: False
  bkg_boxsize: 1000
  kernel_fwhm: 3.0
  snr_threshold: 3.0
  npixels: 25
  deblend: False
  fit_psf: True
  forced_segmentation: ''
2026-04-24 19:42:59,268 - romancal.source_catalog.source_catalog_step - INFO - Using ePSF reference file: /home/np274/roman_l2_job/crds_cache/references/roman/wfi/roman_wfi_epsf_0239.asdf
2026-04-24 19:43:03,150 - romancal.source_catalog.psf - INFO - Performed jitter convolution.  Image kernel: (8, 8, 0) Reference kernel: (0, 0, 0)
2026-04-24 19:43:03,855 - romancal.source_catalog.source_catalog_step - INFO - Calculating and subtracting background
2026-04-24 19:43:10,105 - romancal.source_catalog.source_catalog_step - INFO - Creating detection image
2026-04-24 19:43:13,013 - romancal.source_catalog.source_catalog_step - INFO - Detecting sources
2026-04-24 19:43:16,940 - romancal.source_catalog.detection - INFO - Detected 256 sources
2026-04-24 19:43:16,945 - romancal.source_catalog.source_catalog_step - INFO - Creating ee_fractions model
2026-04-24 19:43:16,977 - romancal.source_catalog.source_catalog_step - INFO - Creating source catalog
2026-04-24 19:43:17,074 - romancal.source_catalog.source_catalog - INFO - Calculating segment properties
2026-04-24 19:43:18,467 - romancal.source_catalog.source_catalog - INFO - Calculating aperture photometry
2026-04-24 19:43:18,898 - romancal.source_catalog.source_catalog - INFO - Calculating DAOFind properties
2026-04-24 19:43:19,448 - romancal.source_catalog.source_catalog - INFO - Calculating nearest neighbor properties
2026-04-24 19:43:19,448 - romancal.source_catalog.source_catalog - INFO - Calculating PSF photometry
2026-04-24 19:43:24,458 - py.warnings - WARNING - /home/np274/roman_l2_job/.pixi/envs/default/lib/python3.12/site-packages/photutils/psf/_components.py:1564: AstropyUserWarning: One or more fit(s) may not have converged. Please check the "flags" column in the output table.
  warnings.warn('One or more fit(s) may not have converged. Please '

2026-04-24 19:43:26,159 - stpipe.step - INFO - Saved model in /home/np274/roman_l2_job/output/detection/phase5b/catalogs_9/sky_9_d_full_339m15x60y34_f158_segm.asdf
2026-04-24 19:43:26,927 - romancal.stpipe.core - ERROR - Model[<roman_datamodels.datamodels._datamodels.MosaicSourceCatalogModel object at 0x73d36c6347c0>] is missing meta.ref_file. [('epsf', 'crds://roman_wfi_epsf_0239.asdf'), ('apcorr', 'crds://roman_wfi_apcorr_0011.asdf')] will not be recorded
2026-04-24 19:43:27,899 - stpipe.step - INFO - Saved model in /home/np274/roman_l2_job/output/detection/phase5b/catalogs_9/sky_9_d_full_339m15x60y34_f158_k030_cat.parquet
2026-04-24 19:43:27,900 - stpipe.step - INFO - Step SourceCatalogStep done
