# pixi run --manifest-path /home/np274/roman_l2_job/pixi.toml strun romancal.source_catalog.SourceCatalogStep /home/np274/roman_l2_job/output/detection/l3/sky_9_d_full_339m15x60y34_f158_coadd.asdf --output_dir /home/np274/roman_l2_job/output/detection/phase5b/catalogs_9 --suffix=k050_cat --kernel_fwhm=5.0 --snr_threshold=3.0 --npixels=25 --deblend=False --save_results=true
2026-04-24 19:43:31,875 - CRDS - ERROR -  Error determining best reference for 'pars-sourcecatalogstep'  =   Unknown reference type 'pars-sourcecatalogstep'
2026-04-24 19:43:31,877 - stpipe.step - INFO - SourceCatalogStep instance created.
2026-04-24 19:43:31,954 - stpipe.step - INFO - Step SourceCatalogStep running with args ('/home/np274/roman_l2_job/output/detection/l3/sky_9_d_full_339m15x60y34_f158_coadd.asdf',).
2026-04-24 19:43:31,956 - stpipe.step - INFO - Step SourceCatalogStep parameters are:
  pre_hooks: []
  post_hooks: []
  output_file: None
  output_dir: /home/np274/roman_l2_job/output/detection/phase5b/catalogs_9
  output_ext: .asdf
  output_use_model: False
  output_use_index: True
  save_results: True
  skip: False
  suffix: k050_cat
  search_output_file: True
  input_dir: /home/np274/roman_l2_job/output/detection/l3
  update_version: False
  bkg_boxsize: 1000
  kernel_fwhm: 5.0
  snr_threshold: 3.0
  npixels: 25
  deblend: False
  fit_psf: True
  forced_segmentation: ''
2026-04-24 19:43:32,127 - romancal.source_catalog.source_catalog_step - INFO - Using ePSF reference file: /home/np274/roman_l2_job/crds_cache/references/roman/wfi/roman_wfi_epsf_0239.asdf
2026-04-24 19:43:36,090 - romancal.source_catalog.psf - INFO - Performed jitter convolution.  Image kernel: (8, 8, 0) Reference kernel: (0, 0, 0)
2026-04-24 19:43:36,794 - romancal.source_catalog.source_catalog_step - INFO - Calculating and subtracting background
2026-04-24 19:43:43,076 - romancal.source_catalog.source_catalog_step - INFO - Creating detection image
2026-04-24 19:43:50,794 - romancal.source_catalog.source_catalog_step - INFO - Detecting sources
2026-04-24 19:43:54,609 - romancal.source_catalog.detection - INFO - Detected 239 sources
2026-04-24 19:43:54,614 - romancal.source_catalog.source_catalog_step - INFO - Creating ee_fractions model
2026-04-24 19:43:54,647 - romancal.source_catalog.source_catalog_step - INFO - Creating source catalog
2026-04-24 19:43:54,745 - romancal.source_catalog.source_catalog - INFO - Calculating segment properties
2026-04-24 19:43:56,047 - romancal.source_catalog.source_catalog - INFO - Calculating aperture photometry
2026-04-24 19:43:56,424 - romancal.source_catalog.source_catalog - INFO - Calculating DAOFind properties
2026-04-24 19:43:57,556 - romancal.source_catalog.source_catalog - INFO - Calculating nearest neighbor properties
2026-04-24 19:43:57,557 - romancal.source_catalog.source_catalog - INFO - Calculating PSF photometry
2026-04-24 19:44:03,803 - stpipe.step - INFO - Saved model in /home/np274/roman_l2_job/output/detection/phase5b/catalogs_9/sky_9_d_full_339m15x60y34_f158_segm.asdf
2026-04-24 19:44:04,570 - romancal.stpipe.core - ERROR - Model[<roman_datamodels.datamodels._datamodels.MosaicSourceCatalogModel object at 0x776ef3bfd990>] is missing meta.ref_file. [('epsf', 'crds://roman_wfi_epsf_0239.asdf'), ('apcorr', 'crds://roman_wfi_apcorr_0011.asdf')] will not be recorded
2026-04-24 19:44:05,559 - stpipe.step - INFO - Saved model in /home/np274/roman_l2_job/output/detection/phase5b/catalogs_9/sky_9_d_full_339m15x60y34_f158_k050_cat.parquet
2026-04-24 19:44:05,560 - stpipe.step - INFO - Step SourceCatalogStep done
