# pixi run --manifest-path /home/np274/roman_l2_job/pixi.toml strun romancal.source_catalog.SourceCatalogStep /home/np274/roman_l2_job/output/detection/l3/pair_7_d_full_007m21x69y69_f158_coadd.asdf --output_dir /home/np274/roman_l2_job/output/detection/phase5b/catalogs_7 --suffix=k030_cat --kernel_fwhm=3.0 --snr_threshold=3.0 --npixels=25 --deblend=False --save_results=true
2026-04-24 04:39:47,297 - CRDS - ERROR -  Error determining best reference for 'pars-sourcecatalogstep'  =   Unknown reference type 'pars-sourcecatalogstep'
2026-04-24 04:39:47,298 - stpipe.step - INFO - SourceCatalogStep instance created.
2026-04-24 04:39:47,374 - stpipe.step - INFO - Step SourceCatalogStep running with args ('/home/np274/roman_l2_job/output/detection/l3/pair_7_d_full_007m21x69y69_f158_coadd.asdf',).
2026-04-24 04:39:47,376 - stpipe.step - INFO - Step SourceCatalogStep parameters are:
  pre_hooks: []
  post_hooks: []
  output_file: None
  output_dir: /home/np274/roman_l2_job/output/detection/phase5b/catalogs_7
  output_ext: .asdf
  output_use_model: False
  output_use_index: True
  save_results: True
  skip: False
  suffix: k030_cat
  search_output_file: True
  input_dir: /home/np274/roman_l2_job/output/detection/l3
  update_version: False
  bkg_boxsize: 1000
  kernel_fwhm: 3.0
  snr_threshold: 3.0
  npixels: 25
  deblend: False
  fit_psf: True
  forced_segmentation: ''
2026-04-24 04:39:47,546 - romancal.source_catalog.source_catalog_step - INFO - Using ePSF reference file: /home/np274/roman_l2_job/crds_cache/references/roman/wfi/roman_wfi_epsf_0239.asdf
2026-04-24 04:39:51,508 - romancal.source_catalog.psf - INFO - Performed jitter convolution.  Image kernel: (8, 8, 0) Reference kernel: (0, 0, 0)
2026-04-24 04:39:52,217 - romancal.source_catalog.source_catalog_step - INFO - Calculating and subtracting background
2026-04-24 04:39:58,560 - romancal.source_catalog.source_catalog_step - INFO - Creating detection image
2026-04-24 04:40:01,471 - romancal.source_catalog.source_catalog_step - INFO - Detecting sources
2026-04-24 04:40:05,279 - romancal.source_catalog.detection - INFO - Detected 263 sources
2026-04-24 04:40:05,284 - romancal.source_catalog.source_catalog_step - INFO - Creating ee_fractions model
2026-04-24 04:40:05,316 - romancal.source_catalog.source_catalog_step - INFO - Creating source catalog
2026-04-24 04:40:05,411 - romancal.source_catalog.source_catalog - INFO - Calculating segment properties
2026-04-24 04:40:06,780 - romancal.source_catalog.source_catalog - INFO - Calculating aperture photometry
2026-04-24 04:40:07,192 - romancal.source_catalog.source_catalog - INFO - Calculating DAOFind properties
2026-04-24 04:40:07,741 - romancal.source_catalog.source_catalog - INFO - Calculating nearest neighbor properties
2026-04-24 04:40:07,742 - romancal.source_catalog.source_catalog - INFO - Calculating PSF photometry
2026-04-24 04:40:14,544 - stpipe.step - INFO - Saved model in /home/np274/roman_l2_job/output/detection/phase5b/catalogs_7/pair_7_d_full_007m21x69y69_f158_segm.asdf
2026-04-24 04:40:15,293 - romancal.stpipe.core - ERROR - Model[<roman_datamodels.datamodels._datamodels.MosaicSourceCatalogModel object at 0x784acf949800>] is missing meta.ref_file. [('epsf', 'crds://roman_wfi_epsf_0239.asdf'), ('apcorr', 'crds://roman_wfi_apcorr_0011.asdf')] will not be recorded
2026-04-24 04:40:16,228 - stpipe.step - INFO - Saved model in /home/np274/roman_l2_job/output/detection/phase5b/catalogs_7/pair_7_d_full_007m21x69y69_f158_k030_cat.parquet
2026-04-24 04:40:16,229 - stpipe.step - INFO - Step SourceCatalogStep done
