# pixi run --manifest-path /home/np274/roman_l2_job/pixi.toml strun romancal.source_catalog.SourceCatalogStep /home/np274/roman_l2_job/output/detection/l3/pair_7_d_full_007m21x69y69_f158_coadd.asdf --output_dir /home/np274/roman_l2_job/output/detection/phase5b/catalogs_7 --suffix=k070_cat --kernel_fwhm=7.0 --snr_threshold=3.0 --npixels=25 --deblend=False --save_results=true
2026-04-24 04:40:57,945 - CRDS - ERROR -  Error determining best reference for 'pars-sourcecatalogstep'  =   Unknown reference type 'pars-sourcecatalogstep'
2026-04-24 04:40:57,946 - stpipe.step - INFO - SourceCatalogStep instance created.
2026-04-24 04:40:58,019 - stpipe.step - INFO - Step SourceCatalogStep running with args ('/home/np274/roman_l2_job/output/detection/l3/pair_7_d_full_007m21x69y69_f158_coadd.asdf',).
2026-04-24 04:40:58,021 - stpipe.step - INFO - Step SourceCatalogStep parameters are:
  pre_hooks: []
  post_hooks: []
  output_file: None
  output_dir: /home/np274/roman_l2_job/output/detection/phase5b/catalogs_7
  output_ext: .asdf
  output_use_model: False
  output_use_index: True
  save_results: True
  skip: False
  suffix: k070_cat
  search_output_file: True
  input_dir: /home/np274/roman_l2_job/output/detection/l3
  update_version: False
  bkg_boxsize: 1000
  kernel_fwhm: 7.0
  snr_threshold: 3.0
  npixels: 25
  deblend: False
  fit_psf: True
  forced_segmentation: ''
2026-04-24 04:40:58,191 - romancal.source_catalog.source_catalog_step - INFO - Using ePSF reference file: /home/np274/roman_l2_job/crds_cache/references/roman/wfi/roman_wfi_epsf_0239.asdf
2026-04-24 04:41:02,100 - romancal.source_catalog.psf - INFO - Performed jitter convolution.  Image kernel: (8, 8, 0) Reference kernel: (0, 0, 0)
2026-04-24 04:41:02,814 - romancal.source_catalog.source_catalog_step - INFO - Calculating and subtracting background
2026-04-24 04:41:09,142 - romancal.source_catalog.source_catalog_step - INFO - Creating detection image
2026-04-24 04:41:23,908 - romancal.source_catalog.source_catalog_step - INFO - Detecting sources
2026-04-24 04:41:27,719 - romancal.source_catalog.detection - INFO - Detected 223 sources
2026-04-24 04:41:27,725 - romancal.source_catalog.source_catalog_step - INFO - Creating ee_fractions model
2026-04-24 04:41:27,757 - romancal.source_catalog.source_catalog_step - INFO - Creating source catalog
2026-04-24 04:41:27,855 - romancal.source_catalog.source_catalog - INFO - Calculating segment properties
2026-04-24 04:41:29,065 - romancal.source_catalog.source_catalog - INFO - Calculating aperture photometry
2026-04-24 04:41:29,427 - romancal.source_catalog.source_catalog - INFO - Calculating DAOFind properties
2026-04-24 04:41:31,199 - romancal.source_catalog.source_catalog - INFO - Calculating nearest neighbor properties
2026-04-24 04:41:31,200 - romancal.source_catalog.source_catalog - INFO - Calculating PSF photometry
2026-04-24 04:41:36,963 - stpipe.step - INFO - Saved model in /home/np274/roman_l2_job/output/detection/phase5b/catalogs_7/pair_7_d_full_007m21x69y69_f158_segm.asdf
2026-04-24 04:41:37,725 - romancal.stpipe.core - ERROR - Model[<roman_datamodels.datamodels._datamodels.MosaicSourceCatalogModel object at 0x71d705353150>] is missing meta.ref_file. [('epsf', 'crds://roman_wfi_epsf_0239.asdf'), ('apcorr', 'crds://roman_wfi_apcorr_0011.asdf')] will not be recorded
2026-04-24 04:41:38,702 - stpipe.step - INFO - Saved model in /home/np274/roman_l2_job/output/detection/phase5b/catalogs_7/pair_7_d_full_007m21x69y69_f158_k070_cat.parquet
2026-04-24 04:41:38,702 - stpipe.step - INFO - Step SourceCatalogStep done
