# pixi run --manifest-path /home/np274/roman_l2_job/pixi.toml strun romancal.source_catalog.SourceCatalogStep /home/np274/roman_l2_job/output/detection/l3/sky_1_d_full_066m27x58y55_f158_coadd.asdf --output_dir /home/np274/roman_l2_job/output/detection/phase5c/catalogs_1 --suffix=n009_cat --kernel_fwhm=2.0 --snr_threshold=3.0 --npixels=9 --deblend=False --save_results=true
2026-04-24 19:10:51,324 - CRDS - ERROR -  Error determining best reference for 'pars-sourcecatalogstep'  =   Unknown reference type 'pars-sourcecatalogstep'
2026-04-24 19:10:51,325 - stpipe.step - INFO - SourceCatalogStep instance created.
2026-04-24 19:10:51,406 - stpipe.step - INFO - Step SourceCatalogStep running with args ('/home/np274/roman_l2_job/output/detection/l3/sky_1_d_full_066m27x58y55_f158_coadd.asdf',).
2026-04-24 19:10:51,408 - stpipe.step - INFO - Step SourceCatalogStep parameters are:
  pre_hooks: []
  post_hooks: []
  output_file: None
  output_dir: /home/np274/roman_l2_job/output/detection/phase5c/catalogs_1
  output_ext: .asdf
  output_use_model: False
  output_use_index: True
  save_results: True
  skip: False
  suffix: n009_cat
  search_output_file: True
  input_dir: /home/np274/roman_l2_job/output/detection/l3
  update_version: False
  bkg_boxsize: 1000
  kernel_fwhm: 2.0
  snr_threshold: 3.0
  npixels: 9
  deblend: False
  fit_psf: True
  forced_segmentation: ''
2026-04-24 19:10:51,588 - romancal.source_catalog.source_catalog_step - INFO - Using ePSF reference file: /home/np274/roman_l2_job/crds_cache/references/roman/wfi/roman_wfi_epsf_0239.asdf
2026-04-24 19:10:55,570 - romancal.source_catalog.psf - INFO - Performed jitter convolution.  Image kernel: (8, 8, 0) Reference kernel: (0, 0, 0)
2026-04-24 19:10:56,288 - romancal.source_catalog.source_catalog_step - INFO - Calculating and subtracting background
2026-04-24 19:11:02,629 - romancal.source_catalog.source_catalog_step - INFO - Creating detection image
2026-04-24 19:11:04,539 - romancal.source_catalog.source_catalog_step - INFO - Detecting sources
2026-04-24 19:11:08,352 - romancal.source_catalog.detection - INFO - Detected 359 sources
2026-04-24 19:11:08,358 - romancal.source_catalog.source_catalog_step - INFO - Creating ee_fractions model
2026-04-24 19:11:08,391 - romancal.source_catalog.source_catalog_step - INFO - Creating source catalog
2026-04-24 19:11:08,487 - romancal.source_catalog.source_catalog - INFO - Calculating segment properties
2026-04-24 19:11:10,384 - romancal.source_catalog.source_catalog - INFO - Calculating aperture photometry
2026-04-24 19:11:10,967 - romancal.source_catalog.source_catalog - INFO - Calculating DAOFind properties
2026-04-24 19:11:11,519 - romancal.source_catalog.source_catalog - INFO - Calculating nearest neighbor properties
2026-04-24 19:11:11,520 - romancal.source_catalog.source_catalog - INFO - Calculating PSF photometry
2026-04-24 19:11:20,010 - stpipe.step - INFO - Saved model in /home/np274/roman_l2_job/output/detection/phase5c/catalogs_1/sky_1_d_full_066m27x58y55_f158_segm.asdf
2026-04-24 19:11:20,794 - romancal.stpipe.core - ERROR - Model[<roman_datamodels.datamodels._datamodels.MosaicSourceCatalogModel object at 0x7465453c5c10>] is missing meta.ref_file. [('epsf', 'crds://roman_wfi_epsf_0239.asdf'), ('apcorr', 'crds://roman_wfi_apcorr_0011.asdf')] will not be recorded
2026-04-24 19:11:21,800 - stpipe.step - INFO - Saved model in /home/np274/roman_l2_job/output/detection/phase5c/catalogs_1/sky_1_d_full_066m27x58y55_f158_n009_cat.parquet
2026-04-24 19:11:21,801 - stpipe.step - INFO - Step SourceCatalogStep done
