# pixi run --manifest-path /home/np274/roman_l2_job/pixi.toml strun romancal.source_catalog.SourceCatalogStep /home/np274/roman_l2_job/output/detection/l3/pair_1_d_full_066m27x60y41_f158_coadd.asdf --output_dir /home/np274/roman_l2_job/output/detection/phase5c/catalogs_1 --suffix=n025_cat --kernel_fwhm=2.0 --snr_threshold=3.0 --npixels=25 --deblend=False --save_results=true
2026-04-24 04:19:26,131 - CRDS - ERROR -  Error determining best reference for 'pars-sourcecatalogstep'  =   Unknown reference type 'pars-sourcecatalogstep'
2026-04-24 04:19:26,132 - stpipe.step - INFO - SourceCatalogStep instance created.
2026-04-24 04:19:26,207 - stpipe.step - INFO - Step SourceCatalogStep running with args ('/home/np274/roman_l2_job/output/detection/l3/pair_1_d_full_066m27x60y41_f158_coadd.asdf',).
2026-04-24 04:19:26,209 - stpipe.step - INFO - Step SourceCatalogStep parameters are:
  pre_hooks: []
  post_hooks: []
  output_file: None
  output_dir: /home/np274/roman_l2_job/output/detection/phase5c/catalogs_1
  output_ext: .asdf
  output_use_model: False
  output_use_index: True
  save_results: True
  skip: False
  suffix: n025_cat
  search_output_file: True
  input_dir: /home/np274/roman_l2_job/output/detection/l3
  update_version: False
  bkg_boxsize: 1000
  kernel_fwhm: 2.0
  snr_threshold: 3.0
  npixels: 25
  deblend: False
  fit_psf: True
  forced_segmentation: ''
2026-04-24 04:19:26,354 - romancal.source_catalog.source_catalog_step - INFO - Using ePSF reference file: /home/np274/roman_l2_job/crds_cache/references/roman/wfi/roman_wfi_epsf_0239.asdf
2026-04-24 04:19:30,295 - romancal.source_catalog.psf - INFO - Performed jitter convolution.  Image kernel: (8, 8, 0) Reference kernel: (0, 0, 0)
2026-04-24 04:19:30,873 - romancal.source_catalog.source_catalog_step - INFO - Calculating and subtracting background
2026-04-24 04:19:35,613 - romancal.source_catalog.source_catalog_step - INFO - Creating detection image
2026-04-24 04:19:37,327 - romancal.source_catalog.source_catalog_step - INFO - Detecting sources
2026-04-24 04:19:41,156 - romancal.source_catalog.detection - INFO - Detected 50 sources
2026-04-24 04:19:41,161 - romancal.source_catalog.source_catalog_step - INFO - Creating ee_fractions model
2026-04-24 04:19:41,193 - romancal.source_catalog.source_catalog_step - INFO - Creating source catalog
2026-04-24 04:19:41,287 - romancal.source_catalog.source_catalog - INFO - Calculating segment properties
2026-04-24 04:19:41,570 - romancal.source_catalog.source_catalog - INFO - Calculating aperture photometry
2026-04-24 04:19:41,666 - romancal.source_catalog.source_catalog - INFO - Calculating DAOFind properties
2026-04-24 04:19:42,211 - romancal.source_catalog.source_catalog - INFO - Calculating nearest neighbor properties
2026-04-24 04:19:42,212 - romancal.source_catalog.source_catalog - INFO - Calculating PSF photometry
2026-04-24 04:19:45,014 - stpipe.step - INFO - Saved model in /home/np274/roman_l2_job/output/detection/phase5c/catalogs_1/pair_1_d_full_066m27x60y41_f158_segm.asdf
2026-04-24 04:19:45,785 - romancal.stpipe.core - ERROR - Model[<roman_datamodels.datamodels._datamodels.MosaicSourceCatalogModel object at 0x7ea73c1fe430>] is missing meta.ref_file. [('epsf', 'crds://roman_wfi_epsf_0239.asdf'), ('apcorr', 'crds://roman_wfi_apcorr_0011.asdf')] will not be recorded
2026-04-24 04:19:46,772 - stpipe.step - INFO - Saved model in /home/np274/roman_l2_job/output/detection/phase5c/catalogs_1/pair_1_d_full_066m27x60y41_f158_n025_cat.parquet
2026-04-24 04:19:46,772 - stpipe.step - INFO - Step SourceCatalogStep done
