# pixi run --manifest-path /home/np274/roman_l2_job/pixi.toml strun romancal.source_catalog.SourceCatalogStep /home/np274/roman_l2_job/output/detection/l3/sky_6_d_full_003m31x40y48_f158_coadd.asdf --output_dir /home/np274/roman_l2_job/output/detection/phase5b/catalogs_6 --suffix=k050_cat --kernel_fwhm=5.0 --snr_threshold=3.0 --npixels=25 --deblend=False --save_results=true
2026-04-24 19:30:47,223 - CRDS - ERROR -  Error determining best reference for 'pars-sourcecatalogstep'  =   Unknown reference type 'pars-sourcecatalogstep'
2026-04-24 19:30:47,224 - stpipe.step - INFO - SourceCatalogStep instance created.
2026-04-24 19:30:47,307 - stpipe.step - INFO - Step SourceCatalogStep running with args ('/home/np274/roman_l2_job/output/detection/l3/sky_6_d_full_003m31x40y48_f158_coadd.asdf',).
2026-04-24 19:30:47,309 - stpipe.step - INFO - Step SourceCatalogStep parameters are:
  pre_hooks: []
  post_hooks: []
  output_file: None
  output_dir: /home/np274/roman_l2_job/output/detection/phase5b/catalogs_6
  output_ext: .asdf
  output_use_model: False
  output_use_index: True
  save_results: True
  skip: False
  suffix: k050_cat
  search_output_file: True
  input_dir: /home/np274/roman_l2_job/output/detection/l3
  update_version: False
  bkg_boxsize: 1000
  kernel_fwhm: 5.0
  snr_threshold: 3.0
  npixels: 25
  deblend: False
  fit_psf: True
  forced_segmentation: ''
2026-04-24 19:30:47,468 - romancal.source_catalog.source_catalog_step - INFO - Using ePSF reference file: /home/np274/roman_l2_job/crds_cache/references/roman/wfi/roman_wfi_epsf_0239.asdf
2026-04-24 19:30:51,414 - romancal.source_catalog.psf - INFO - Performed jitter convolution.  Image kernel: (8, 8, 0) Reference kernel: (0, 0, 0)
2026-04-24 19:30:52,171 - romancal.source_catalog.source_catalog_step - INFO - Calculating and subtracting background
2026-04-24 19:30:58,265 - romancal.source_catalog.source_catalog_step - INFO - Creating detection image
2026-04-24 19:31:05,642 - romancal.source_catalog.source_catalog_step - INFO - Detecting sources
2026-04-24 19:31:09,460 - romancal.source_catalog.detection - INFO - Detected 208 sources
2026-04-24 19:31:09,465 - romancal.source_catalog.source_catalog_step - INFO - Creating ee_fractions model
2026-04-24 19:31:09,497 - romancal.source_catalog.source_catalog_step - INFO - Creating source catalog
2026-04-24 19:31:09,601 - romancal.source_catalog.source_catalog - INFO - Calculating segment properties
2026-04-24 19:31:10,837 - romancal.source_catalog.source_catalog - INFO - Calculating aperture photometry
2026-04-24 19:31:11,203 - romancal.source_catalog.source_catalog - INFO - Calculating DAOFind properties
2026-04-24 19:31:12,345 - romancal.source_catalog.source_catalog - INFO - Calculating nearest neighbor properties
2026-04-24 19:31:12,346 - romancal.source_catalog.source_catalog - INFO - Calculating PSF photometry
2026-04-24 19:31:16,835 - py.warnings - WARNING - /home/np274/roman_l2_job/.pixi/envs/default/lib/python3.12/site-packages/photutils/psf/_components.py:1564: AstropyUserWarning: One or more fit(s) may not have converged. Please check the "flags" column in the output table.
  warnings.warn('One or more fit(s) may not have converged. Please '

2026-04-24 19:31:18,363 - stpipe.step - INFO - Saved model in /home/np274/roman_l2_job/output/detection/phase5b/catalogs_6/sky_6_d_full_003m31x40y48_f158_segm.asdf
2026-04-24 19:31:19,143 - romancal.stpipe.core - ERROR - Model[<roman_datamodels.datamodels._datamodels.MosaicSourceCatalogModel object at 0x73f6bf5878d0>] is missing meta.ref_file. [('epsf', 'crds://roman_wfi_epsf_0239.asdf'), ('apcorr', 'crds://roman_wfi_apcorr_0011.asdf')] will not be recorded
2026-04-24 19:31:20,120 - stpipe.step - INFO - Saved model in /home/np274/roman_l2_job/output/detection/phase5b/catalogs_6/sky_6_d_full_003m31x40y48_f158_k050_cat.parquet
2026-04-24 19:31:20,121 - stpipe.step - INFO - Step SourceCatalogStep done
