# pixi run --manifest-path /home/np274/roman_l2_job/pixi.toml strun romancal.source_catalog.SourceCatalogStep /home/np274/roman_l2_job/output/detection/l3/sky_4_d_full_065m50x70y32_f158_coadd.asdf --output_dir /home/np274/roman_l2_job/output/detection/phase5c/catalogs_4 --suffix=n016_cat --kernel_fwhm=2.0 --snr_threshold=3.0 --npixels=16 --deblend=False --save_results=true
2026-04-24 19:24:16,097 - CRDS - ERROR -  Error determining best reference for 'pars-sourcecatalogstep'  =   Unknown reference type 'pars-sourcecatalogstep'
2026-04-24 19:24:16,098 - stpipe.step - INFO - SourceCatalogStep instance created.
2026-04-24 19:24:16,173 - stpipe.step - INFO - Step SourceCatalogStep running with args ('/home/np274/roman_l2_job/output/detection/l3/sky_4_d_full_065m50x70y32_f158_coadd.asdf',).
2026-04-24 19:24:16,175 - stpipe.step - INFO - Step SourceCatalogStep parameters are:
  pre_hooks: []
  post_hooks: []
  output_file: None
  output_dir: /home/np274/roman_l2_job/output/detection/phase5c/catalogs_4
  output_ext: .asdf
  output_use_model: False
  output_use_index: True
  save_results: True
  skip: False
  suffix: n016_cat
  search_output_file: True
  input_dir: /home/np274/roman_l2_job/output/detection/l3
  update_version: False
  bkg_boxsize: 1000
  kernel_fwhm: 2.0
  snr_threshold: 3.0
  npixels: 16
  deblend: False
  fit_psf: True
  forced_segmentation: ''
2026-04-24 19:24:16,358 - romancal.source_catalog.source_catalog_step - INFO - Using ePSF reference file: /home/np274/roman_l2_job/crds_cache/references/roman/wfi/roman_wfi_epsf_0239.asdf
2026-04-24 19:24:20,314 - romancal.source_catalog.psf - INFO - Performed jitter convolution.  Image kernel: (8, 8, 0) Reference kernel: (0, 0, 0)
2026-04-24 19:24:21,035 - romancal.source_catalog.source_catalog_step - INFO - Calculating and subtracting background
2026-04-24 19:24:27,323 - romancal.source_catalog.source_catalog_step - INFO - Creating detection image
2026-04-24 19:24:29,239 - romancal.source_catalog.source_catalog_step - INFO - Detecting sources
2026-04-24 19:24:33,060 - romancal.source_catalog.detection - INFO - Detected 322 sources
2026-04-24 19:24:33,066 - romancal.source_catalog.source_catalog_step - INFO - Creating ee_fractions model
2026-04-24 19:24:33,099 - romancal.source_catalog.source_catalog_step - INFO - Creating source catalog
2026-04-24 19:24:33,197 - romancal.source_catalog.source_catalog - INFO - Calculating segment properties
2026-04-24 19:24:34,910 - romancal.source_catalog.source_catalog - INFO - Calculating aperture photometry
2026-04-24 19:24:35,443 - romancal.source_catalog.source_catalog - INFO - Calculating DAOFind properties
2026-04-24 19:24:35,997 - romancal.source_catalog.source_catalog - INFO - Calculating nearest neighbor properties
2026-04-24 19:24:35,997 - romancal.source_catalog.source_catalog - INFO - Calculating PSF photometry
2026-04-24 19:24:42,747 - py.warnings - WARNING - /home/np274/roman_l2_job/.pixi/envs/default/lib/python3.12/site-packages/photutils/psf/_components.py:1564: AstropyUserWarning: One or more fit(s) may not have converged. Please check the "flags" column in the output table.
  warnings.warn('One or more fit(s) may not have converged. Please '

2026-04-24 19:24:44,268 - stpipe.step - INFO - Saved model in /home/np274/roman_l2_job/output/detection/phase5c/catalogs_4/sky_4_d_full_065m50x70y32_f158_segm.asdf
2026-04-24 19:24:45,055 - romancal.stpipe.core - ERROR - Model[<roman_datamodels.datamodels._datamodels.MosaicSourceCatalogModel object at 0x70de3a4ea520>] is missing meta.ref_file. [('epsf', 'crds://roman_wfi_epsf_0239.asdf'), ('apcorr', 'crds://roman_wfi_apcorr_0011.asdf')] will not be recorded
2026-04-24 19:24:46,055 - stpipe.step - INFO - Saved model in /home/np274/roman_l2_job/output/detection/phase5c/catalogs_4/sky_4_d_full_065m50x70y32_f158_n016_cat.parquet
2026-04-24 19:24:46,056 - stpipe.step - INFO - Step SourceCatalogStep done
