# pixi run --manifest-path /home/np274/roman_l2_job/pixi.toml strun romancal.source_catalog.SourceCatalogStep /home/np274/roman_l2_job/output/detection/l3/pair_4_d_full_065m50x70y32_f158_coadd.asdf --output_dir /home/np274/roman_l2_job/output/detection/phase5c/catalogs_4 --suffix=n025_cat --kernel_fwhm=2.0 --snr_threshold=3.0 --npixels=25 --deblend=False --save_results=true
2026-04-24 04:31:23,504 - CRDS - ERROR -  Error determining best reference for 'pars-sourcecatalogstep'  =   Unknown reference type 'pars-sourcecatalogstep'
2026-04-24 04:31:23,505 - stpipe.step - INFO - SourceCatalogStep instance created.
2026-04-24 04:31:23,584 - stpipe.step - INFO - Step SourceCatalogStep running with args ('/home/np274/roman_l2_job/output/detection/l3/pair_4_d_full_065m50x70y32_f158_coadd.asdf',).
2026-04-24 04:31:23,586 - stpipe.step - INFO - Step SourceCatalogStep parameters are:
  pre_hooks: []
  post_hooks: []
  output_file: None
  output_dir: /home/np274/roman_l2_job/output/detection/phase5c/catalogs_4
  output_ext: .asdf
  output_use_model: False
  output_use_index: True
  save_results: True
  skip: False
  suffix: n025_cat
  search_output_file: True
  input_dir: /home/np274/roman_l2_job/output/detection/l3
  update_version: False
  bkg_boxsize: 1000
  kernel_fwhm: 2.0
  snr_threshold: 3.0
  npixels: 25
  deblend: False
  fit_psf: True
  forced_segmentation: ''
2026-04-24 04:31:23,771 - romancal.source_catalog.source_catalog_step - INFO - Using ePSF reference file: /home/np274/roman_l2_job/crds_cache/references/roman/wfi/roman_wfi_epsf_0239.asdf
2026-04-24 04:31:27,701 - romancal.source_catalog.psf - INFO - Performed jitter convolution.  Image kernel: (8, 8, 0) Reference kernel: (0, 0, 0)
2026-04-24 04:31:28,427 - romancal.source_catalog.source_catalog_step - INFO - Calculating and subtracting background
2026-04-24 04:31:34,661 - romancal.source_catalog.source_catalog_step - INFO - Creating detection image
2026-04-24 04:31:36,572 - romancal.source_catalog.source_catalog_step - INFO - Detecting sources
2026-04-24 04:31:40,386 - romancal.source_catalog.detection - INFO - Detected 286 sources
2026-04-24 04:31:40,391 - romancal.source_catalog.source_catalog_step - INFO - Creating ee_fractions model
2026-04-24 04:31:40,424 - romancal.source_catalog.source_catalog_step - INFO - Creating source catalog
2026-04-24 04:31:40,518 - romancal.source_catalog.source_catalog - INFO - Calculating segment properties
2026-04-24 04:31:42,089 - romancal.source_catalog.source_catalog - INFO - Calculating aperture photometry
2026-04-24 04:31:42,562 - romancal.source_catalog.source_catalog - INFO - Calculating DAOFind properties
2026-04-24 04:31:43,114 - romancal.source_catalog.source_catalog - INFO - Calculating nearest neighbor properties
2026-04-24 04:31:43,115 - romancal.source_catalog.source_catalog - INFO - Calculating PSF photometry
2026-04-24 04:31:49,135 - py.warnings - WARNING - /home/np274/roman_l2_job/.pixi/envs/default/lib/python3.12/site-packages/photutils/psf/_components.py:1564: AstropyUserWarning: One or more fit(s) may not have converged. Please check the "flags" column in the output table.
  warnings.warn('One or more fit(s) may not have converged. Please '

2026-04-24 04:31:50,728 - stpipe.step - INFO - Saved model in /home/np274/roman_l2_job/output/detection/phase5c/catalogs_4/pair_4_d_full_065m50x70y32_f158_segm.asdf
2026-04-24 04:31:51,513 - romancal.stpipe.core - ERROR - Model[<roman_datamodels.datamodels._datamodels.MosaicSourceCatalogModel object at 0x7e5ab0bbe250>] is missing meta.ref_file. [('epsf', 'crds://roman_wfi_epsf_0239.asdf'), ('apcorr', 'crds://roman_wfi_apcorr_0011.asdf')] will not be recorded
2026-04-24 04:31:52,494 - stpipe.step - INFO - Saved model in /home/np274/roman_l2_job/output/detection/phase5c/catalogs_4/pair_4_d_full_065m50x70y32_f158_n025_cat.parquet
2026-04-24 04:31:52,495 - stpipe.step - INFO - Step SourceCatalogStep done
