# pixi run --manifest-path /home/np274/roman_l2_job/pixi.toml strun romancal.source_catalog.SourceCatalogStep /home/np274/roman_l2_job/output/detection/l3/pair_11119_d_full_000m18x60y42_f158_coadd.asdf --output_dir /home/np274/roman_l2_job/output/detection/phase5b/catalogs_11119 --suffix=k030_cat --kernel_fwhm=3.0 --snr_threshold=3.0 --npixels=25 --deblend=False --save_results=true
2026-04-23 21:04:30,308 - CRDS - ERROR -  Error determining best reference for 'pars-sourcecatalogstep'  =   Unknown reference type 'pars-sourcecatalogstep'
2026-04-23 21:04:30,309 - stpipe.step - INFO - SourceCatalogStep instance created.
2026-04-23 21:04:30,391 - stpipe.step - INFO - Step SourceCatalogStep running with args ('/home/np274/roman_l2_job/output/detection/l3/pair_11119_d_full_000m18x60y42_f158_coadd.asdf',).
2026-04-23 21:04:30,393 - stpipe.step - INFO - Step SourceCatalogStep parameters are:
  pre_hooks: []
  post_hooks: []
  output_file: None
  output_dir: /home/np274/roman_l2_job/output/detection/phase5b/catalogs_11119
  output_ext: .asdf
  output_use_model: False
  output_use_index: True
  save_results: True
  skip: False
  suffix: k030_cat
  search_output_file: True
  input_dir: /home/np274/roman_l2_job/output/detection/l3
  update_version: False
  bkg_boxsize: 1000
  kernel_fwhm: 3.0
  snr_threshold: 3.0
  npixels: 25
  deblend: False
  fit_psf: True
  forced_segmentation: ''
2026-04-23 21:04:30,573 - romancal.source_catalog.source_catalog_step - INFO - Using ePSF reference file: /home/np274/roman_l2_job/crds_cache/references/roman/wfi/roman_wfi_epsf_0239.asdf
2026-04-23 21:04:34,587 - romancal.source_catalog.psf - INFO - Performed jitter convolution.  Image kernel: (8, 8, 0) Reference kernel: (0, 0, 0)
2026-04-23 21:04:35,314 - romancal.source_catalog.source_catalog_step - INFO - Calculating and subtracting background
2026-04-23 21:04:41,608 - romancal.source_catalog.source_catalog_step - INFO - Creating detection image
2026-04-23 21:04:44,559 - romancal.source_catalog.source_catalog_step - INFO - Detecting sources
2026-04-23 21:04:48,504 - romancal.source_catalog.detection - INFO - Detected 282 sources
2026-04-23 21:04:48,509 - romancal.source_catalog.source_catalog_step - INFO - Creating ee_fractions model
2026-04-23 21:04:48,542 - romancal.source_catalog.source_catalog_step - INFO - Creating source catalog
2026-04-23 21:04:48,639 - romancal.source_catalog.source_catalog - INFO - Calculating segment properties
2026-04-23 21:04:50,221 - romancal.source_catalog.source_catalog - INFO - Calculating aperture photometry
2026-04-23 21:04:50,680 - romancal.source_catalog.source_catalog - INFO - Calculating DAOFind properties
2026-04-23 21:04:51,246 - romancal.source_catalog.source_catalog - INFO - Calculating nearest neighbor properties
2026-04-23 21:04:51,247 - romancal.source_catalog.source_catalog - INFO - Calculating PSF photometry
2026-04-23 21:04:58,692 - stpipe.step - INFO - Saved model in /home/np274/roman_l2_job/output/detection/phase5b/catalogs_11119/pair_11119_d_full_000m18x60y42_f158_segm.asdf
2026-04-23 21:04:59,462 - romancal.stpipe.core - ERROR - Model[<roman_datamodels.datamodels._datamodels.MosaicSourceCatalogModel object at 0x76f568c98810>] is missing meta.ref_file. [('epsf', 'crds://roman_wfi_epsf_0239.asdf'), ('apcorr', 'crds://roman_wfi_apcorr_0011.asdf')] will not be recorded
2026-04-23 21:05:00,427 - stpipe.step - INFO - Saved model in /home/np274/roman_l2_job/output/detection/phase5b/catalogs_11119/pair_11119_d_full_000m18x60y42_f158_k030_cat.parquet
2026-04-23 21:05:00,427 - stpipe.step - INFO - Step SourceCatalogStep done
