# pixi run --manifest-path /home/np274/roman_l2_job/pixi.toml strun romancal.source_catalog.SourceCatalogStep /home/np274/roman_l2_job/output/detection/l3/sky_3_d_full_059m27x43y57_f158_coadd.asdf --output_dir /home/np274/roman_l2_job/output/detection/phase5b/catalogs_3 --suffix=k020_cat --kernel_fwhm=2.0 --snr_threshold=3.0 --npixels=25 --deblend=False --save_results=true
2026-04-24 19:16:56,116 - CRDS - ERROR -  Error determining best reference for 'pars-sourcecatalogstep'  =   Unknown reference type 'pars-sourcecatalogstep'
2026-04-24 19:16:56,117 - stpipe.step - INFO - SourceCatalogStep instance created.
2026-04-24 19:16:56,197 - stpipe.step - INFO - Step SourceCatalogStep running with args ('/home/np274/roman_l2_job/output/detection/l3/sky_3_d_full_059m27x43y57_f158_coadd.asdf',).
2026-04-24 19:16:56,199 - stpipe.step - INFO - Step SourceCatalogStep parameters are:
  pre_hooks: []
  post_hooks: []
  output_file: None
  output_dir: /home/np274/roman_l2_job/output/detection/phase5b/catalogs_3
  output_ext: .asdf
  output_use_model: False
  output_use_index: True
  save_results: True
  skip: False
  suffix: k020_cat
  search_output_file: True
  input_dir: /home/np274/roman_l2_job/output/detection/l3
  update_version: False
  bkg_boxsize: 1000
  kernel_fwhm: 2.0
  snr_threshold: 3.0
  npixels: 25
  deblend: False
  fit_psf: True
  forced_segmentation: ''
2026-04-24 19:16:56,361 - romancal.source_catalog.source_catalog_step - INFO - Using ePSF reference file: /home/np274/roman_l2_job/crds_cache/references/roman/wfi/roman_wfi_epsf_0239.asdf
2026-04-24 19:17:00,337 - romancal.source_catalog.psf - INFO - Performed jitter convolution.  Image kernel: (8, 8, 0) Reference kernel: (0, 0, 0)
2026-04-24 19:17:01,507 - romancal.source_catalog.source_catalog_step - INFO - Calculating and subtracting background
2026-04-24 19:17:07,525 - romancal.source_catalog.source_catalog_step - INFO - Creating detection image
2026-04-24 19:17:09,406 - romancal.source_catalog.source_catalog_step - INFO - Detecting sources
2026-04-24 19:17:13,243 - romancal.source_catalog.detection - INFO - Detected 232 sources
2026-04-24 19:17:13,250 - romancal.source_catalog.source_catalog_step - INFO - Creating ee_fractions model
2026-04-24 19:17:13,283 - romancal.source_catalog.source_catalog_step - INFO - Creating source catalog
2026-04-24 19:17:13,381 - romancal.source_catalog.source_catalog - INFO - Calculating segment properties
2026-04-24 19:17:14,692 - romancal.source_catalog.source_catalog - INFO - Calculating aperture photometry
2026-04-24 19:17:15,100 - romancal.source_catalog.source_catalog - INFO - Calculating DAOFind properties
2026-04-24 19:17:15,669 - romancal.source_catalog.source_catalog - INFO - Calculating nearest neighbor properties
2026-04-24 19:17:15,669 - romancal.source_catalog.source_catalog - INFO - Calculating PSF photometry
2026-04-24 19:17:22,455 - stpipe.step - INFO - Saved model in /home/np274/roman_l2_job/output/detection/phase5b/catalogs_3/sky_3_d_full_059m27x43y57_f158_segm.asdf
2026-04-24 19:17:23,215 - romancal.stpipe.core - ERROR - Model[<roman_datamodels.datamodels._datamodels.MosaicSourceCatalogModel object at 0x7cf377494770>] is missing meta.ref_file. [('epsf', 'crds://roman_wfi_epsf_0239.asdf'), ('apcorr', 'crds://roman_wfi_apcorr_0011.asdf')] will not be recorded
2026-04-24 19:17:24,204 - stpipe.step - INFO - Saved model in /home/np274/roman_l2_job/output/detection/phase5b/catalogs_3/sky_3_d_full_059m27x43y57_f158_k020_cat.parquet
2026-04-24 19:17:24,205 - stpipe.step - INFO - Step SourceCatalogStep done
