# pixi run --manifest-path /home/np274/roman_l2_job/pixi.toml strun romancal.source_catalog.SourceCatalogStep /home/np274/roman_l2_job/output/detection/l3/sky_3_d_full_059m27x43y57_f158_coadd.asdf --output_dir /home/np274/roman_l2_job/output/detection/phase5b/catalogs_3 --suffix=k070_cat --kernel_fwhm=7.0 --snr_threshold=3.0 --npixels=25 --deblend=False --save_results=true
2026-04-24 19:18:38,684 - CRDS - ERROR -  Error determining best reference for 'pars-sourcecatalogstep'  =   Unknown reference type 'pars-sourcecatalogstep'
2026-04-24 19:18:38,685 - stpipe.step - INFO - SourceCatalogStep instance created.
2026-04-24 19:18:38,769 - stpipe.step - INFO - Step SourceCatalogStep running with args ('/home/np274/roman_l2_job/output/detection/l3/sky_3_d_full_059m27x43y57_f158_coadd.asdf',).
2026-04-24 19:18:38,771 - stpipe.step - INFO - Step SourceCatalogStep parameters are:
  pre_hooks: []
  post_hooks: []
  output_file: None
  output_dir: /home/np274/roman_l2_job/output/detection/phase5b/catalogs_3
  output_ext: .asdf
  output_use_model: False
  output_use_index: True
  save_results: True
  skip: False
  suffix: k070_cat
  search_output_file: True
  input_dir: /home/np274/roman_l2_job/output/detection/l3
  update_version: False
  bkg_boxsize: 1000
  kernel_fwhm: 7.0
  snr_threshold: 3.0
  npixels: 25
  deblend: False
  fit_psf: True
  forced_segmentation: ''
2026-04-24 19:18:38,937 - romancal.source_catalog.source_catalog_step - INFO - Using ePSF reference file: /home/np274/roman_l2_job/crds_cache/references/roman/wfi/roman_wfi_epsf_0239.asdf
2026-04-24 19:18:42,939 - romancal.source_catalog.psf - INFO - Performed jitter convolution.  Image kernel: (8, 8, 0) Reference kernel: (0, 0, 0)
2026-04-24 19:18:43,631 - romancal.source_catalog.source_catalog_step - INFO - Calculating and subtracting background
2026-04-24 19:18:49,673 - romancal.source_catalog.source_catalog_step - INFO - Creating detection image
2026-04-24 19:19:04,442 - romancal.source_catalog.source_catalog_step - INFO - Detecting sources
2026-04-24 19:19:08,257 - romancal.source_catalog.detection - INFO - Detected 204 sources
2026-04-24 19:19:08,263 - romancal.source_catalog.source_catalog_step - INFO - Creating ee_fractions model
2026-04-24 19:19:08,296 - romancal.source_catalog.source_catalog_step - INFO - Creating source catalog
2026-04-24 19:19:08,394 - romancal.source_catalog.source_catalog - INFO - Calculating segment properties
2026-04-24 19:19:09,546 - romancal.source_catalog.source_catalog - INFO - Calculating aperture photometry
2026-04-24 19:19:09,891 - romancal.source_catalog.source_catalog - INFO - Calculating DAOFind properties
2026-04-24 19:19:11,661 - romancal.source_catalog.source_catalog - INFO - Calculating nearest neighbor properties
2026-04-24 19:19:11,662 - romancal.source_catalog.source_catalog - INFO - Calculating PSF photometry
2026-04-24 19:19:16,212 - py.warnings - WARNING - /home/np274/roman_l2_job/.pixi/envs/default/lib/python3.12/site-packages/photutils/psf/_components.py:1564: AstropyUserWarning: One or more fit(s) may not have converged. Please check the "flags" column in the output table.
  warnings.warn('One or more fit(s) may not have converged. Please '

2026-04-24 19:19:17,715 - stpipe.step - INFO - Saved model in /home/np274/roman_l2_job/output/detection/phase5b/catalogs_3/sky_3_d_full_059m27x43y57_f158_segm.asdf
2026-04-24 19:19:18,470 - romancal.stpipe.core - ERROR - Model[<roman_datamodels.datamodels._datamodels.MosaicSourceCatalogModel object at 0x7711243dd6c0>] is missing meta.ref_file. [('epsf', 'crds://roman_wfi_epsf_0239.asdf'), ('apcorr', 'crds://roman_wfi_apcorr_0011.asdf')] will not be recorded
2026-04-24 19:19:19,449 - stpipe.step - INFO - Saved model in /home/np274/roman_l2_job/output/detection/phase5b/catalogs_3/sky_3_d_full_059m27x43y57_f158_k070_cat.parquet
2026-04-24 19:19:19,450 - stpipe.step - INFO - Step SourceCatalogStep done
