2026-04-24 12:50:27 INFO     Starting simulation...
2026-04-24 12:50:35 WARNING  64 points with problematic saturation / inverse linearity values!
2026-04-24 12:50:39 INFO     Simulating filter F158...
2026-04-24 12:50:39 INFO     Creating PSF using stpsf
2026-04-24 12:50:41 INFO     Using pupil mask 'F062' and detector 'WFI01'.
2026-04-24 12:50:41 INFO     Using pupil mask 'F062' and detector 'WFI12'.
2026-04-24 12:50:41 INFO     Using pupil mask 'F158' and detector 'WFI12'.
2026-04-24 12:50:41 INFO     No source spectrum supplied, therefore defaulting to 5700 K blackbody
2026-04-24 12:50:41 INFO     Computing wavelength weights using synthetic photometry for F158...
2026-04-24 12:50:41 INFO     Using pupil mask 'F158' and detector 'WFI12'.
2026-04-24 12:50:41 INFO     PSF calc using fov_arcsec = 5.000000, oversample = 4, number of wavelengths = 10
2026-04-24 12:50:41 INFO     Creating optical system model:
2026-04-24 12:50:41 INFO     Initialized OpticalSystem: Roman+WFI
2026-04-24 12:50:41 INFO     Roman Entrance Pupil: Loaded amplitude transmission from /home/np274/roman_l2_job/stpsf-data/WFI/pupils/RST_WIM_Filter_F158_WFI12.fits.gz
2026-04-24 12:50:41 INFO     Roman Entrance Pupil: Loaded OPD from /home/np274/roman_l2_job/stpsf-data/upscaled_HST_OPD.fits
2026-04-24 12:50:41 INFO     Added pupil plane: Roman Entrance Pupil
2026-04-24 12:50:41 INFO     Added coordinate inversion plane: OTE exit pupil
2026-04-24 12:50:41 INFO     Added pupil plane: Field Dependent Aberration (WFI12)
2026-04-24 12:50:41 INFO     Added detector with pixelscale=0.1078577405 and oversampling=4: WFI detector
2026-04-24 12:50:41 INFO     Calculating PSF with 10 wavelengths
2026-04-24 12:50:41 INFO      Propagating wavelength = 1.4003e-06 m
2026-04-24 12:50:54 INFO      Propagating wavelength = 1.4409e-06 m
2026-04-24 12:50:56 INFO      Propagating wavelength = 1.4815e-06 m
2026-04-24 12:50:57 INFO      Propagating wavelength = 1.5221e-06 m
2026-04-24 12:50:59 INFO      Propagating wavelength = 1.5627e-06 m
2026-04-24 12:51:00 INFO      Propagating wavelength = 1.6033e-06 m
2026-04-24 12:51:02 INFO      Propagating wavelength = 1.6439e-06 m
2026-04-24 12:51:03 INFO      Propagating wavelength = 1.6845e-06 m
2026-04-24 12:51:05 INFO      Propagating wavelength = 1.7251e-06 m
2026-04-24 12:51:06 INFO      Propagating wavelength = 1.7657e-06 m
2026-04-24 12:51:08 INFO       Calculation completed in 26.176 s
2026-04-24 12:51:08 INFO     PSF Calculation completed.
2026-04-24 12:51:08 INFO     Calculating jitter using gaussian
2026-04-24 12:51:08 INFO     Jitter: Convolving with Gaussian with sigma=0.012 arcsec
2026-04-24 12:51:08 INFO             resulting image peak drops to 0.973 of its previous value
2026-04-24 12:51:08 INFO     Detector charge diffusion not applied because charge_diffusion_sigma option is 0
2026-04-24 12:51:08 INFO      Adding extension with image downsampled to detector pixel scale.
2026-04-24 12:51:08 INFO      Downsampling to detector pixel scale, by 4
2026-04-24 12:51:08 INFO      Downsampling to detector pixel scale, by 4
2026-04-24 12:51:08 INFO     Creating PSF using stpsf
2026-04-24 12:51:08 INFO     Using pupil mask 'F062' and detector 'WFI01'.
2026-04-24 12:51:08 INFO     Using pupil mask 'F062' and detector 'WFI12'.
2026-04-24 12:51:08 INFO     Using pupil mask 'F158' and detector 'WFI12'.
2026-04-24 12:51:08 INFO     No source spectrum supplied, therefore defaulting to 5700 K blackbody
2026-04-24 12:51:08 INFO     Computing wavelength weights using synthetic photometry for F158...
2026-04-24 12:51:08 INFO     Using pupil mask 'F158' and detector 'WFI12'.
2026-04-24 12:51:08 INFO     PSF calc using fov_arcsec = 5.000000, oversample = 4, number of wavelengths = 10
2026-04-24 12:51:08 INFO     Creating optical system model:
2026-04-24 12:51:08 INFO     Initialized OpticalSystem: Roman+WFI
2026-04-24 12:51:09 INFO     Roman Entrance Pupil: Loaded amplitude transmission from /home/np274/roman_l2_job/stpsf-data/WFI/pupils/RST_WIM_Filter_F158_WFI12.fits.gz
2026-04-24 12:51:09 INFO     Roman Entrance Pupil: Loaded OPD from /home/np274/roman_l2_job/stpsf-data/upscaled_HST_OPD.fits
2026-04-24 12:51:09 INFO     Added pupil plane: Roman Entrance Pupil
2026-04-24 12:51:09 INFO     Added coordinate inversion plane: OTE exit pupil
2026-04-24 12:51:09 INFO     Added pupil plane: Field Dependent Aberration (WFI12)
2026-04-24 12:51:09 INFO     Added detector with pixelscale=0.1078577405 and oversampling=4: WFI detector
2026-04-24 12:51:09 INFO     Calculating PSF with 10 wavelengths
2026-04-24 12:51:09 INFO      Propagating wavelength = 1.4003e-06 m
2026-04-24 12:51:10 INFO      Propagating wavelength = 1.4409e-06 m
2026-04-24 12:51:12 INFO      Propagating wavelength = 1.4815e-06 m
2026-04-24 12:51:13 INFO      Propagating wavelength = 1.5221e-06 m
2026-04-24 12:51:15 INFO      Propagating wavelength = 1.5627e-06 m
2026-04-24 12:51:16 INFO      Propagating wavelength = 1.6033e-06 m
2026-04-24 12:51:18 INFO      Propagating wavelength = 1.6439e-06 m
2026-04-24 12:51:19 INFO      Propagating wavelength = 1.6845e-06 m
2026-04-24 12:51:21 INFO      Propagating wavelength = 1.7251e-06 m
2026-04-24 12:51:22 INFO      Propagating wavelength = 1.7657e-06 m
2026-04-24 12:51:24 INFO       Calculation completed in 15.024 s
2026-04-24 12:51:24 INFO     PSF Calculation completed.
2026-04-24 12:51:24 INFO     Calculating jitter using gaussian
2026-04-24 12:51:24 INFO     Jitter: Convolving with Gaussian with sigma=0.012 arcsec
2026-04-24 12:51:24 INFO             resulting image peak drops to 0.973 of its previous value
2026-04-24 12:51:24 INFO     Detector charge diffusion not applied because charge_diffusion_sigma option is 0
2026-04-24 12:51:24 INFO      Adding extension with image downsampled to detector pixel scale.
2026-04-24 12:51:24 INFO      Downsampling to detector pixel scale, by 4
2026-04-24 12:51:24 INFO      Downsampling to detector pixel scale, by 4
2026-04-24 12:51:24 INFO     Creating PSF using stpsf
2026-04-24 12:51:24 INFO     Using pupil mask 'F062' and detector 'WFI01'.
2026-04-24 12:51:24 INFO     Using pupil mask 'F062' and detector 'WFI12'.
2026-04-24 12:51:24 INFO     Using pupil mask 'F158' and detector 'WFI12'.
2026-04-24 12:51:24 INFO     No source spectrum supplied, therefore defaulting to 5700 K blackbody
2026-04-24 12:51:24 INFO     Computing wavelength weights using synthetic photometry for F158...
2026-04-24 12:51:24 INFO     Using pupil mask 'F158' and detector 'WFI12'.
2026-04-24 12:51:24 INFO     PSF calc using fov_arcsec = 5.000000, oversample = 4, number of wavelengths = 10
2026-04-24 12:51:24 INFO     Creating optical system model:
2026-04-24 12:51:24 INFO     Initialized OpticalSystem: Roman+WFI
2026-04-24 12:51:25 INFO     Roman Entrance Pupil: Loaded amplitude transmission from /home/np274/roman_l2_job/stpsf-data/WFI/pupils/RST_WIM_Filter_F158_WFI12.fits.gz
2026-04-24 12:51:25 INFO     Roman Entrance Pupil: Loaded OPD from /home/np274/roman_l2_job/stpsf-data/upscaled_HST_OPD.fits
2026-04-24 12:51:25 INFO     Added pupil plane: Roman Entrance Pupil
2026-04-24 12:51:25 INFO     Added coordinate inversion plane: OTE exit pupil
2026-04-24 12:51:25 INFO     Added pupil plane: Field Dependent Aberration (WFI12)
2026-04-24 12:51:25 INFO     Added detector with pixelscale=0.1078577405 and oversampling=4: WFI detector
2026-04-24 12:51:25 INFO     Calculating PSF with 10 wavelengths
2026-04-24 12:51:25 INFO      Propagating wavelength = 1.4003e-06 m
2026-04-24 12:51:26 INFO      Propagating wavelength = 1.4409e-06 m
2026-04-24 12:51:28 INFO      Propagating wavelength = 1.4815e-06 m
2026-04-24 12:51:29 INFO      Propagating wavelength = 1.5221e-06 m
2026-04-24 12:51:31 INFO      Propagating wavelength = 1.5627e-06 m
2026-04-24 12:51:32 INFO      Propagating wavelength = 1.6033e-06 m
2026-04-24 12:51:33 INFO      Propagating wavelength = 1.6439e-06 m
2026-04-24 12:51:35 INFO      Propagating wavelength = 1.6845e-06 m
2026-04-24 12:51:36 INFO      Propagating wavelength = 1.7251e-06 m
2026-04-24 12:51:38 INFO      Propagating wavelength = 1.7657e-06 m
2026-04-24 12:51:39 INFO       Calculation completed in 14.612 s
2026-04-24 12:51:39 INFO     PSF Calculation completed.
2026-04-24 12:51:39 INFO     Calculating jitter using gaussian
2026-04-24 12:51:39 INFO     Jitter: Convolving with Gaussian with sigma=0.012 arcsec
2026-04-24 12:51:39 INFO             resulting image peak drops to 0.973 of its previous value
2026-04-24 12:51:39 INFO     Detector charge diffusion not applied because charge_diffusion_sigma option is 0
2026-04-24 12:51:39 INFO      Adding extension with image downsampled to detector pixel scale.
2026-04-24 12:51:39 INFO      Downsampling to detector pixel scale, by 4
2026-04-24 12:51:39 INFO      Downsampling to detector pixel scale, by 4
2026-04-24 12:51:39 INFO     Creating PSF using stpsf
2026-04-24 12:51:39 INFO     Using pupil mask 'F062' and detector 'WFI01'.
2026-04-24 12:51:39 INFO     Using pupil mask 'F062' and detector 'WFI12'.
2026-04-24 12:51:40 INFO     Using pupil mask 'F158' and detector 'WFI12'.
2026-04-24 12:51:40 INFO     No source spectrum supplied, therefore defaulting to 5700 K blackbody
2026-04-24 12:51:40 INFO     Computing wavelength weights using synthetic photometry for F158...
2026-04-24 12:51:40 INFO     Using pupil mask 'F158' and detector 'WFI12'.
2026-04-24 12:51:40 INFO     PSF calc using fov_arcsec = 5.000000, oversample = 4, number of wavelengths = 10
2026-04-24 12:51:40 INFO     Creating optical system model:
2026-04-24 12:51:40 INFO     Initialized OpticalSystem: Roman+WFI
2026-04-24 12:51:40 INFO     Roman Entrance Pupil: Loaded amplitude transmission from /home/np274/roman_l2_job/stpsf-data/WFI/pupils/RST_WIM_Filter_F158_WFI12.fits.gz
2026-04-24 12:51:40 INFO     Roman Entrance Pupil: Loaded OPD from /home/np274/roman_l2_job/stpsf-data/upscaled_HST_OPD.fits
2026-04-24 12:51:40 INFO     Added pupil plane: Roman Entrance Pupil
2026-04-24 12:51:40 INFO     Added coordinate inversion plane: OTE exit pupil
2026-04-24 12:51:40 INFO     Added pupil plane: Field Dependent Aberration (WFI12)
2026-04-24 12:51:40 INFO     Added detector with pixelscale=0.1078577405 and oversampling=4: WFI detector
2026-04-24 12:51:40 INFO     Calculating PSF with 10 wavelengths
2026-04-24 12:51:40 INFO      Propagating wavelength = 1.4003e-06 m
2026-04-24 12:51:42 INFO      Propagating wavelength = 1.4409e-06 m
2026-04-24 12:51:43 INFO      Propagating wavelength = 1.4815e-06 m
2026-04-24 12:51:45 INFO      Propagating wavelength = 1.5221e-06 m
2026-04-24 12:51:46 INFO      Propagating wavelength = 1.5627e-06 m
2026-04-24 12:51:48 INFO      Propagating wavelength = 1.6033e-06 m
2026-04-24 12:51:49 INFO      Propagating wavelength = 1.6439e-06 m
2026-04-24 12:51:50 INFO      Propagating wavelength = 1.6845e-06 m
2026-04-24 12:51:52 INFO      Propagating wavelength = 1.7251e-06 m
2026-04-24 12:51:53 INFO      Propagating wavelength = 1.7657e-06 m
2026-04-24 12:51:55 INFO       Calculation completed in 14.527 s
2026-04-24 12:51:55 INFO     PSF Calculation completed.
2026-04-24 12:51:55 INFO     Calculating jitter using gaussian
2026-04-24 12:51:55 INFO     Jitter: Convolving with Gaussian with sigma=0.012 arcsec
2026-04-24 12:51:55 INFO             resulting image peak drops to 0.973 of its previous value
2026-04-24 12:51:55 INFO     Detector charge diffusion not applied because charge_diffusion_sigma option is 0
2026-04-24 12:51:55 INFO      Adding extension with image downsampled to detector pixel scale.
2026-04-24 12:51:55 INFO      Downsampling to detector pixel scale, by 4
2026-04-24 12:51:55 INFO      Downsampling to detector pixel scale, by 4
2026-04-24 12:52:08 WARNING  max(qe) > 1.1; this seems weird?!
2026-04-24 12:52:08 WARNING  Found 18 pixels with implied qe > 2; clipping these to qe 2
2026-04-24 12:52:08 INFO     Adding 153 sources to image...
2026-04-24 12:52:21 INFO     Rendered 77 point sources in 0.0521 seconds
2026-04-24 12:52:21 INFO     Rendered 153 total sources in 2.39 seconds
2026-04-24 12:52:26 INFO     Apportioning electrons to resultants...
/home/np274/roman_l2_job/.pixi/envs/default/lib/python3.12/site-packages/romanisim/persistence.py:252: RuntimeWarning: invalid value encountered in power
  * (x / x0)**alpha * (dt / 1000)**(-gamma))
2026-04-24 12:54:52 INFO     Adding IPC...
2026-04-24 12:55:11 INFO     Adding read noise...
2026-04-24 12:55:47 INFO     Fitting ramps.
2026-04-24 12:55:59 INFO     Simulation complete.
