2026-04-24 13:06:41 INFO     Starting simulation...
2026-04-24 13:06:48 WARNING  211 points with problematic saturation / inverse linearity values!
2026-04-24 13:06:52 INFO     Simulating filter F158...
2026-04-24 13:06:52 INFO     Creating PSF using stpsf
2026-04-24 13:06:54 INFO     Using pupil mask 'F062' and detector 'WFI01'.
2026-04-24 13:06:54 INFO     Using pupil mask 'F062' and detector 'WFI13'.
2026-04-24 13:06:54 INFO     Using pupil mask 'F158' and detector 'WFI13'.
2026-04-24 13:06:54 INFO     No source spectrum supplied, therefore defaulting to 5700 K blackbody
2026-04-24 13:06:54 INFO     Computing wavelength weights using synthetic photometry for F158...
2026-04-24 13:06:54 INFO     Using pupil mask 'F158' and detector 'WFI13'.
2026-04-24 13:06:54 INFO     PSF calc using fov_arcsec = 5.000000, oversample = 4, number of wavelengths = 10
2026-04-24 13:06:54 INFO     Creating optical system model:
2026-04-24 13:06:54 INFO     Initialized OpticalSystem: Roman+WFI
2026-04-24 13:06:54 INFO     Roman Entrance Pupil: Loaded amplitude transmission from /home/np274/roman_l2_job/stpsf-data/WFI/pupils/RST_WIM_Filter_F158_WFI13.fits.gz
2026-04-24 13:06:54 INFO     Roman Entrance Pupil: Loaded OPD from /home/np274/roman_l2_job/stpsf-data/upscaled_HST_OPD.fits
2026-04-24 13:06:54 INFO     Added pupil plane: Roman Entrance Pupil
2026-04-24 13:06:55 INFO     Added coordinate inversion plane: OTE exit pupil
2026-04-24 13:06:55 INFO     Added pupil plane: Field Dependent Aberration (WFI13)
2026-04-24 13:06:55 INFO     Added detector with pixelscale=0.1078577405 and oversampling=4: WFI detector
2026-04-24 13:06:55 INFO     Calculating PSF with 10 wavelengths
2026-04-24 13:06:55 INFO      Propagating wavelength = 1.4013e-06 m
2026-04-24 13:07:07 INFO      Propagating wavelength = 1.4419e-06 m
2026-04-24 13:07:09 INFO      Propagating wavelength = 1.4825e-06 m
2026-04-24 13:07:10 INFO      Propagating wavelength = 1.5231e-06 m
2026-04-24 13:07:12 INFO      Propagating wavelength = 1.5637e-06 m
2026-04-24 13:07:13 INFO      Propagating wavelength = 1.6043e-06 m
2026-04-24 13:07:15 INFO      Propagating wavelength = 1.6449e-06 m
2026-04-24 13:07:16 INFO      Propagating wavelength = 1.6855e-06 m
2026-04-24 13:07:17 INFO      Propagating wavelength = 1.7261e-06 m
2026-04-24 13:07:19 INFO      Propagating wavelength = 1.7667e-06 m
2026-04-24 13:07:20 INFO       Calculation completed in 25.892 s
2026-04-24 13:07:20 INFO     PSF Calculation completed.
2026-04-24 13:07:20 INFO     Calculating jitter using gaussian
2026-04-24 13:07:20 INFO     Jitter: Convolving with Gaussian with sigma=0.012 arcsec
2026-04-24 13:07:20 INFO             resulting image peak drops to 0.972 of its previous value
2026-04-24 13:07:20 INFO     Detector charge diffusion not applied because charge_diffusion_sigma option is 0
2026-04-24 13:07:20 INFO      Adding extension with image downsampled to detector pixel scale.
2026-04-24 13:07:20 INFO      Downsampling to detector pixel scale, by 4
2026-04-24 13:07:20 INFO      Downsampling to detector pixel scale, by 4
2026-04-24 13:07:20 INFO     Creating PSF using stpsf
2026-04-24 13:07:21 INFO     Using pupil mask 'F062' and detector 'WFI01'.
2026-04-24 13:07:21 INFO     Using pupil mask 'F062' and detector 'WFI13'.
2026-04-24 13:07:21 INFO     Using pupil mask 'F158' and detector 'WFI13'.
2026-04-24 13:07:21 INFO     No source spectrum supplied, therefore defaulting to 5700 K blackbody
2026-04-24 13:07:21 INFO     Computing wavelength weights using synthetic photometry for F158...
2026-04-24 13:07:21 INFO     Using pupil mask 'F158' and detector 'WFI13'.
2026-04-24 13:07:21 INFO     PSF calc using fov_arcsec = 5.000000, oversample = 4, number of wavelengths = 10
2026-04-24 13:07:21 INFO     Creating optical system model:
2026-04-24 13:07:21 INFO     Initialized OpticalSystem: Roman+WFI
2026-04-24 13:07:21 INFO     Roman Entrance Pupil: Loaded amplitude transmission from /home/np274/roman_l2_job/stpsf-data/WFI/pupils/RST_WIM_Filter_F158_WFI13.fits.gz
2026-04-24 13:07:21 INFO     Roman Entrance Pupil: Loaded OPD from /home/np274/roman_l2_job/stpsf-data/upscaled_HST_OPD.fits
2026-04-24 13:07:21 INFO     Added pupil plane: Roman Entrance Pupil
2026-04-24 13:07:21 INFO     Added coordinate inversion plane: OTE exit pupil
2026-04-24 13:07:21 INFO     Added pupil plane: Field Dependent Aberration (WFI13)
2026-04-24 13:07:21 INFO     Added detector with pixelscale=0.1078577405 and oversampling=4: WFI detector
2026-04-24 13:07:21 INFO     Calculating PSF with 10 wavelengths
2026-04-24 13:07:21 INFO      Propagating wavelength = 1.4013e-06 m
2026-04-24 13:07:23 INFO      Propagating wavelength = 1.4419e-06 m
2026-04-24 13:07:24 INFO      Propagating wavelength = 1.4825e-06 m
2026-04-24 13:07:26 INFO      Propagating wavelength = 1.5231e-06 m
2026-04-24 13:07:27 INFO      Propagating wavelength = 1.5637e-06 m
2026-04-24 13:07:29 INFO      Propagating wavelength = 1.6043e-06 m
2026-04-24 13:07:30 INFO      Propagating wavelength = 1.6449e-06 m
2026-04-24 13:07:32 INFO      Propagating wavelength = 1.6855e-06 m
2026-04-24 13:07:33 INFO      Propagating wavelength = 1.7261e-06 m
2026-04-24 13:07:35 INFO      Propagating wavelength = 1.7667e-06 m
2026-04-24 13:07:36 INFO       Calculation completed in 14.795 s
2026-04-24 13:07:36 INFO     PSF Calculation completed.
2026-04-24 13:07:36 INFO     Calculating jitter using gaussian
2026-04-24 13:07:36 INFO     Jitter: Convolving with Gaussian with sigma=0.012 arcsec
2026-04-24 13:07:36 INFO             resulting image peak drops to 0.972 of its previous value
2026-04-24 13:07:36 INFO     Detector charge diffusion not applied because charge_diffusion_sigma option is 0
2026-04-24 13:07:36 INFO      Adding extension with image downsampled to detector pixel scale.
2026-04-24 13:07:36 INFO      Downsampling to detector pixel scale, by 4
2026-04-24 13:07:36 INFO      Downsampling to detector pixel scale, by 4
2026-04-24 13:07:36 INFO     Creating PSF using stpsf
2026-04-24 13:07:36 INFO     Using pupil mask 'F062' and detector 'WFI01'.
2026-04-24 13:07:36 INFO     Using pupil mask 'F062' and detector 'WFI13'.
2026-04-24 13:07:36 INFO     Using pupil mask 'F158' and detector 'WFI13'.
2026-04-24 13:07:37 INFO     No source spectrum supplied, therefore defaulting to 5700 K blackbody
2026-04-24 13:07:37 INFO     Computing wavelength weights using synthetic photometry for F158...
2026-04-24 13:07:37 INFO     Using pupil mask 'F158' and detector 'WFI13'.
2026-04-24 13:07:37 INFO     PSF calc using fov_arcsec = 5.000000, oversample = 4, number of wavelengths = 10
2026-04-24 13:07:37 INFO     Creating optical system model:
2026-04-24 13:07:37 INFO     Initialized OpticalSystem: Roman+WFI
2026-04-24 13:07:37 INFO     Roman Entrance Pupil: Loaded amplitude transmission from /home/np274/roman_l2_job/stpsf-data/WFI/pupils/RST_WIM_Filter_F158_WFI13.fits.gz
2026-04-24 13:07:37 INFO     Roman Entrance Pupil: Loaded OPD from /home/np274/roman_l2_job/stpsf-data/upscaled_HST_OPD.fits
2026-04-24 13:07:37 INFO     Added pupil plane: Roman Entrance Pupil
2026-04-24 13:07:37 INFO     Added coordinate inversion plane: OTE exit pupil
2026-04-24 13:07:37 INFO     Added pupil plane: Field Dependent Aberration (WFI13)
2026-04-24 13:07:37 INFO     Added detector with pixelscale=0.1078577405 and oversampling=4: WFI detector
2026-04-24 13:07:37 INFO     Calculating PSF with 10 wavelengths
2026-04-24 13:07:37 INFO      Propagating wavelength = 1.4013e-06 m
2026-04-24 13:07:39 INFO      Propagating wavelength = 1.4419e-06 m
2026-04-24 13:07:40 INFO      Propagating wavelength = 1.4825e-06 m
2026-04-24 13:07:42 INFO      Propagating wavelength = 1.5231e-06 m
2026-04-24 13:07:43 INFO      Propagating wavelength = 1.5637e-06 m
2026-04-24 13:07:45 INFO      Propagating wavelength = 1.6043e-06 m
2026-04-24 13:07:46 INFO      Propagating wavelength = 1.6449e-06 m
2026-04-24 13:07:48 INFO      Propagating wavelength = 1.6855e-06 m
2026-04-24 13:07:49 INFO      Propagating wavelength = 1.7261e-06 m
2026-04-24 13:07:51 INFO      Propagating wavelength = 1.7667e-06 m
2026-04-24 13:07:52 INFO       Calculation completed in 15.088 s
2026-04-24 13:07:52 INFO     PSF Calculation completed.
2026-04-24 13:07:52 INFO     Calculating jitter using gaussian
2026-04-24 13:07:52 INFO     Jitter: Convolving with Gaussian with sigma=0.012 arcsec
2026-04-24 13:07:52 INFO             resulting image peak drops to 0.972 of its previous value
2026-04-24 13:07:52 INFO     Detector charge diffusion not applied because charge_diffusion_sigma option is 0
2026-04-24 13:07:52 INFO      Adding extension with image downsampled to detector pixel scale.
2026-04-24 13:07:52 INFO      Downsampling to detector pixel scale, by 4
2026-04-24 13:07:52 INFO      Downsampling to detector pixel scale, by 4
2026-04-24 13:07:52 INFO     Creating PSF using stpsf
2026-04-24 13:07:52 INFO     Using pupil mask 'F062' and detector 'WFI01'.
2026-04-24 13:07:52 INFO     Using pupil mask 'F062' and detector 'WFI13'.
2026-04-24 13:07:53 INFO     Using pupil mask 'F158' and detector 'WFI13'.
2026-04-24 13:07:53 INFO     No source spectrum supplied, therefore defaulting to 5700 K blackbody
2026-04-24 13:07:53 INFO     Computing wavelength weights using synthetic photometry for F158...
2026-04-24 13:07:53 INFO     Using pupil mask 'F158' and detector 'WFI13'.
2026-04-24 13:07:53 INFO     PSF calc using fov_arcsec = 5.000000, oversample = 4, number of wavelengths = 10
2026-04-24 13:07:53 INFO     Creating optical system model:
2026-04-24 13:07:53 INFO     Initialized OpticalSystem: Roman+WFI
2026-04-24 13:07:53 INFO     Roman Entrance Pupil: Loaded amplitude transmission from /home/np274/roman_l2_job/stpsf-data/WFI/pupils/RST_WIM_Filter_F158_WFI13.fits.gz
2026-04-24 13:07:53 INFO     Roman Entrance Pupil: Loaded OPD from /home/np274/roman_l2_job/stpsf-data/upscaled_HST_OPD.fits
2026-04-24 13:07:53 INFO     Added pupil plane: Roman Entrance Pupil
2026-04-24 13:07:53 INFO     Added coordinate inversion plane: OTE exit pupil
2026-04-24 13:07:53 INFO     Added pupil plane: Field Dependent Aberration (WFI13)
2026-04-24 13:07:53 INFO     Added detector with pixelscale=0.1078577405 and oversampling=4: WFI detector
2026-04-24 13:07:53 INFO     Calculating PSF with 10 wavelengths
2026-04-24 13:07:53 INFO      Propagating wavelength = 1.4013e-06 m
2026-04-24 13:07:55 INFO      Propagating wavelength = 1.4419e-06 m
2026-04-24 13:07:56 INFO      Propagating wavelength = 1.4825e-06 m
2026-04-24 13:07:58 INFO      Propagating wavelength = 1.5231e-06 m
2026-04-24 13:07:59 INFO      Propagating wavelength = 1.5637e-06 m
2026-04-24 13:08:01 INFO      Propagating wavelength = 1.6043e-06 m
2026-04-24 13:08:02 INFO      Propagating wavelength = 1.6449e-06 m
2026-04-24 13:08:04 INFO      Propagating wavelength = 1.6855e-06 m
2026-04-24 13:08:05 INFO      Propagating wavelength = 1.7261e-06 m
2026-04-24 13:08:07 INFO      Propagating wavelength = 1.7667e-06 m
2026-04-24 13:08:08 INFO       Calculation completed in 15.018 s
2026-04-24 13:08:08 INFO     PSF Calculation completed.
2026-04-24 13:08:08 INFO     Calculating jitter using gaussian
2026-04-24 13:08:08 INFO     Jitter: Convolving with Gaussian with sigma=0.012 arcsec
2026-04-24 13:08:08 INFO             resulting image peak drops to 0.972 of its previous value
2026-04-24 13:08:08 INFO     Detector charge diffusion not applied because charge_diffusion_sigma option is 0
2026-04-24 13:08:08 INFO      Adding extension with image downsampled to detector pixel scale.
2026-04-24 13:08:08 INFO      Downsampling to detector pixel scale, by 4
2026-04-24 13:08:08 INFO      Downsampling to detector pixel scale, by 4
2026-04-24 13:08:22 WARNING  max(qe) > 1.1; this seems weird?!
2026-04-24 13:08:22 WARNING  Found 3 pixels with implied qe > 2; clipping these to qe 2
2026-04-24 13:08:22 INFO     Adding 34 sources to image...
2026-04-24 13:08:22 WARNING  You requested fastpointsources, but the PSF and/or chromaticity are incompatible with this setting.  Disabling fastpointsources.
2026-04-24 13:08:23 INFO     Rendered 0 point sources in 0.0511 seconds
2026-04-24 13:08:23 INFO     Rendered 34 total sources in 1.14 seconds
2026-04-24 13:08:27 INFO     Apportioning electrons to resultants...
/home/np274/roman_l2_job/.pixi/envs/default/lib/python3.12/site-packages/romanisim/persistence.py:252: RuntimeWarning: invalid value encountered in power
  * (x / x0)**alpha * (dt / 1000)**(-gamma))
2026-04-24 13:10:58 INFO     Adding IPC...
2026-04-24 13:11:17 INFO     Adding read noise...
2026-04-24 13:11:54 INFO     Fitting ramps.
2026-04-24 13:12:06 INFO     Simulation complete.
