2026-04-24 14:12:56 INFO     Starting simulation...
2026-04-24 14:13:04 WARNING  1930 points with problematic saturation / inverse linearity values!
2026-04-24 14:13:07 INFO     Simulating filter F158...
2026-04-24 14:13:08 INFO     Creating PSF using stpsf
2026-04-24 14:13:09 INFO     Using pupil mask 'F062' and detector 'WFI01'.
2026-04-24 14:13:09 INFO     Using pupil mask 'F062' and detector 'WFI07'.
2026-04-24 14:13:09 INFO     Using pupil mask 'F158' and detector 'WFI07'.
2026-04-24 14:13:09 INFO     No source spectrum supplied, therefore defaulting to 5700 K blackbody
2026-04-24 14:13:09 INFO     Computing wavelength weights using synthetic photometry for F158...
2026-04-24 14:13:10 INFO     Using pupil mask 'F158' and detector 'WFI07'.
2026-04-24 14:13:10 INFO     PSF calc using fov_arcsec = 5.000000, oversample = 4, number of wavelengths = 10
2026-04-24 14:13:10 INFO     Creating optical system model:
2026-04-24 14:13:10 INFO     Initialized OpticalSystem: Roman+WFI
2026-04-24 14:13:10 INFO     Roman Entrance Pupil: Loaded amplitude transmission from /home/np274/roman_l2_job/stpsf-data/WFI/pupils/RST_WIM_Filter_F158_WFI07.fits.gz
2026-04-24 14:13:10 INFO     Roman Entrance Pupil: Loaded OPD from /home/np274/roman_l2_job/stpsf-data/upscaled_HST_OPD.fits
2026-04-24 14:13:10 INFO     Added pupil plane: Roman Entrance Pupil
2026-04-24 14:13:10 INFO     Added coordinate inversion plane: OTE exit pupil
2026-04-24 14:13:10 INFO     Added pupil plane: Field Dependent Aberration (WFI07)
2026-04-24 14:13:10 INFO     Added detector with pixelscale=0.1078577405 and oversampling=4: WFI detector
2026-04-24 14:13:10 INFO     Calculating PSF with 10 wavelengths
2026-04-24 14:13:10 INFO      Propagating wavelength = 1.3963e-06 m
2026-04-24 14:13:23 INFO      Propagating wavelength = 1.4369e-06 m
2026-04-24 14:13:24 INFO      Propagating wavelength = 1.4775e-06 m
2026-04-24 14:13:26 INFO      Propagating wavelength = 1.5181e-06 m
2026-04-24 14:13:27 INFO      Propagating wavelength = 1.5587e-06 m
2026-04-24 14:13:29 INFO      Propagating wavelength = 1.5993e-06 m
2026-04-24 14:13:30 INFO      Propagating wavelength = 1.6399e-06 m
2026-04-24 14:13:32 INFO      Propagating wavelength = 1.6805e-06 m
2026-04-24 14:13:34 INFO      Propagating wavelength = 1.7211e-06 m
2026-04-24 14:13:35 INFO      Propagating wavelength = 1.7617e-06 m
2026-04-24 14:13:37 INFO       Calculation completed in 26.589 s
2026-04-24 14:13:37 INFO     PSF Calculation completed.
2026-04-24 14:13:37 INFO     Calculating jitter using gaussian
2026-04-24 14:13:37 INFO     Jitter: Convolving with Gaussian with sigma=0.012 arcsec
2026-04-24 14:13:37 INFO             resulting image peak drops to 0.972 of its previous value
2026-04-24 14:13:37 INFO     Detector charge diffusion not applied because charge_diffusion_sigma option is 0
2026-04-24 14:13:37 INFO      Adding extension with image downsampled to detector pixel scale.
2026-04-24 14:13:37 INFO      Downsampling to detector pixel scale, by 4
2026-04-24 14:13:37 INFO      Downsampling to detector pixel scale, by 4
2026-04-24 14:13:37 INFO     Creating PSF using stpsf
2026-04-24 14:13:37 INFO     Using pupil mask 'F062' and detector 'WFI01'.
2026-04-24 14:13:37 INFO     Using pupil mask 'F062' and detector 'WFI07'.
2026-04-24 14:13:37 INFO     Using pupil mask 'F158' and detector 'WFI07'.
2026-04-24 14:13:37 INFO     No source spectrum supplied, therefore defaulting to 5700 K blackbody
2026-04-24 14:13:37 INFO     Computing wavelength weights using synthetic photometry for F158...
2026-04-24 14:13:37 INFO     Using pupil mask 'F158' and detector 'WFI07'.
2026-04-24 14:13:37 INFO     PSF calc using fov_arcsec = 5.000000, oversample = 4, number of wavelengths = 10
2026-04-24 14:13:37 INFO     Creating optical system model:
2026-04-24 14:13:37 INFO     Initialized OpticalSystem: Roman+WFI
2026-04-24 14:13:37 INFO     Roman Entrance Pupil: Loaded amplitude transmission from /home/np274/roman_l2_job/stpsf-data/WFI/pupils/RST_WIM_Filter_F158_WFI07.fits.gz
2026-04-24 14:13:37 INFO     Roman Entrance Pupil: Loaded OPD from /home/np274/roman_l2_job/stpsf-data/upscaled_HST_OPD.fits
2026-04-24 14:13:37 INFO     Added pupil plane: Roman Entrance Pupil
2026-04-24 14:13:37 INFO     Added coordinate inversion plane: OTE exit pupil
2026-04-24 14:13:37 INFO     Added pupil plane: Field Dependent Aberration (WFI07)
2026-04-24 14:13:38 INFO     Added detector with pixelscale=0.1078577405 and oversampling=4: WFI detector
2026-04-24 14:13:38 INFO     Calculating PSF with 10 wavelengths
2026-04-24 14:13:38 INFO      Propagating wavelength = 1.3963e-06 m
2026-04-24 14:13:39 INFO      Propagating wavelength = 1.4369e-06 m
2026-04-24 14:13:41 INFO      Propagating wavelength = 1.4775e-06 m
2026-04-24 14:13:42 INFO      Propagating wavelength = 1.5181e-06 m
2026-04-24 14:13:44 INFO      Propagating wavelength = 1.5587e-06 m
2026-04-24 14:13:45 INFO      Propagating wavelength = 1.5993e-06 m
2026-04-24 14:13:47 INFO      Propagating wavelength = 1.6399e-06 m
2026-04-24 14:13:48 INFO      Propagating wavelength = 1.6805e-06 m
2026-04-24 14:13:50 INFO      Propagating wavelength = 1.7211e-06 m
2026-04-24 14:13:51 INFO      Propagating wavelength = 1.7617e-06 m
2026-04-24 14:13:53 INFO       Calculation completed in 15.343 s
2026-04-24 14:13:53 INFO     PSF Calculation completed.
2026-04-24 14:13:53 INFO     Calculating jitter using gaussian
2026-04-24 14:13:53 INFO     Jitter: Convolving with Gaussian with sigma=0.012 arcsec
2026-04-24 14:13:53 INFO             resulting image peak drops to 0.972 of its previous value
2026-04-24 14:13:53 INFO     Detector charge diffusion not applied because charge_diffusion_sigma option is 0
2026-04-24 14:13:53 INFO      Adding extension with image downsampled to detector pixel scale.
2026-04-24 14:13:53 INFO      Downsampling to detector pixel scale, by 4
2026-04-24 14:13:53 INFO      Downsampling to detector pixel scale, by 4
2026-04-24 14:13:53 INFO     Creating PSF using stpsf
2026-04-24 14:13:53 INFO     Using pupil mask 'F062' and detector 'WFI01'.
2026-04-24 14:13:53 INFO     Using pupil mask 'F062' and detector 'WFI07'.
2026-04-24 14:13:53 INFO     Using pupil mask 'F158' and detector 'WFI07'.
2026-04-24 14:13:53 INFO     No source spectrum supplied, therefore defaulting to 5700 K blackbody
2026-04-24 14:13:53 INFO     Computing wavelength weights using synthetic photometry for F158...
2026-04-24 14:13:54 INFO     Using pupil mask 'F158' and detector 'WFI07'.
2026-04-24 14:13:54 INFO     PSF calc using fov_arcsec = 5.000000, oversample = 4, number of wavelengths = 10
2026-04-24 14:13:54 INFO     Creating optical system model:
2026-04-24 14:13:54 INFO     Initialized OpticalSystem: Roman+WFI
2026-04-24 14:13:54 INFO     Roman Entrance Pupil: Loaded amplitude transmission from /home/np274/roman_l2_job/stpsf-data/WFI/pupils/RST_WIM_Filter_F158_WFI07.fits.gz
2026-04-24 14:13:54 INFO     Roman Entrance Pupil: Loaded OPD from /home/np274/roman_l2_job/stpsf-data/upscaled_HST_OPD.fits
2026-04-24 14:13:54 INFO     Added pupil plane: Roman Entrance Pupil
2026-04-24 14:13:54 INFO     Added coordinate inversion plane: OTE exit pupil
2026-04-24 14:13:54 INFO     Added pupil plane: Field Dependent Aberration (WFI07)
2026-04-24 14:13:54 INFO     Added detector with pixelscale=0.1078577405 and oversampling=4: WFI detector
2026-04-24 14:13:54 INFO     Calculating PSF with 10 wavelengths
2026-04-24 14:13:54 INFO      Propagating wavelength = 1.3963e-06 m
2026-04-24 14:13:55 INFO      Propagating wavelength = 1.4369e-06 m
2026-04-24 14:13:57 INFO      Propagating wavelength = 1.4775e-06 m
2026-04-24 14:13:58 INFO      Propagating wavelength = 1.5181e-06 m
2026-04-24 14:14:00 INFO      Propagating wavelength = 1.5587e-06 m
2026-04-24 14:14:01 INFO      Propagating wavelength = 1.5993e-06 m
2026-04-24 14:14:03 INFO      Propagating wavelength = 1.6399e-06 m
2026-04-24 14:14:05 INFO      Propagating wavelength = 1.6805e-06 m
2026-04-24 14:14:06 INFO      Propagating wavelength = 1.7211e-06 m
2026-04-24 14:14:08 INFO      Propagating wavelength = 1.7617e-06 m
2026-04-24 14:14:09 INFO       Calculation completed in 15.307 s
2026-04-24 14:14:09 INFO     PSF Calculation completed.
2026-04-24 14:14:09 INFO     Calculating jitter using gaussian
2026-04-24 14:14:09 INFO     Jitter: Convolving with Gaussian with sigma=0.012 arcsec
2026-04-24 14:14:09 INFO             resulting image peak drops to 0.972 of its previous value
2026-04-24 14:14:09 INFO     Detector charge diffusion not applied because charge_diffusion_sigma option is 0
2026-04-24 14:14:09 INFO      Adding extension with image downsampled to detector pixel scale.
2026-04-24 14:14:09 INFO      Downsampling to detector pixel scale, by 4
2026-04-24 14:14:09 INFO      Downsampling to detector pixel scale, by 4
2026-04-24 14:14:09 INFO     Creating PSF using stpsf
2026-04-24 14:14:09 INFO     Using pupil mask 'F062' and detector 'WFI01'.
2026-04-24 14:14:09 INFO     Using pupil mask 'F062' and detector 'WFI07'.
2026-04-24 14:14:09 INFO     Using pupil mask 'F158' and detector 'WFI07'.
2026-04-24 14:14:09 INFO     No source spectrum supplied, therefore defaulting to 5700 K blackbody
2026-04-24 14:14:09 INFO     Computing wavelength weights using synthetic photometry for F158...
2026-04-24 14:14:10 INFO     Using pupil mask 'F158' and detector 'WFI07'.
2026-04-24 14:14:10 INFO     PSF calc using fov_arcsec = 5.000000, oversample = 4, number of wavelengths = 10
2026-04-24 14:14:10 INFO     Creating optical system model:
2026-04-24 14:14:10 INFO     Initialized OpticalSystem: Roman+WFI
2026-04-24 14:14:10 INFO     Roman Entrance Pupil: Loaded amplitude transmission from /home/np274/roman_l2_job/stpsf-data/WFI/pupils/RST_WIM_Filter_F158_WFI07.fits.gz
2026-04-24 14:14:10 INFO     Roman Entrance Pupil: Loaded OPD from /home/np274/roman_l2_job/stpsf-data/upscaled_HST_OPD.fits
2026-04-24 14:14:10 INFO     Added pupil plane: Roman Entrance Pupil
2026-04-24 14:14:10 INFO     Added coordinate inversion plane: OTE exit pupil
2026-04-24 14:14:10 INFO     Added pupil plane: Field Dependent Aberration (WFI07)
2026-04-24 14:14:10 INFO     Added detector with pixelscale=0.1078577405 and oversampling=4: WFI detector
2026-04-24 14:14:10 INFO     Calculating PSF with 10 wavelengths
2026-04-24 14:14:10 INFO      Propagating wavelength = 1.3963e-06 m
2026-04-24 14:14:12 INFO      Propagating wavelength = 1.4369e-06 m
2026-04-24 14:14:13 INFO      Propagating wavelength = 1.4775e-06 m
2026-04-24 14:14:15 INFO      Propagating wavelength = 1.5181e-06 m
2026-04-24 14:14:16 INFO      Propagating wavelength = 1.5587e-06 m
2026-04-24 14:14:18 INFO      Propagating wavelength = 1.5993e-06 m
2026-04-24 14:14:19 INFO      Propagating wavelength = 1.6399e-06 m
2026-04-24 14:14:21 INFO      Propagating wavelength = 1.6805e-06 m
2026-04-24 14:14:22 INFO      Propagating wavelength = 1.7211e-06 m
2026-04-24 14:14:24 INFO      Propagating wavelength = 1.7617e-06 m
2026-04-24 14:14:25 INFO       Calculation completed in 15.346 s
2026-04-24 14:14:25 INFO     PSF Calculation completed.
2026-04-24 14:14:25 INFO     Calculating jitter using gaussian
2026-04-24 14:14:25 INFO     Jitter: Convolving with Gaussian with sigma=0.012 arcsec
2026-04-24 14:14:25 INFO             resulting image peak drops to 0.972 of its previous value
2026-04-24 14:14:25 INFO     Detector charge diffusion not applied because charge_diffusion_sigma option is 0
2026-04-24 14:14:25 INFO      Adding extension with image downsampled to detector pixel scale.
2026-04-24 14:14:25 INFO      Downsampling to detector pixel scale, by 4
2026-04-24 14:14:25 INFO      Downsampling to detector pixel scale, by 4
2026-04-24 14:14:39 WARNING  max(qe) > 1.1; this seems weird?!
2026-04-24 14:14:39 WARNING  Found 1 pixels with implied qe > 2; clipping these to qe 2
2026-04-24 14:14:39 INFO     Adding 49 sources to image...
2026-04-24 14:14:39 WARNING  You requested fastpointsources, but the PSF and/or chromaticity are incompatible with this setting.  Disabling fastpointsources.
2026-04-24 14:14:41 INFO     Rendered 0 point sources in 0.0468 seconds
2026-04-24 14:14:41 INFO     Rendered 49 total sources in 1.64 seconds
2026-04-24 14:14:45 INFO     Apportioning electrons to resultants...
/home/np274/roman_l2_job/.pixi/envs/default/lib/python3.12/site-packages/romanisim/persistence.py:252: RuntimeWarning: invalid value encountered in power
  * (x / x0)**alpha * (dt / 1000)**(-gamma))
2026-04-24 14:17:17 INFO     Adding IPC...
2026-04-24 14:17:36 INFO     Adding read noise...
2026-04-24 14:18:12 INFO     Fitting ramps.
2026-04-24 14:18:25 INFO     Simulation complete.
