2026-04-24 13:01:22 INFO     Starting simulation...
2026-04-24 13:01:30 WARNING  266 points with problematic saturation / inverse linearity values!
2026-04-24 13:01:34 INFO     Simulating filter F158...
2026-04-24 13:01:34 INFO     Creating PSF using stpsf
2026-04-24 13:01:35 INFO     Using pupil mask 'F062' and detector 'WFI01'.
2026-04-24 13:01:35 INFO     Using pupil mask 'F062' and detector 'WFI10'.
2026-04-24 13:01:36 INFO     Using pupil mask 'F158' and detector 'WFI10'.
2026-04-24 13:01:36 INFO     No source spectrum supplied, therefore defaulting to 5700 K blackbody
2026-04-24 13:01:36 INFO     Computing wavelength weights using synthetic photometry for F158...
2026-04-24 13:01:36 INFO     Using pupil mask 'F158' and detector 'WFI10'.
2026-04-24 13:01:36 INFO     PSF calc using fov_arcsec = 5.000000, oversample = 4, number of wavelengths = 10
2026-04-24 13:01:36 INFO     Creating optical system model:
2026-04-24 13:01:36 INFO     Initialized OpticalSystem: Roman+WFI
2026-04-24 13:01:36 INFO     Roman Entrance Pupil: Loaded amplitude transmission from /home/np274/roman_l2_job/stpsf-data/WFI/pupils/RST_WIM_Filter_F158_WFI10.fits.gz
2026-04-24 13:01:36 INFO     Roman Entrance Pupil: Loaded OPD from /home/np274/roman_l2_job/stpsf-data/upscaled_HST_OPD.fits
2026-04-24 13:01:36 INFO     Added pupil plane: Roman Entrance Pupil
2026-04-24 13:01:36 INFO     Added coordinate inversion plane: OTE exit pupil
2026-04-24 13:01:36 INFO     Added pupil plane: Field Dependent Aberration (WFI10)
2026-04-24 13:01:36 INFO     Added detector with pixelscale=0.1078577405 and oversampling=4: WFI detector
2026-04-24 13:01:36 INFO     Calculating PSF with 10 wavelengths
2026-04-24 13:01:36 INFO      Propagating wavelength = 1.40335e-06 m
2026-04-24 13:01:49 INFO      Propagating wavelength = 1.44405e-06 m
2026-04-24 13:01:51 INFO      Propagating wavelength = 1.48475e-06 m
2026-04-24 13:01:52 INFO      Propagating wavelength = 1.52545e-06 m
2026-04-24 13:01:54 INFO      Propagating wavelength = 1.56615e-06 m
2026-04-24 13:01:55 INFO      Propagating wavelength = 1.60685e-06 m
2026-04-24 13:01:57 INFO      Propagating wavelength = 1.64755e-06 m
2026-04-24 13:01:58 INFO      Propagating wavelength = 1.68825e-06 m
2026-04-24 13:02:00 INFO      Propagating wavelength = 1.72895e-06 m
2026-04-24 13:02:01 INFO      Propagating wavelength = 1.76965e-06 m
2026-04-24 13:02:03 INFO       Calculation completed in 26.395 s
2026-04-24 13:02:03 INFO     PSF Calculation completed.
2026-04-24 13:02:03 INFO     Calculating jitter using gaussian
2026-04-24 13:02:03 INFO     Jitter: Convolving with Gaussian with sigma=0.012 arcsec
2026-04-24 13:02:03 INFO             resulting image peak drops to 0.972 of its previous value
2026-04-24 13:02:03 INFO     Detector charge diffusion not applied because charge_diffusion_sigma option is 0
2026-04-24 13:02:03 INFO      Adding extension with image downsampled to detector pixel scale.
2026-04-24 13:02:03 INFO      Downsampling to detector pixel scale, by 4
2026-04-24 13:02:03 INFO      Downsampling to detector pixel scale, by 4
2026-04-24 13:02:03 INFO     Creating PSF using stpsf
2026-04-24 13:02:03 INFO     Using pupil mask 'F062' and detector 'WFI01'.
2026-04-24 13:02:03 INFO     Using pupil mask 'F062' and detector 'WFI10'.
2026-04-24 13:02:03 INFO     Using pupil mask 'F158' and detector 'WFI10'.
2026-04-24 13:02:03 INFO     No source spectrum supplied, therefore defaulting to 5700 K blackbody
2026-04-24 13:02:03 INFO     Computing wavelength weights using synthetic photometry for F158...
2026-04-24 13:02:03 INFO     Using pupil mask 'F158' and detector 'WFI10'.
2026-04-24 13:02:03 INFO     PSF calc using fov_arcsec = 5.000000, oversample = 4, number of wavelengths = 10
2026-04-24 13:02:03 INFO     Creating optical system model:
2026-04-24 13:02:03 INFO     Initialized OpticalSystem: Roman+WFI
2026-04-24 13:02:04 INFO     Roman Entrance Pupil: Loaded amplitude transmission from /home/np274/roman_l2_job/stpsf-data/WFI/pupils/RST_WIM_Filter_F158_WFI10.fits.gz
2026-04-24 13:02:04 INFO     Roman Entrance Pupil: Loaded OPD from /home/np274/roman_l2_job/stpsf-data/upscaled_HST_OPD.fits
2026-04-24 13:02:04 INFO     Added pupil plane: Roman Entrance Pupil
2026-04-24 13:02:04 INFO     Added coordinate inversion plane: OTE exit pupil
2026-04-24 13:02:04 INFO     Added pupil plane: Field Dependent Aberration (WFI10)
2026-04-24 13:02:04 INFO     Added detector with pixelscale=0.1078577405 and oversampling=4: WFI detector
2026-04-24 13:02:04 INFO     Calculating PSF with 10 wavelengths
2026-04-24 13:02:04 INFO      Propagating wavelength = 1.40335e-06 m
2026-04-24 13:02:05 INFO      Propagating wavelength = 1.44405e-06 m
2026-04-24 13:02:07 INFO      Propagating wavelength = 1.48475e-06 m
2026-04-24 13:02:08 INFO      Propagating wavelength = 1.52545e-06 m
2026-04-24 13:02:10 INFO      Propagating wavelength = 1.56615e-06 m
2026-04-24 13:02:11 INFO      Propagating wavelength = 1.60685e-06 m
2026-04-24 13:02:13 INFO      Propagating wavelength = 1.64755e-06 m
2026-04-24 13:02:14 INFO      Propagating wavelength = 1.68825e-06 m
2026-04-24 13:02:16 INFO      Propagating wavelength = 1.72895e-06 m
2026-04-24 13:02:17 INFO      Propagating wavelength = 1.76965e-06 m
2026-04-24 13:02:19 INFO       Calculation completed in 15.285 s
2026-04-24 13:02:19 INFO     PSF Calculation completed.
2026-04-24 13:02:19 INFO     Calculating jitter using gaussian
2026-04-24 13:02:19 INFO     Jitter: Convolving with Gaussian with sigma=0.012 arcsec
2026-04-24 13:02:19 INFO             resulting image peak drops to 0.973 of its previous value
2026-04-24 13:02:19 INFO     Detector charge diffusion not applied because charge_diffusion_sigma option is 0
2026-04-24 13:02:19 INFO      Adding extension with image downsampled to detector pixel scale.
2026-04-24 13:02:19 INFO      Downsampling to detector pixel scale, by 4
2026-04-24 13:02:19 INFO      Downsampling to detector pixel scale, by 4
2026-04-24 13:02:19 INFO     Creating PSF using stpsf
2026-04-24 13:02:19 INFO     Using pupil mask 'F062' and detector 'WFI01'.
2026-04-24 13:02:19 INFO     Using pupil mask 'F062' and detector 'WFI10'.
2026-04-24 13:02:19 INFO     Using pupil mask 'F158' and detector 'WFI10'.
2026-04-24 13:02:19 INFO     No source spectrum supplied, therefore defaulting to 5700 K blackbody
2026-04-24 13:02:19 INFO     Computing wavelength weights using synthetic photometry for F158...
2026-04-24 13:02:20 INFO     Using pupil mask 'F158' and detector 'WFI10'.
2026-04-24 13:02:20 INFO     PSF calc using fov_arcsec = 5.000000, oversample = 4, number of wavelengths = 10
2026-04-24 13:02:20 INFO     Creating optical system model:
2026-04-24 13:02:20 INFO     Initialized OpticalSystem: Roman+WFI
2026-04-24 13:02:20 INFO     Roman Entrance Pupil: Loaded amplitude transmission from /home/np274/roman_l2_job/stpsf-data/WFI/pupils/RST_WIM_Filter_F158_WFI10.fits.gz
2026-04-24 13:02:20 INFO     Roman Entrance Pupil: Loaded OPD from /home/np274/roman_l2_job/stpsf-data/upscaled_HST_OPD.fits
2026-04-24 13:02:20 INFO     Added pupil plane: Roman Entrance Pupil
2026-04-24 13:02:20 INFO     Added coordinate inversion plane: OTE exit pupil
2026-04-24 13:02:20 INFO     Added pupil plane: Field Dependent Aberration (WFI10)
2026-04-24 13:02:20 INFO     Added detector with pixelscale=0.1078577405 and oversampling=4: WFI detector
2026-04-24 13:02:20 INFO     Calculating PSF with 10 wavelengths
2026-04-24 13:02:20 INFO      Propagating wavelength = 1.40335e-06 m
2026-04-24 13:02:21 INFO      Propagating wavelength = 1.44405e-06 m
2026-04-24 13:02:23 INFO      Propagating wavelength = 1.48475e-06 m
2026-04-24 13:02:24 INFO      Propagating wavelength = 1.52545e-06 m
2026-04-24 13:02:26 INFO      Propagating wavelength = 1.56615e-06 m
2026-04-24 13:02:27 INFO      Propagating wavelength = 1.60685e-06 m
2026-04-24 13:02:29 INFO      Propagating wavelength = 1.64755e-06 m
2026-04-24 13:02:30 INFO      Propagating wavelength = 1.68825e-06 m
2026-04-24 13:02:32 INFO      Propagating wavelength = 1.72895e-06 m
2026-04-24 13:02:33 INFO      Propagating wavelength = 1.76965e-06 m
2026-04-24 13:02:35 INFO       Calculation completed in 15.092 s
2026-04-24 13:02:35 INFO     PSF Calculation completed.
2026-04-24 13:02:35 INFO     Calculating jitter using gaussian
2026-04-24 13:02:35 INFO     Jitter: Convolving with Gaussian with sigma=0.012 arcsec
2026-04-24 13:02:35 INFO             resulting image peak drops to 0.972 of its previous value
2026-04-24 13:02:35 INFO     Detector charge diffusion not applied because charge_diffusion_sigma option is 0
2026-04-24 13:02:35 INFO      Adding extension with image downsampled to detector pixel scale.
2026-04-24 13:02:35 INFO      Downsampling to detector pixel scale, by 4
2026-04-24 13:02:35 INFO      Downsampling to detector pixel scale, by 4
2026-04-24 13:02:35 INFO     Creating PSF using stpsf
2026-04-24 13:02:35 INFO     Using pupil mask 'F062' and detector 'WFI01'.
2026-04-24 13:02:35 INFO     Using pupil mask 'F062' and detector 'WFI10'.
2026-04-24 13:02:35 INFO     Using pupil mask 'F158' and detector 'WFI10'.
2026-04-24 13:02:35 INFO     No source spectrum supplied, therefore defaulting to 5700 K blackbody
2026-04-24 13:02:35 INFO     Computing wavelength weights using synthetic photometry for F158...
2026-04-24 13:02:36 INFO     Using pupil mask 'F158' and detector 'WFI10'.
2026-04-24 13:02:36 INFO     PSF calc using fov_arcsec = 5.000000, oversample = 4, number of wavelengths = 10
2026-04-24 13:02:36 INFO     Creating optical system model:
2026-04-24 13:02:36 INFO     Initialized OpticalSystem: Roman+WFI
2026-04-24 13:02:36 INFO     Roman Entrance Pupil: Loaded amplitude transmission from /home/np274/roman_l2_job/stpsf-data/WFI/pupils/RST_WIM_Filter_F158_WFI10.fits.gz
2026-04-24 13:02:36 INFO     Roman Entrance Pupil: Loaded OPD from /home/np274/roman_l2_job/stpsf-data/upscaled_HST_OPD.fits
2026-04-24 13:02:36 INFO     Added pupil plane: Roman Entrance Pupil
2026-04-24 13:02:36 INFO     Added coordinate inversion plane: OTE exit pupil
2026-04-24 13:02:36 INFO     Added pupil plane: Field Dependent Aberration (WFI10)
2026-04-24 13:02:36 INFO     Added detector with pixelscale=0.1078577405 and oversampling=4: WFI detector
2026-04-24 13:02:36 INFO     Calculating PSF with 10 wavelengths
2026-04-24 13:02:36 INFO      Propagating wavelength = 1.40335e-06 m
2026-04-24 13:02:37 INFO      Propagating wavelength = 1.44405e-06 m
2026-04-24 13:02:39 INFO      Propagating wavelength = 1.48475e-06 m
2026-04-24 13:02:40 INFO      Propagating wavelength = 1.52545e-06 m
2026-04-24 13:02:42 INFO      Propagating wavelength = 1.56615e-06 m
2026-04-24 13:02:43 INFO      Propagating wavelength = 1.60685e-06 m
2026-04-24 13:02:45 INFO      Propagating wavelength = 1.64755e-06 m
2026-04-24 13:02:46 INFO      Propagating wavelength = 1.68825e-06 m
2026-04-24 13:02:48 INFO      Propagating wavelength = 1.72895e-06 m
2026-04-24 13:02:49 INFO      Propagating wavelength = 1.76965e-06 m
2026-04-24 13:02:51 INFO       Calculation completed in 14.986 s
2026-04-24 13:02:51 INFO     PSF Calculation completed.
2026-04-24 13:02:51 INFO     Calculating jitter using gaussian
2026-04-24 13:02:51 INFO     Jitter: Convolving with Gaussian with sigma=0.012 arcsec
2026-04-24 13:02:51 INFO             resulting image peak drops to 0.973 of its previous value
2026-04-24 13:02:51 INFO     Detector charge diffusion not applied because charge_diffusion_sigma option is 0
2026-04-24 13:02:51 INFO      Adding extension with image downsampled to detector pixel scale.
2026-04-24 13:02:51 INFO      Downsampling to detector pixel scale, by 4
2026-04-24 13:02:51 INFO      Downsampling to detector pixel scale, by 4
2026-04-24 13:03:04 WARNING  max(qe) > 1.1; this seems weird?!
2026-04-24 13:03:04 WARNING  Found 3 pixels with implied qe > 2; clipping these to qe 2
2026-04-24 13:03:04 INFO     Adding 40 sources to image...
2026-04-24 13:03:04 WARNING  You requested fastpointsources, but the PSF and/or chromaticity are incompatible with this setting.  Disabling fastpointsources.
2026-04-24 13:03:06 INFO     Rendered 0 point sources in 0.0472 seconds
2026-04-24 13:03:06 INFO     Rendered 40 total sources in 1.33 seconds
2026-04-24 13:03:10 INFO     Apportioning electrons to resultants...
/home/np274/roman_l2_job/.pixi/envs/default/lib/python3.12/site-packages/romanisim/persistence.py:252: RuntimeWarning: invalid value encountered in power
  * (x / x0)**alpha * (dt / 1000)**(-gamma))
2026-04-24 13:05:39 INFO     Adding IPC...
2026-04-24 13:05:58 INFO     Adding read noise...
2026-04-24 13:06:35 INFO     Fitting ramps.
2026-04-24 13:06:47 INFO     Simulation complete.
