2026-04-24 12:44:42 INFO     Starting simulation...
2026-04-24 12:44:51 WARNING  136 points with problematic saturation / inverse linearity values!
2026-04-24 12:44:55 INFO     Simulating filter F158...
2026-04-24 12:44:55 INFO     Creating PSF using stpsf
2026-04-24 12:44:56 INFO     Using pupil mask 'F062' and detector 'WFI01'.
2026-04-24 12:44:56 INFO     Using pupil mask 'F062' and detector 'WFI15'.
2026-04-24 12:44:56 INFO     Using pupil mask 'F158' and detector 'WFI15'.
2026-04-24 12:44:56 INFO     No source spectrum supplied, therefore defaulting to 5700 K blackbody
2026-04-24 12:44:56 INFO     Computing wavelength weights using synthetic photometry for F158...
2026-04-24 12:44:57 INFO     Using pupil mask 'F158' and detector 'WFI15'.
2026-04-24 12:44:57 INFO     PSF calc using fov_arcsec = 5.000000, oversample = 4, number of wavelengths = 10
2026-04-24 12:44:57 INFO     Creating optical system model:
2026-04-24 12:44:57 INFO     Initialized OpticalSystem: Roman+WFI
2026-04-24 12:44:57 INFO     Roman Entrance Pupil: Loaded amplitude transmission from /home/np274/roman_l2_job/stpsf-data/WFI/pupils/RST_WIM_Filter_F158_WFI15.fits.gz
2026-04-24 12:44:57 INFO     Roman Entrance Pupil: Loaded OPD from /home/np274/roman_l2_job/stpsf-data/upscaled_HST_OPD.fits
2026-04-24 12:44:57 INFO     Added pupil plane: Roman Entrance Pupil
2026-04-24 12:44:57 INFO     Added coordinate inversion plane: OTE exit pupil
2026-04-24 12:44:57 INFO     Added pupil plane: Field Dependent Aberration (WFI15)
2026-04-24 12:44:57 INFO     Added detector with pixelscale=0.1078577405 and oversampling=4: WFI detector
2026-04-24 12:44:57 INFO     Calculating PSF with 10 wavelengths
2026-04-24 12:44:57 INFO      Propagating wavelength = 1.3983e-06 m
2026-04-24 12:45:10 INFO      Propagating wavelength = 1.4389e-06 m
2026-04-24 12:45:12 INFO      Propagating wavelength = 1.4795e-06 m
2026-04-24 12:45:13 INFO      Propagating wavelength = 1.5201e-06 m
2026-04-24 12:45:15 INFO      Propagating wavelength = 1.5607e-06 m
2026-04-24 12:45:16 INFO      Propagating wavelength = 1.6013e-06 m
2026-04-24 12:45:18 INFO      Propagating wavelength = 1.6419e-06 m
2026-04-24 12:45:19 INFO      Propagating wavelength = 1.6825e-06 m
2026-04-24 12:45:21 INFO      Propagating wavelength = 1.7231e-06 m
2026-04-24 12:45:22 INFO      Propagating wavelength = 1.7637e-06 m
2026-04-24 12:45:24 INFO       Calculation completed in 26.516 s
2026-04-24 12:45:24 INFO     PSF Calculation completed.
2026-04-24 12:45:24 INFO     Calculating jitter using gaussian
2026-04-24 12:45:24 INFO     Jitter: Convolving with Gaussian with sigma=0.012 arcsec
2026-04-24 12:45:24 INFO             resulting image peak drops to 0.973 of its previous value
2026-04-24 12:45:24 INFO     Detector charge diffusion not applied because charge_diffusion_sigma option is 0
2026-04-24 12:45:24 INFO      Adding extension with image downsampled to detector pixel scale.
2026-04-24 12:45:24 INFO      Downsampling to detector pixel scale, by 4
2026-04-24 12:45:24 INFO      Downsampling to detector pixel scale, by 4
2026-04-24 12:45:24 INFO     Creating PSF using stpsf
2026-04-24 12:45:24 INFO     Using pupil mask 'F062' and detector 'WFI01'.
2026-04-24 12:45:24 INFO     Using pupil mask 'F062' and detector 'WFI15'.
2026-04-24 12:45:24 INFO     Using pupil mask 'F158' and detector 'WFI15'.
2026-04-24 12:45:24 INFO     No source spectrum supplied, therefore defaulting to 5700 K blackbody
2026-04-24 12:45:24 INFO     Computing wavelength weights using synthetic photometry for F158...
2026-04-24 12:45:24 INFO     Using pupil mask 'F158' and detector 'WFI15'.
2026-04-24 12:45:24 INFO     PSF calc using fov_arcsec = 5.000000, oversample = 4, number of wavelengths = 10
2026-04-24 12:45:24 INFO     Creating optical system model:
2026-04-24 12:45:24 INFO     Initialized OpticalSystem: Roman+WFI
2026-04-24 12:45:25 INFO     Roman Entrance Pupil: Loaded amplitude transmission from /home/np274/roman_l2_job/stpsf-data/WFI/pupils/RST_WIM_Filter_F158_WFI15.fits.gz
2026-04-24 12:45:25 INFO     Roman Entrance Pupil: Loaded OPD from /home/np274/roman_l2_job/stpsf-data/upscaled_HST_OPD.fits
2026-04-24 12:45:25 INFO     Added pupil plane: Roman Entrance Pupil
2026-04-24 12:45:25 INFO     Added coordinate inversion plane: OTE exit pupil
2026-04-24 12:45:25 INFO     Added pupil plane: Field Dependent Aberration (WFI15)
2026-04-24 12:45:25 INFO     Added detector with pixelscale=0.1078577405 and oversampling=4: WFI detector
2026-04-24 12:45:25 INFO     Calculating PSF with 10 wavelengths
2026-04-24 12:45:25 INFO      Propagating wavelength = 1.3983e-06 m
2026-04-24 12:45:26 INFO      Propagating wavelength = 1.4389e-06 m
2026-04-24 12:45:28 INFO      Propagating wavelength = 1.4795e-06 m
2026-04-24 12:45:29 INFO      Propagating wavelength = 1.5201e-06 m
2026-04-24 12:45:31 INFO      Propagating wavelength = 1.5607e-06 m
2026-04-24 12:45:32 INFO      Propagating wavelength = 1.6013e-06 m
2026-04-24 12:45:34 INFO      Propagating wavelength = 1.6419e-06 m
2026-04-24 12:45:35 INFO      Propagating wavelength = 1.6825e-06 m
2026-04-24 12:45:37 INFO      Propagating wavelength = 1.7231e-06 m
2026-04-24 12:45:38 INFO      Propagating wavelength = 1.7637e-06 m
2026-04-24 12:45:40 INFO       Calculation completed in 15.192 s
2026-04-24 12:45:40 INFO     PSF Calculation completed.
2026-04-24 12:45:40 INFO     Calculating jitter using gaussian
2026-04-24 12:45:40 INFO     Jitter: Convolving with Gaussian with sigma=0.012 arcsec
2026-04-24 12:45:40 INFO             resulting image peak drops to 0.973 of its previous value
2026-04-24 12:45:40 INFO     Detector charge diffusion not applied because charge_diffusion_sigma option is 0
2026-04-24 12:45:40 INFO      Adding extension with image downsampled to detector pixel scale.
2026-04-24 12:45:40 INFO      Downsampling to detector pixel scale, by 4
2026-04-24 12:45:40 INFO      Downsampling to detector pixel scale, by 4
2026-04-24 12:45:40 INFO     Creating PSF using stpsf
2026-04-24 12:45:40 INFO     Using pupil mask 'F062' and detector 'WFI01'.
2026-04-24 12:45:40 INFO     Using pupil mask 'F062' and detector 'WFI15'.
2026-04-24 12:45:40 INFO     Using pupil mask 'F158' and detector 'WFI15'.
2026-04-24 12:45:40 INFO     No source spectrum supplied, therefore defaulting to 5700 K blackbody
2026-04-24 12:45:40 INFO     Computing wavelength weights using synthetic photometry for F158...
2026-04-24 12:45:41 INFO     Using pupil mask 'F158' and detector 'WFI15'.
2026-04-24 12:45:41 INFO     PSF calc using fov_arcsec = 5.000000, oversample = 4, number of wavelengths = 10
2026-04-24 12:45:41 INFO     Creating optical system model:
2026-04-24 12:45:41 INFO     Initialized OpticalSystem: Roman+WFI
2026-04-24 12:45:41 INFO     Roman Entrance Pupil: Loaded amplitude transmission from /home/np274/roman_l2_job/stpsf-data/WFI/pupils/RST_WIM_Filter_F158_WFI15.fits.gz
2026-04-24 12:45:41 INFO     Roman Entrance Pupil: Loaded OPD from /home/np274/roman_l2_job/stpsf-data/upscaled_HST_OPD.fits
2026-04-24 12:45:41 INFO     Added pupil plane: Roman Entrance Pupil
2026-04-24 12:45:41 INFO     Added coordinate inversion plane: OTE exit pupil
2026-04-24 12:45:41 INFO     Added pupil plane: Field Dependent Aberration (WFI15)
2026-04-24 12:45:41 INFO     Added detector with pixelscale=0.1078577405 and oversampling=4: WFI detector
2026-04-24 12:45:41 INFO     Calculating PSF with 10 wavelengths
2026-04-24 12:45:41 INFO      Propagating wavelength = 1.3983e-06 m
2026-04-24 12:45:42 INFO      Propagating wavelength = 1.4389e-06 m
2026-04-24 12:45:44 INFO      Propagating wavelength = 1.4795e-06 m
2026-04-24 12:45:45 INFO      Propagating wavelength = 1.5201e-06 m
2026-04-24 12:45:47 INFO      Propagating wavelength = 1.5607e-06 m
2026-04-24 12:45:48 INFO      Propagating wavelength = 1.6013e-06 m
2026-04-24 12:45:50 INFO      Propagating wavelength = 1.6419e-06 m
2026-04-24 12:45:51 INFO      Propagating wavelength = 1.6825e-06 m
2026-04-24 12:45:53 INFO      Propagating wavelength = 1.7231e-06 m
2026-04-24 12:45:54 INFO      Propagating wavelength = 1.7637e-06 m
2026-04-24 12:45:56 INFO       Calculation completed in 15.061 s
2026-04-24 12:45:56 INFO     PSF Calculation completed.
2026-04-24 12:45:56 INFO     Calculating jitter using gaussian
2026-04-24 12:45:56 INFO     Jitter: Convolving with Gaussian with sigma=0.012 arcsec
2026-04-24 12:45:56 INFO             resulting image peak drops to 0.973 of its previous value
2026-04-24 12:45:56 INFO     Detector charge diffusion not applied because charge_diffusion_sigma option is 0
2026-04-24 12:45:56 INFO      Adding extension with image downsampled to detector pixel scale.
2026-04-24 12:45:56 INFO      Downsampling to detector pixel scale, by 4
2026-04-24 12:45:56 INFO      Downsampling to detector pixel scale, by 4
2026-04-24 12:45:56 INFO     Creating PSF using stpsf
2026-04-24 12:45:56 INFO     Using pupil mask 'F062' and detector 'WFI01'.
2026-04-24 12:45:56 INFO     Using pupil mask 'F062' and detector 'WFI15'.
2026-04-24 12:45:56 INFO     Using pupil mask 'F158' and detector 'WFI15'.
2026-04-24 12:45:56 INFO     No source spectrum supplied, therefore defaulting to 5700 K blackbody
2026-04-24 12:45:56 INFO     Computing wavelength weights using synthetic photometry for F158...
2026-04-24 12:45:57 INFO     Using pupil mask 'F158' and detector 'WFI15'.
2026-04-24 12:45:57 INFO     PSF calc using fov_arcsec = 5.000000, oversample = 4, number of wavelengths = 10
2026-04-24 12:45:57 INFO     Creating optical system model:
2026-04-24 12:45:57 INFO     Initialized OpticalSystem: Roman+WFI
2026-04-24 12:45:57 INFO     Roman Entrance Pupil: Loaded amplitude transmission from /home/np274/roman_l2_job/stpsf-data/WFI/pupils/RST_WIM_Filter_F158_WFI15.fits.gz
2026-04-24 12:45:57 INFO     Roman Entrance Pupil: Loaded OPD from /home/np274/roman_l2_job/stpsf-data/upscaled_HST_OPD.fits
2026-04-24 12:45:57 INFO     Added pupil plane: Roman Entrance Pupil
2026-04-24 12:45:57 INFO     Added coordinate inversion plane: OTE exit pupil
2026-04-24 12:45:57 INFO     Added pupil plane: Field Dependent Aberration (WFI15)
2026-04-24 12:45:57 INFO     Added detector with pixelscale=0.1078577405 and oversampling=4: WFI detector
2026-04-24 12:45:57 INFO     Calculating PSF with 10 wavelengths
2026-04-24 12:45:57 INFO      Propagating wavelength = 1.3983e-06 m
2026-04-24 12:45:58 INFO      Propagating wavelength = 1.4389e-06 m
2026-04-24 12:46:00 INFO      Propagating wavelength = 1.4795e-06 m
2026-04-24 12:46:01 INFO      Propagating wavelength = 1.5201e-06 m
2026-04-24 12:46:03 INFO      Propagating wavelength = 1.5607e-06 m
2026-04-24 12:46:04 INFO      Propagating wavelength = 1.6013e-06 m
2026-04-24 12:46:06 INFO      Propagating wavelength = 1.6419e-06 m
2026-04-24 12:46:07 INFO      Propagating wavelength = 1.6825e-06 m
2026-04-24 12:46:09 INFO      Propagating wavelength = 1.7231e-06 m
2026-04-24 12:46:10 INFO      Propagating wavelength = 1.7637e-06 m
2026-04-24 12:46:12 INFO       Calculation completed in 14.807 s
2026-04-24 12:46:12 INFO     PSF Calculation completed.
2026-04-24 12:46:12 INFO     Calculating jitter using gaussian
2026-04-24 12:46:12 INFO     Jitter: Convolving with Gaussian with sigma=0.012 arcsec
2026-04-24 12:46:12 INFO             resulting image peak drops to 0.973 of its previous value
2026-04-24 12:46:12 INFO     Detector charge diffusion not applied because charge_diffusion_sigma option is 0
2026-04-24 12:46:12 INFO      Adding extension with image downsampled to detector pixel scale.
2026-04-24 12:46:12 INFO      Downsampling to detector pixel scale, by 4
2026-04-24 12:46:12 INFO      Downsampling to detector pixel scale, by 4
2026-04-24 12:46:25 WARNING  max(qe) > 1.1; this seems weird?!
2026-04-24 12:46:25 INFO     Adding 11 sources to image...
2026-04-24 12:46:25 WARNING  You requested fastpointsources, but the PSF and/or chromaticity are incompatible with this setting.  Disabling fastpointsources.
2026-04-24 12:46:26 INFO     Rendered 0 point sources in 0.0484 seconds
2026-04-24 12:46:26 INFO     Rendered 11 total sources in 0.434 seconds
2026-04-24 12:46:30 INFO     Apportioning electrons to resultants...
/home/np274/roman_l2_job/.pixi/envs/default/lib/python3.12/site-packages/romanisim/persistence.py:252: RuntimeWarning: invalid value encountered in power
  * (x / x0)**alpha * (dt / 1000)**(-gamma))
2026-04-24 12:48:56 INFO     Adding IPC...
2026-04-24 12:49:15 INFO     Adding read noise...
2026-04-24 12:49:51 INFO     Fitting ramps.
2026-04-24 12:50:03 INFO     Simulation complete.
