2026-04-24 15:32:16 INFO     Starting simulation...
2026-04-24 15:32:21 WARNING  266 points with problematic saturation / inverse linearity values!
2026-04-24 15:32:23 INFO     Simulating filter F158...
2026-04-24 15:32:23 INFO     Creating PSF using stpsf
2026-04-24 15:32:25 INFO     Using pupil mask 'F062' and detector 'WFI01'.
2026-04-24 15:32:25 INFO     Using pupil mask 'F062' and detector 'WFI10'.
2026-04-24 15:32:25 INFO     Using pupil mask 'F158' and detector 'WFI10'.
2026-04-24 15:32:25 INFO     No source spectrum supplied, therefore defaulting to 5700 K blackbody
2026-04-24 15:32:25 INFO     Computing wavelength weights using synthetic photometry for F158...
2026-04-24 15:32:25 INFO     Using pupil mask 'F158' and detector 'WFI10'.
2026-04-24 15:32:25 INFO     PSF calc using fov_arcsec = 5.000000, oversample = 4, number of wavelengths = 10
2026-04-24 15:32:25 INFO     Creating optical system model:
2026-04-24 15:32:25 INFO     Initialized OpticalSystem: Roman+WFI
2026-04-24 15:32:25 INFO     Roman Entrance Pupil: Loaded amplitude transmission from /home/np274/roman_l2_job/stpsf-data/WFI/pupils/RST_WIM_Filter_F158_WFI10.fits.gz
2026-04-24 15:32:25 INFO     Roman Entrance Pupil: Loaded OPD from /home/np274/roman_l2_job/stpsf-data/upscaled_HST_OPD.fits
2026-04-24 15:32:25 INFO     Added pupil plane: Roman Entrance Pupil
2026-04-24 15:32:26 INFO     Added coordinate inversion plane: OTE exit pupil
2026-04-24 15:32:26 INFO     Added pupil plane: Field Dependent Aberration (WFI10)
2026-04-24 15:32:26 INFO     Added detector with pixelscale=0.1078577405 and oversampling=4: WFI detector
2026-04-24 15:32:26 INFO     Calculating PSF with 10 wavelengths
2026-04-24 15:32:26 INFO      Propagating wavelength = 1.40335e-06 m
2026-04-24 15:32:38 INFO      Propagating wavelength = 1.44405e-06 m
2026-04-24 15:32:40 INFO      Propagating wavelength = 1.48475e-06 m
2026-04-24 15:32:41 INFO      Propagating wavelength = 1.52545e-06 m
2026-04-24 15:32:43 INFO      Propagating wavelength = 1.56615e-06 m
2026-04-24 15:32:44 INFO      Propagating wavelength = 1.60685e-06 m
2026-04-24 15:32:46 INFO      Propagating wavelength = 1.64755e-06 m
2026-04-24 15:32:47 INFO      Propagating wavelength = 1.68825e-06 m
2026-04-24 15:32:49 INFO      Propagating wavelength = 1.72895e-06 m
2026-04-24 15:32:50 INFO      Propagating wavelength = 1.76965e-06 m
2026-04-24 15:32:52 INFO       Calculation completed in 26.116 s
2026-04-24 15:32:52 INFO     PSF Calculation completed.
2026-04-24 15:32:52 INFO     Calculating jitter using gaussian
2026-04-24 15:32:52 INFO     Jitter: Convolving with Gaussian with sigma=0.012 arcsec
2026-04-24 15:32:52 INFO             resulting image peak drops to 0.972 of its previous value
2026-04-24 15:32:52 INFO     Detector charge diffusion not applied because charge_diffusion_sigma option is 0
2026-04-24 15:32:52 INFO      Adding extension with image downsampled to detector pixel scale.
2026-04-24 15:32:52 INFO      Downsampling to detector pixel scale, by 4
2026-04-24 15:32:52 INFO      Downsampling to detector pixel scale, by 4
2026-04-24 15:32:52 INFO     Creating PSF using stpsf
2026-04-24 15:32:52 INFO     Using pupil mask 'F062' and detector 'WFI01'.
2026-04-24 15:32:52 INFO     Using pupil mask 'F062' and detector 'WFI10'.
2026-04-24 15:32:52 INFO     Using pupil mask 'F158' and detector 'WFI10'.
2026-04-24 15:32:52 INFO     No source spectrum supplied, therefore defaulting to 5700 K blackbody
2026-04-24 15:32:52 INFO     Computing wavelength weights using synthetic photometry for F158...
2026-04-24 15:32:52 INFO     Using pupil mask 'F158' and detector 'WFI10'.
2026-04-24 15:32:52 INFO     PSF calc using fov_arcsec = 5.000000, oversample = 4, number of wavelengths = 10
2026-04-24 15:32:52 INFO     Creating optical system model:
2026-04-24 15:32:52 INFO     Initialized OpticalSystem: Roman+WFI
2026-04-24 15:32:53 INFO     Roman Entrance Pupil: Loaded amplitude transmission from /home/np274/roman_l2_job/stpsf-data/WFI/pupils/RST_WIM_Filter_F158_WFI10.fits.gz
2026-04-24 15:32:53 INFO     Roman Entrance Pupil: Loaded OPD from /home/np274/roman_l2_job/stpsf-data/upscaled_HST_OPD.fits
2026-04-24 15:32:53 INFO     Added pupil plane: Roman Entrance Pupil
2026-04-24 15:32:53 INFO     Added coordinate inversion plane: OTE exit pupil
2026-04-24 15:32:53 INFO     Added pupil plane: Field Dependent Aberration (WFI10)
2026-04-24 15:32:53 INFO     Added detector with pixelscale=0.1078577405 and oversampling=4: WFI detector
2026-04-24 15:32:53 INFO     Calculating PSF with 10 wavelengths
2026-04-24 15:32:53 INFO      Propagating wavelength = 1.40335e-06 m
2026-04-24 15:32:54 INFO      Propagating wavelength = 1.44405e-06 m
2026-04-24 15:32:56 INFO      Propagating wavelength = 1.48475e-06 m
2026-04-24 15:32:57 INFO      Propagating wavelength = 1.52545e-06 m
2026-04-24 15:32:59 INFO      Propagating wavelength = 1.56615e-06 m
2026-04-24 15:33:00 INFO      Propagating wavelength = 1.60685e-06 m
2026-04-24 15:33:02 INFO      Propagating wavelength = 1.64755e-06 m
2026-04-24 15:33:03 INFO      Propagating wavelength = 1.68825e-06 m
2026-04-24 15:33:05 INFO      Propagating wavelength = 1.72895e-06 m
2026-04-24 15:33:06 INFO      Propagating wavelength = 1.76965e-06 m
2026-04-24 15:33:07 INFO       Calculation completed in 14.835 s
2026-04-24 15:33:07 INFO     PSF Calculation completed.
2026-04-24 15:33:07 INFO     Calculating jitter using gaussian
2026-04-24 15:33:07 INFO     Jitter: Convolving with Gaussian with sigma=0.012 arcsec
2026-04-24 15:33:07 INFO             resulting image peak drops to 0.973 of its previous value
2026-04-24 15:33:07 INFO     Detector charge diffusion not applied because charge_diffusion_sigma option is 0
2026-04-24 15:33:07 INFO      Adding extension with image downsampled to detector pixel scale.
2026-04-24 15:33:07 INFO      Downsampling to detector pixel scale, by 4
2026-04-24 15:33:07 INFO      Downsampling to detector pixel scale, by 4
2026-04-24 15:33:08 INFO     Creating PSF using stpsf
2026-04-24 15:33:08 INFO     Using pupil mask 'F062' and detector 'WFI01'.
2026-04-24 15:33:08 INFO     Using pupil mask 'F062' and detector 'WFI10'.
2026-04-24 15:33:08 INFO     Using pupil mask 'F158' and detector 'WFI10'.
2026-04-24 15:33:08 INFO     No source spectrum supplied, therefore defaulting to 5700 K blackbody
2026-04-24 15:33:08 INFO     Computing wavelength weights using synthetic photometry for F158...
2026-04-24 15:33:08 INFO     Using pupil mask 'F158' and detector 'WFI10'.
2026-04-24 15:33:08 INFO     PSF calc using fov_arcsec = 5.000000, oversample = 4, number of wavelengths = 10
2026-04-24 15:33:08 INFO     Creating optical system model:
2026-04-24 15:33:08 INFO     Initialized OpticalSystem: Roman+WFI
2026-04-24 15:33:08 INFO     Roman Entrance Pupil: Loaded amplitude transmission from /home/np274/roman_l2_job/stpsf-data/WFI/pupils/RST_WIM_Filter_F158_WFI10.fits.gz
2026-04-24 15:33:08 INFO     Roman Entrance Pupil: Loaded OPD from /home/np274/roman_l2_job/stpsf-data/upscaled_HST_OPD.fits
2026-04-24 15:33:08 INFO     Added pupil plane: Roman Entrance Pupil
2026-04-24 15:33:08 INFO     Added coordinate inversion plane: OTE exit pupil
2026-04-24 15:33:08 INFO     Added pupil plane: Field Dependent Aberration (WFI10)
2026-04-24 15:33:08 INFO     Added detector with pixelscale=0.1078577405 and oversampling=4: WFI detector
2026-04-24 15:33:08 INFO     Calculating PSF with 10 wavelengths
2026-04-24 15:33:08 INFO      Propagating wavelength = 1.40335e-06 m
2026-04-24 15:33:10 INFO      Propagating wavelength = 1.44405e-06 m
2026-04-24 15:33:11 INFO      Propagating wavelength = 1.48475e-06 m
2026-04-24 15:33:13 INFO      Propagating wavelength = 1.52545e-06 m
2026-04-24 15:33:14 INFO      Propagating wavelength = 1.56615e-06 m
2026-04-24 15:33:16 INFO      Propagating wavelength = 1.60685e-06 m
2026-04-24 15:33:17 INFO      Propagating wavelength = 1.64755e-06 m
2026-04-24 15:33:19 INFO      Propagating wavelength = 1.68825e-06 m
2026-04-24 15:33:20 INFO      Propagating wavelength = 1.72895e-06 m
2026-04-24 15:33:22 INFO      Propagating wavelength = 1.76965e-06 m
2026-04-24 15:33:23 INFO       Calculation completed in 14.826 s
2026-04-24 15:33:23 INFO     PSF Calculation completed.
2026-04-24 15:33:23 INFO     Calculating jitter using gaussian
2026-04-24 15:33:23 INFO     Jitter: Convolving with Gaussian with sigma=0.012 arcsec
2026-04-24 15:33:23 INFO             resulting image peak drops to 0.972 of its previous value
2026-04-24 15:33:23 INFO     Detector charge diffusion not applied because charge_diffusion_sigma option is 0
2026-04-24 15:33:23 INFO      Adding extension with image downsampled to detector pixel scale.
2026-04-24 15:33:23 INFO      Downsampling to detector pixel scale, by 4
2026-04-24 15:33:23 INFO      Downsampling to detector pixel scale, by 4
2026-04-24 15:33:23 INFO     Creating PSF using stpsf
2026-04-24 15:33:23 INFO     Using pupil mask 'F062' and detector 'WFI01'.
2026-04-24 15:33:23 INFO     Using pupil mask 'F062' and detector 'WFI10'.
2026-04-24 15:33:24 INFO     Using pupil mask 'F158' and detector 'WFI10'.
2026-04-24 15:33:24 INFO     No source spectrum supplied, therefore defaulting to 5700 K blackbody
2026-04-24 15:33:24 INFO     Computing wavelength weights using synthetic photometry for F158...
2026-04-24 15:33:24 INFO     Using pupil mask 'F158' and detector 'WFI10'.
2026-04-24 15:33:24 INFO     PSF calc using fov_arcsec = 5.000000, oversample = 4, number of wavelengths = 10
2026-04-24 15:33:24 INFO     Creating optical system model:
2026-04-24 15:33:24 INFO     Initialized OpticalSystem: Roman+WFI
2026-04-24 15:33:24 INFO     Roman Entrance Pupil: Loaded amplitude transmission from /home/np274/roman_l2_job/stpsf-data/WFI/pupils/RST_WIM_Filter_F158_WFI10.fits.gz
2026-04-24 15:33:24 INFO     Roman Entrance Pupil: Loaded OPD from /home/np274/roman_l2_job/stpsf-data/upscaled_HST_OPD.fits
2026-04-24 15:33:24 INFO     Added pupil plane: Roman Entrance Pupil
2026-04-24 15:33:24 INFO     Added coordinate inversion plane: OTE exit pupil
2026-04-24 15:33:24 INFO     Added pupil plane: Field Dependent Aberration (WFI10)
2026-04-24 15:33:24 INFO     Added detector with pixelscale=0.1078577405 and oversampling=4: WFI detector
2026-04-24 15:33:24 INFO     Calculating PSF with 10 wavelengths
2026-04-24 15:33:24 INFO      Propagating wavelength = 1.40335e-06 m
2026-04-24 15:33:26 INFO      Propagating wavelength = 1.44405e-06 m
2026-04-24 15:33:27 INFO      Propagating wavelength = 1.48475e-06 m
2026-04-24 15:33:29 INFO      Propagating wavelength = 1.52545e-06 m
2026-04-24 15:33:30 INFO      Propagating wavelength = 1.56615e-06 m
2026-04-24 15:33:32 INFO      Propagating wavelength = 1.60685e-06 m
2026-04-24 15:33:33 INFO      Propagating wavelength = 1.64755e-06 m
2026-04-24 15:33:35 INFO      Propagating wavelength = 1.68825e-06 m
2026-04-24 15:33:36 INFO      Propagating wavelength = 1.72895e-06 m
2026-04-24 15:33:38 INFO      Propagating wavelength = 1.76965e-06 m
2026-04-24 15:33:39 INFO       Calculation completed in 14.934 s
2026-04-24 15:33:39 INFO     PSF Calculation completed.
2026-04-24 15:33:39 INFO     Calculating jitter using gaussian
2026-04-24 15:33:39 INFO     Jitter: Convolving with Gaussian with sigma=0.012 arcsec
2026-04-24 15:33:39 INFO             resulting image peak drops to 0.973 of its previous value
2026-04-24 15:33:39 INFO     Detector charge diffusion not applied because charge_diffusion_sigma option is 0
2026-04-24 15:33:39 INFO      Adding extension with image downsampled to detector pixel scale.
2026-04-24 15:33:39 INFO      Downsampling to detector pixel scale, by 4
2026-04-24 15:33:39 INFO      Downsampling to detector pixel scale, by 4
2026-04-24 15:33:53 WARNING  max(qe) > 1.1; this seems weird?!
2026-04-24 15:33:53 WARNING  Found 3 pixels with implied qe > 2; clipping these to qe 2
2026-04-24 15:33:53 INFO     Adding 408 sources to image...
2026-04-24 15:34:09 INFO     Rendered 204 point sources in 0.0605 seconds
2026-04-24 15:34:09 INFO     Rendered 408 total sources in 6.45 seconds
2026-04-24 15:34:13 INFO     Apportioning electrons to resultants...
/home/np274/roman_l2_job/.pixi/envs/default/lib/python3.12/site-packages/romanisim/persistence.py:252: RuntimeWarning: invalid value encountered in power
  * (x / x0)**alpha * (dt / 1000)**(-gamma))
2026-04-24 15:36:48 INFO     Adding IPC...
2026-04-24 15:37:08 INFO     Adding read noise...
2026-04-24 15:37:44 INFO     Fitting ramps.
2026-04-24 15:37:57 INFO     Simulation complete.
