2026-04-24 16:48:28 INFO     Starting simulation...
2026-04-24 16:48:34 WARNING  7412 points with problematic saturation / inverse linearity values!
2026-04-24 16:48:35 INFO     Simulating filter F158...
2026-04-24 16:48:35 INFO     Creating PSF using stpsf
2026-04-24 16:48:37 INFO     Using pupil mask 'F062' and detector 'WFI01'.
2026-04-24 16:48:37 INFO     Using pupil mask 'F062' and detector 'WFI01'.
2026-04-24 16:48:37 INFO     Using pupil mask 'F158' and detector 'WFI01'.
2026-04-24 16:48:37 INFO     No source spectrum supplied, therefore defaulting to 5700 K blackbody
2026-04-24 16:48:37 INFO     Computing wavelength weights using synthetic photometry for F158...
2026-04-24 16:48:37 INFO     Using pupil mask 'F158' and detector 'WFI01'.
2026-04-24 16:48:37 INFO     PSF calc using fov_arcsec = 5.000000, oversample = 4, number of wavelengths = 10
2026-04-24 16:48:37 INFO     Creating optical system model:
2026-04-24 16:48:37 INFO     Initialized OpticalSystem: Roman+WFI
2026-04-24 16:48:38 INFO     Roman Entrance Pupil: Loaded amplitude transmission from /home/np274/roman_l2_job/stpsf-data/WFI/pupils/RST_WIM_Filter_F158_WFI01.fits.gz
2026-04-24 16:48:38 INFO     Roman Entrance Pupil: Loaded OPD from /home/np274/roman_l2_job/stpsf-data/upscaled_HST_OPD.fits
2026-04-24 16:48:38 INFO     Added pupil plane: Roman Entrance Pupil
2026-04-24 16:48:38 INFO     Added coordinate inversion plane: OTE exit pupil
2026-04-24 16:48:38 INFO     Added pupil plane: Field Dependent Aberration (WFI01)
2026-04-24 16:48:38 INFO     Added detector with pixelscale=0.1078577405 and oversampling=4: WFI detector
2026-04-24 16:48:38 INFO     Calculating PSF with 10 wavelengths
2026-04-24 16:48:38 INFO      Propagating wavelength = 1.40335e-06 m
2026-04-24 16:48:50 INFO      Propagating wavelength = 1.44405e-06 m
2026-04-24 16:48:52 INFO      Propagating wavelength = 1.48475e-06 m
2026-04-24 16:48:54 INFO      Propagating wavelength = 1.52545e-06 m
2026-04-24 16:48:55 INFO      Propagating wavelength = 1.56615e-06 m
2026-04-24 16:48:57 INFO      Propagating wavelength = 1.60685e-06 m
2026-04-24 16:48:58 INFO      Propagating wavelength = 1.64755e-06 m
2026-04-24 16:49:00 INFO      Propagating wavelength = 1.68825e-06 m
2026-04-24 16:49:01 INFO      Propagating wavelength = 1.72895e-06 m
2026-04-24 16:49:03 INFO      Propagating wavelength = 1.76965e-06 m
2026-04-24 16:49:04 INFO       Calculation completed in 26.417 s
2026-04-24 16:49:04 INFO     PSF Calculation completed.
2026-04-24 16:49:04 INFO     Calculating jitter using gaussian
2026-04-24 16:49:04 INFO     Jitter: Convolving with Gaussian with sigma=0.012 arcsec
2026-04-24 16:49:04 INFO             resulting image peak drops to 0.973 of its previous value
2026-04-24 16:49:04 INFO     Detector charge diffusion not applied because charge_diffusion_sigma option is 0
2026-04-24 16:49:04 INFO      Adding extension with image downsampled to detector pixel scale.
2026-04-24 16:49:04 INFO      Downsampling to detector pixel scale, by 4
2026-04-24 16:49:04 INFO      Downsampling to detector pixel scale, by 4
2026-04-24 16:49:04 INFO     Creating PSF using stpsf
2026-04-24 16:49:04 INFO     Using pupil mask 'F062' and detector 'WFI01'.
2026-04-24 16:49:04 INFO     Using pupil mask 'F062' and detector 'WFI01'.
2026-04-24 16:49:04 INFO     Using pupil mask 'F158' and detector 'WFI01'.
2026-04-24 16:49:04 INFO     No source spectrum supplied, therefore defaulting to 5700 K blackbody
2026-04-24 16:49:04 INFO     Computing wavelength weights using synthetic photometry for F158...
2026-04-24 16:49:05 INFO     Using pupil mask 'F158' and detector 'WFI01'.
2026-04-24 16:49:05 INFO     PSF calc using fov_arcsec = 5.000000, oversample = 4, number of wavelengths = 10
2026-04-24 16:49:05 INFO     Creating optical system model:
2026-04-24 16:49:05 INFO     Initialized OpticalSystem: Roman+WFI
2026-04-24 16:49:05 INFO     Roman Entrance Pupil: Loaded amplitude transmission from /home/np274/roman_l2_job/stpsf-data/WFI/pupils/RST_WIM_Filter_F158_WFI01.fits.gz
2026-04-24 16:49:05 INFO     Roman Entrance Pupil: Loaded OPD from /home/np274/roman_l2_job/stpsf-data/upscaled_HST_OPD.fits
2026-04-24 16:49:05 INFO     Added pupil plane: Roman Entrance Pupil
2026-04-24 16:49:05 INFO     Added coordinate inversion plane: OTE exit pupil
2026-04-24 16:49:05 INFO     Added pupil plane: Field Dependent Aberration (WFI01)
2026-04-24 16:49:05 INFO     Added detector with pixelscale=0.1078577405 and oversampling=4: WFI detector
2026-04-24 16:49:05 INFO     Calculating PSF with 10 wavelengths
2026-04-24 16:49:05 INFO      Propagating wavelength = 1.40335e-06 m
2026-04-24 16:49:07 INFO      Propagating wavelength = 1.44405e-06 m
2026-04-24 16:49:08 INFO      Propagating wavelength = 1.48475e-06 m
2026-04-24 16:49:10 INFO      Propagating wavelength = 1.52545e-06 m
2026-04-24 16:49:11 INFO      Propagating wavelength = 1.56615e-06 m
2026-04-24 16:49:13 INFO      Propagating wavelength = 1.60685e-06 m
2026-04-24 16:49:14 INFO      Propagating wavelength = 1.64755e-06 m
2026-04-24 16:49:16 INFO      Propagating wavelength = 1.68825e-06 m
2026-04-24 16:49:17 INFO      Propagating wavelength = 1.72895e-06 m
2026-04-24 16:49:19 INFO      Propagating wavelength = 1.76965e-06 m
2026-04-24 16:49:20 INFO       Calculation completed in 15.016 s
2026-04-24 16:49:20 INFO     PSF Calculation completed.
2026-04-24 16:49:20 INFO     Calculating jitter using gaussian
2026-04-24 16:49:20 INFO     Jitter: Convolving with Gaussian with sigma=0.012 arcsec
2026-04-24 16:49:20 INFO             resulting image peak drops to 0.973 of its previous value
2026-04-24 16:49:20 INFO     Detector charge diffusion not applied because charge_diffusion_sigma option is 0
2026-04-24 16:49:20 INFO      Adding extension with image downsampled to detector pixel scale.
2026-04-24 16:49:20 INFO      Downsampling to detector pixel scale, by 4
2026-04-24 16:49:20 INFO      Downsampling to detector pixel scale, by 4
2026-04-24 16:49:20 INFO     Creating PSF using stpsf
2026-04-24 16:49:20 INFO     Using pupil mask 'F062' and detector 'WFI01'.
2026-04-24 16:49:20 INFO     Using pupil mask 'F062' and detector 'WFI01'.
2026-04-24 16:49:20 INFO     Using pupil mask 'F158' and detector 'WFI01'.
2026-04-24 16:49:20 INFO     No source spectrum supplied, therefore defaulting to 5700 K blackbody
2026-04-24 16:49:20 INFO     Computing wavelength weights using synthetic photometry for F158...
2026-04-24 16:49:21 INFO     Using pupil mask 'F158' and detector 'WFI01'.
2026-04-24 16:49:21 INFO     PSF calc using fov_arcsec = 5.000000, oversample = 4, number of wavelengths = 10
2026-04-24 16:49:21 INFO     Creating optical system model:
2026-04-24 16:49:21 INFO     Initialized OpticalSystem: Roman+WFI
2026-04-24 16:49:21 INFO     Roman Entrance Pupil: Loaded amplitude transmission from /home/np274/roman_l2_job/stpsf-data/WFI/pupils/RST_WIM_Filter_F158_WFI01.fits.gz
2026-04-24 16:49:21 INFO     Roman Entrance Pupil: Loaded OPD from /home/np274/roman_l2_job/stpsf-data/upscaled_HST_OPD.fits
2026-04-24 16:49:21 INFO     Added pupil plane: Roman Entrance Pupil
2026-04-24 16:49:21 INFO     Added coordinate inversion plane: OTE exit pupil
2026-04-24 16:49:21 INFO     Added pupil plane: Field Dependent Aberration (WFI01)
2026-04-24 16:49:21 INFO     Added detector with pixelscale=0.1078577405 and oversampling=4: WFI detector
2026-04-24 16:49:21 INFO     Calculating PSF with 10 wavelengths
2026-04-24 16:49:21 INFO      Propagating wavelength = 1.40335e-06 m
2026-04-24 16:49:23 INFO      Propagating wavelength = 1.44405e-06 m
2026-04-24 16:49:24 INFO      Propagating wavelength = 1.48475e-06 m
2026-04-24 16:49:26 INFO      Propagating wavelength = 1.52545e-06 m
2026-04-24 16:49:27 INFO      Propagating wavelength = 1.56615e-06 m
2026-04-24 16:49:29 INFO      Propagating wavelength = 1.60685e-06 m
2026-04-24 16:49:30 INFO      Propagating wavelength = 1.64755e-06 m
2026-04-24 16:49:32 INFO      Propagating wavelength = 1.68825e-06 m
2026-04-24 16:49:33 INFO      Propagating wavelength = 1.72895e-06 m
2026-04-24 16:49:35 INFO      Propagating wavelength = 1.76965e-06 m
2026-04-24 16:49:36 INFO       Calculation completed in 15.024 s
2026-04-24 16:49:36 INFO     PSF Calculation completed.
2026-04-24 16:49:36 INFO     Calculating jitter using gaussian
2026-04-24 16:49:36 INFO     Jitter: Convolving with Gaussian with sigma=0.012 arcsec
2026-04-24 16:49:36 INFO             resulting image peak drops to 0.973 of its previous value
2026-04-24 16:49:36 INFO     Detector charge diffusion not applied because charge_diffusion_sigma option is 0
2026-04-24 16:49:36 INFO      Adding extension with image downsampled to detector pixel scale.
2026-04-24 16:49:36 INFO      Downsampling to detector pixel scale, by 4
2026-04-24 16:49:36 INFO      Downsampling to detector pixel scale, by 4
2026-04-24 16:49:36 INFO     Creating PSF using stpsf
2026-04-24 16:49:36 INFO     Using pupil mask 'F062' and detector 'WFI01'.
2026-04-24 16:49:36 INFO     Using pupil mask 'F062' and detector 'WFI01'.
2026-04-24 16:49:36 INFO     Using pupil mask 'F158' and detector 'WFI01'.
2026-04-24 16:49:36 INFO     No source spectrum supplied, therefore defaulting to 5700 K blackbody
2026-04-24 16:49:36 INFO     Computing wavelength weights using synthetic photometry for F158...
2026-04-24 16:49:37 INFO     Using pupil mask 'F158' and detector 'WFI01'.
2026-04-24 16:49:37 INFO     PSF calc using fov_arcsec = 5.000000, oversample = 4, number of wavelengths = 10
2026-04-24 16:49:37 INFO     Creating optical system model:
2026-04-24 16:49:37 INFO     Initialized OpticalSystem: Roman+WFI
2026-04-24 16:49:37 INFO     Roman Entrance Pupil: Loaded amplitude transmission from /home/np274/roman_l2_job/stpsf-data/WFI/pupils/RST_WIM_Filter_F158_WFI01.fits.gz
2026-04-24 16:49:37 INFO     Roman Entrance Pupil: Loaded OPD from /home/np274/roman_l2_job/stpsf-data/upscaled_HST_OPD.fits
2026-04-24 16:49:37 INFO     Added pupil plane: Roman Entrance Pupil
2026-04-24 16:49:37 INFO     Added coordinate inversion plane: OTE exit pupil
2026-04-24 16:49:37 INFO     Added pupil plane: Field Dependent Aberration (WFI01)
2026-04-24 16:49:37 INFO     Added detector with pixelscale=0.1078577405 and oversampling=4: WFI detector
2026-04-24 16:49:37 INFO     Calculating PSF with 10 wavelengths
2026-04-24 16:49:37 INFO      Propagating wavelength = 1.40335e-06 m
2026-04-24 16:49:39 INFO      Propagating wavelength = 1.44405e-06 m
2026-04-24 16:49:40 INFO      Propagating wavelength = 1.48475e-06 m
2026-04-24 16:49:41 INFO      Propagating wavelength = 1.52545e-06 m
2026-04-24 16:49:43 INFO      Propagating wavelength = 1.56615e-06 m
2026-04-24 16:49:44 INFO      Propagating wavelength = 1.60685e-06 m
2026-04-24 16:49:46 INFO      Propagating wavelength = 1.64755e-06 m
2026-04-24 16:49:47 INFO      Propagating wavelength = 1.68825e-06 m
2026-04-24 16:49:49 INFO      Propagating wavelength = 1.72895e-06 m
2026-04-24 16:49:50 INFO      Propagating wavelength = 1.76965e-06 m
2026-04-24 16:49:52 INFO       Calculation completed in 14.885 s
2026-04-24 16:49:52 INFO     PSF Calculation completed.
2026-04-24 16:49:52 INFO     Calculating jitter using gaussian
2026-04-24 16:49:52 INFO     Jitter: Convolving with Gaussian with sigma=0.012 arcsec
2026-04-24 16:49:52 INFO             resulting image peak drops to 0.973 of its previous value
2026-04-24 16:49:52 INFO     Detector charge diffusion not applied because charge_diffusion_sigma option is 0
2026-04-24 16:49:52 INFO      Adding extension with image downsampled to detector pixel scale.
2026-04-24 16:49:52 INFO      Downsampling to detector pixel scale, by 4
2026-04-24 16:49:52 INFO      Downsampling to detector pixel scale, by 4
2026-04-24 16:50:05 WARNING  max(qe) > 1.1; this seems weird?!
2026-04-24 16:50:05 WARNING  Found 8 pixels with implied qe > 2; clipping these to qe 2
2026-04-24 16:50:05 INFO     Adding 83 sources to image...
2026-04-24 16:50:05 WARNING  You requested fastpointsources, but the PSF and/or chromaticity are incompatible with this setting.  Disabling fastpointsources.
2026-04-24 16:50:08 INFO     Rendered 0 point sources in 0.0452 seconds
2026-04-24 16:50:08 INFO     Rendered 83 total sources in 2.6 seconds
2026-04-24 16:50:12 INFO     Apportioning electrons to resultants...
/home/np274/roman_l2_job/.pixi/envs/default/lib/python3.12/site-packages/romanisim/persistence.py:252: RuntimeWarning: invalid value encountered in power
  * (x / x0)**alpha * (dt / 1000)**(-gamma))
2026-04-24 16:52:49 INFO     Adding IPC...
2026-04-24 16:53:08 INFO     Adding read noise...
2026-04-24 16:53:45 INFO     Fitting ramps.
2026-04-24 16:53:58 INFO     Simulation complete.
