2026-04-24 18:13:51,769 - CRDS - ERROR -  Error determining best reference for 'pars-fluxstep'  =   No match found.
2026-04-24 18:13:51,769 - CRDS - ERROR -  Error determining best reference for 'pars-skymatchstep'  =   No match found.
2026-04-24 18:13:51,770 - CRDS - ERROR -  Error determining best reference for 'pars-outlierdetectionstep'  =   No match found.
2026-04-24 18:13:51,771 - CRDS - ERROR -  Error determining best reference for 'pars-resamplestep'  =   No match found.
2026-04-24 18:13:51,771 - CRDS - ERROR -  Error determining best reference for 'pars-sourcecatalogstep'  =   Unknown reference type 'pars-sourcecatalogstep'
2026-04-24 18:13:51,772 - CRDS - ERROR -  Error determining best reference for 'pars-mosaicpipeline'  =   Unknown reference type 'pars-mosaicpipeline'
2026-04-24 18:13:51,776 - stpipe.step - INFO - MosaicPipeline instance created.
2026-04-24 18:13:51,777 - stpipe.step - INFO - FluxStep instance created.
2026-04-24 18:13:51,778 - stpipe.step - INFO - SkyMatchStep instance created.
2026-04-24 18:13:51,779 - stpipe.step - INFO - OutlierDetectionStep instance created.
2026-04-24 18:13:51,780 - stpipe.step - INFO - ResampleStep instance created.
2026-04-24 18:13:51,781 - stpipe.step - INFO - SourceCatalogStep instance created.
2026-04-24 18:13:51,860 - stpipe.step - INFO - Step MosaicPipeline running with args ('output/detection/asn/sky_7_d_full_042m06x41y42_f158_asn.json',).
2026-04-24 18:13:51,869 - stpipe.step - INFO - Step MosaicPipeline parameters are:
  pre_hooks: []
  post_hooks: []
  output_file: None
  output_dir: output/detection/l3
  output_ext: .asdf
  output_use_model: False
  output_use_index: True
  save_results: True
  skip: False
  suffix: None
  search_output_file: True
  input_dir: output/detection/asn
  update_version: False
  on_disk: False
  resample_on_skycell: True
  steps:
    flux:
      pre_hooks: []
      post_hooks: []
      output_file: None
      output_dir: None
      output_ext: .asdf
      output_use_model: False
      output_use_index: True
      save_results: False
      skip: False
      suffix: None
      search_output_file: True
      input_dir: output/detection/asn
      update_version: False
    skymatch:
      pre_hooks: []
      post_hooks: []
      output_file: None
      output_dir: None
      output_ext: .asdf
      output_use_model: False
      output_use_index: True
      save_results: False
      skip: False
      suffix: None
      search_output_file: True
      input_dir: output/detection/asn
      update_version: False
      skymethod: match
      match_down: True
      subtract: False
      stepsize: None
      skystat: mode
      dqbits: ~DO_NOT_USE+NON_SCIENCE
      lower: None
      upper: None
      nclip: 5
      lsigma: 4.0
      usigma: 4.0
      binwidth: 0.1
    outlier_detection:
      pre_hooks: []
      post_hooks: []
      output_file: None
      output_dir: None
      output_ext: .asdf
      output_use_model: False
      output_use_index: True
      save_results: False
      skip: False
      suffix: None
      search_output_file: True
      input_dir: output/detection/asn
      update_version: False
      weight_type: ivm
      pixfrac: 1.0
      kernel: square
      fillval: NaN
      maskpt: 0.7
      snr: 5.0 4.0
      scale: 1.2 0.7
      backg: 0.0
      save_intermediate_results: False
      resample_data: True
      resample_on_skycell: True
      good_bits: ~DO_NOT_USE+NON_SCIENCE
      in_memory: True
      pixmap_stepsize: 10.0
      pixmap_order: 3
    resample:
      pre_hooks: []
      post_hooks: []
      output_file: None
      output_dir: None
      output_ext: .asdf
      output_use_model: False
      output_use_index: True
      save_results: False
      skip: False
      suffix: None
      search_output_file: True
      input_dir: output/detection/asn
      update_version: False
      pixfrac: 1.0
      kernel: square
      fillval: NAN
      weight_type: ivm
      output_shape: None
      crpix: None
      crval: None
      rotation: None
      pixel_scale_ratio: 1.0
      pixel_scale: None
      output_wcs: ''
      resample_on_skycell: True
      in_memory: False
      good_bits: ~DO_NOT_USE+NON_SCIENCE
      include_var_flat: False
      propagate_dq: False
      pixmap_stepsize: 10.0
      pixmap_order: 3
    source_catalog:
      pre_hooks: []
      post_hooks: []
      output_file: None
      output_dir: None
      output_ext: .asdf
      output_use_model: False
      output_use_index: True
      save_results: False
      skip: False
      suffix: cat
      search_output_file: True
      input_dir: output/detection/asn
      update_version: False
      bkg_boxsize: 1000
      kernel_fwhm: 2.0
      snr_threshold: 3.0
      npixels: 25
      deblend: False
      fit_psf: True
      forced_segmentation: ''
2026-04-24 18:13:51,976 - stpipe.pipeline - INFO - Prefetching reference files for dataset: 'sky_7_d_full_042m06x41y42_f158_asn.json' reftypes = ['apcorr']
2026-04-24 18:13:51,977 - stpipe.pipeline - INFO - Prefetch for APCORR reference file is '/home/np274/roman_l2_job/crds_cache/references/roman/wfi/roman_wfi_apcorr_0014.asdf'.
2026-04-24 18:13:51,977 - romancal.pipeline.mosaic_pipeline - INFO - Starting Roman mosaic level calibration pipeline ...
2026-04-24 18:13:52,202 - stpipe.step - INFO - Step flux running with args (<romancal.datamodels.library.ModelLibrary object at 0x7dcfeb0cbf80>,).
2026-04-24 18:14:09,944 - stpipe.step - INFO - Step flux done
2026-04-24 18:14:10,040 - stpipe.step - INFO - Step skymatch running with args (<romancal.datamodels.library.ModelLibrary object at 0x7dcfeb0cbf80>,).
2026-04-24 18:14:18,766 - stcal.skymatch.skymatch - INFO -  
2026-04-24 18:14:18,766 - stcal.skymatch.skymatch - INFO - ***** stcal.skymatch.skymatch.skymatch() started on 2026-04-24 18:14:18.766318
2026-04-24 18:14:18,766 - stcal.skymatch.skymatch - INFO -  
2026-04-24 18:14:18,766 - stcal.skymatch.skymatch - INFO - Sky computation method: 'match'
2026-04-24 18:14:18,766 - stcal.skymatch.skymatch - INFO - Sky matching direction: DOWN
2026-04-24 18:14:18,766 - stcal.skymatch.skymatch - INFO - Sky subtraction from image data: OFF
2026-04-24 18:14:18,766 - stcal.skymatch.skymatch - INFO -  
2026-04-24 18:14:18,766 - stcal.skymatch.skymatch - INFO - ----  Computing differences in sky values in overlapping regions.
2026-04-24 18:15:48,352 - stcal.skymatch.skymatch - INFO -    *  Image ID=r0000101015606001003_0001_wfi04_f158_cal.asdf. Sky background: 0.0256472
2026-04-24 18:15:48,353 - stcal.skymatch.skymatch - INFO -    *  Image ID=r0000101015606001003_0001_wfi07_f158_cal.asdf. Sky background: 0.0233555
2026-04-24 18:15:48,353 - stcal.skymatch.skymatch - INFO -    *  Image ID=r0000101015606001003_0002_wfi07_f158_cal.asdf. Sky background: 0.0205474
2026-04-24 18:15:48,353 - stcal.skymatch.skymatch - INFO -    *  Image ID=r0000101015606001004_0001_wfi11_f158_cal.asdf. Sky background: 0.0219815
2026-04-24 18:15:48,353 - stcal.skymatch.skymatch - INFO -    *  Image ID=r0000101015606001004_0002_wfi01_f158_cal.asdf. Sky background: 0.036987
2026-04-24 18:15:48,353 - stcal.skymatch.skymatch - INFO -    *  Image ID=r0000101015606001004_0002_wfi02_f158_cal.asdf. Sky background: 0.0221455
2026-04-24 18:15:48,353 - stcal.skymatch.skymatch - INFO -    *  Image ID=r0000101015606001004_0003_wfi04_f158_cal.asdf. Sky background: 0.024721
2026-04-24 18:15:48,353 - stcal.skymatch.skymatch - INFO -    *  Image ID=r0000101015606001005_0002_wfi18_f158_cal.asdf. Sky background: 0.000612548
2026-04-24 18:15:48,353 - stcal.skymatch.skymatch - INFO -    *  Image ID=r0000101015606001005_0003_wfi11_f158_cal.asdf. Sky background: 0.0218045
2026-04-24 18:15:48,353 - stcal.skymatch.skymatch - INFO -    *  Image ID=r0000101015606001005_0003_wfi14_f158_cal.asdf. Sky background: 0.0184668
2026-04-24 18:15:48,353 - stcal.skymatch.skymatch - INFO -    *  Image ID=r0000101016606001003_0001_wfi04_f158_cal.asdf. Sky background: 0.0244105
2026-04-24 18:15:48,353 - stcal.skymatch.skymatch - INFO -    *  Image ID=r0000101016606001003_0001_wfi07_f158_cal.asdf. Sky background: 0.0212278
2026-04-24 18:15:48,353 - stcal.skymatch.skymatch - INFO -    *  Image ID=r0000101016606001003_0002_wfi07_f158_cal.asdf. Sky background: 0.0220559
2026-04-24 18:15:48,353 - stcal.skymatch.skymatch - INFO -    *  Image ID=r0000101016606001004_0001_wfi11_f158_cal.asdf. Sky background: 0.0211505
2026-04-24 18:15:48,353 - stcal.skymatch.skymatch - INFO -    *  Image ID=r0000101016606001004_0002_wfi01_f158_cal.asdf. Sky background: 0.0363248
2026-04-24 18:15:48,353 - stcal.skymatch.skymatch - INFO -    *  Image ID=r0000101016606001004_0002_wfi02_f158_cal.asdf. Sky background: 0.0220454
2026-04-24 18:15:48,353 - stcal.skymatch.skymatch - INFO -    *  Image ID=r0000101016606001004_0003_wfi04_f158_cal.asdf. Sky background: 0.0249226
2026-04-24 18:15:48,353 - stcal.skymatch.skymatch - INFO -    *  Image ID=r0000101016606001005_0002_wfi18_f158_cal.asdf. Sky background: 0
2026-04-24 18:15:48,353 - stcal.skymatch.skymatch - INFO -    *  Image ID=r0000101016606001005_0003_wfi11_f158_cal.asdf. Sky background: 0.0223219
2026-04-24 18:15:48,353 - stcal.skymatch.skymatch - INFO -    *  Image ID=r0000101016606001005_0003_wfi14_f158_cal.asdf. Sky background: 0.0180465
2026-04-24 18:15:48,353 - stcal.skymatch.skymatch - INFO -  
2026-04-24 18:15:48,353 - stcal.skymatch.skymatch - INFO - ***** stcal.skymatch.skymatch.skymatch() ended on 2026-04-24 18:15:48.353752
2026-04-24 18:15:48,353 - stcal.skymatch.skymatch - INFO - ***** stcal.skymatch.skymatch.skymatch() TOTAL RUN TIME: 0:01:29.587434
2026-04-24 18:15:48,353 - stcal.skymatch.skymatch - INFO -  
2026-04-24 18:15:48,366 - stpipe.step - INFO - Step skymatch done
2026-04-24 18:15:48,498 - stpipe.step - INFO - Step outlier_detection running with args (<romancal.datamodels.library.ModelLibrary object at 0x7dcfeb0cbf80>,).
2026-04-24 18:15:49,012 - romancal.resample.resample - INFO - Skycell record: [('042m06x41y42', 40.9480042, -6.54646833, 0.5904573, 40899.5, 45699.5, 40.90952269, -6.58460878, 40.98640499, -6.58469905, 40.98648096, -6.50832384, 40.90960924, -6.50823463)]
2026-04-24 18:15:49,012 - romancal.resample.resample - INFO - Creating skycell image at ra: 40.948004204745125  dec -6.546468328179551
2026-04-24 18:15:49,013 - romancal.resample.resample - INFO - Resampling to skycell wcs
2026-04-24 18:15:49,175 - stcal.resample.resample - INFO - Computed output pixel scale: 0.054990201416124214 arcsec.
2026-04-24 18:15:49,175 - stcal.resample.resample - INFO - Driz parameter kernel: square
2026-04-24 18:15:49,175 - stcal.resample.resample - INFO - Driz parameter pixfrac: 1.0
2026-04-24 18:15:49,175 - stcal.resample.resample - INFO - Driz parameter fillval: NaN
2026-04-24 18:15:49,175 - stcal.resample.resample - INFO - Driz parameter weight_type: ivm
2026-04-24 18:15:49,175 - stcal.resample.resample - INFO - Evaluating the full pixel map every 10.0 pixels
2026-04-24 18:15:49,175 - stcal.resample.resample - INFO - Interpolating the rest with order 3 bivariate splines
2026-04-24 18:15:50,348 - stcal.resample.resample - INFO - Resampling science and variance data
2026-04-24 18:15:51,922 - stcal.resample.resample - INFO - Resampling science and variance data
2026-04-24 18:15:53,670 - stcal.alignment.util - INFO - Update S_REGION to POLYGON ICRS  40.909522688 -6.584608783 40.909609236 -6.508234629 40.986480958 -6.508323840 40.986404988 -6.584699047
2026-04-24 18:15:57,820 - stcal.resample.resample - INFO - Resampling science and variance data
2026-04-24 18:15:59,093 - stcal.alignment.util - INFO - Update S_REGION to POLYGON ICRS  40.909522688 -6.584608783 40.909609236 -6.508234629 40.986480958 -6.508323840 40.986404988 -6.584699047
2026-04-24 18:16:01,792 - stcal.resample.resample - INFO - Resampling science and variance data
2026-04-24 18:16:04,044 - stcal.alignment.util - INFO - Update S_REGION to POLYGON ICRS  40.909522688 -6.584608783 40.909609236 -6.508234629 40.986480958 -6.508323840 40.986404988 -6.584699047
2026-04-24 18:16:08,711 - stcal.resample.resample - INFO - Resampling science and variance data
2026-04-24 18:16:11,207 - stcal.resample.resample - INFO - Resampling science and variance data
2026-04-24 18:16:11,535 - stcal.alignment.util - INFO - Update S_REGION to POLYGON ICRS  40.909522688 -6.584608783 40.909609236 -6.508234629 40.986480958 -6.508323840 40.986404988 -6.584699047
2026-04-24 18:16:14,725 - stcal.resample.resample - INFO - Resampling science and variance data
2026-04-24 18:16:15,961 - stcal.alignment.util - INFO - Update S_REGION to POLYGON ICRS  40.909522688 -6.584608783 40.909609236 -6.508234629 40.986480958 -6.508323840 40.986404988 -6.584699047
2026-04-24 18:16:18,516 - stcal.resample.resample - INFO - Resampling science and variance data
2026-04-24 18:16:19,641 - stcal.alignment.util - INFO - Update S_REGION to POLYGON ICRS  40.909522688 -6.584608783 40.909609236 -6.508234629 40.986480958 -6.508323840 40.986404988 -6.584699047
2026-04-24 18:16:22,034 - stcal.resample.resample - INFO - Resampling science and variance data
2026-04-24 18:16:23,524 - stcal.resample.resample - INFO - Resampling science and variance data
2026-04-24 18:16:25,406 - stcal.alignment.util - INFO - Update S_REGION to POLYGON ICRS  40.909522688 -6.584608783 40.909609236 -6.508234629 40.986480958 -6.508323840 40.986404988 -6.584699047
2026-04-24 18:16:29,611 - stcal.resample.resample - INFO - Resampling science and variance data
2026-04-24 18:16:31,220 - stcal.resample.resample - INFO - Resampling science and variance data
2026-04-24 18:16:32,962 - stcal.alignment.util - INFO - Update S_REGION to POLYGON ICRS  40.909522688 -6.584608783 40.909609236 -6.508234629 40.986480958 -6.508323840 40.986404988 -6.584699047
2026-04-24 18:16:37,125 - stcal.resample.resample - INFO - Resampling science and variance data
2026-04-24 18:16:38,414 - stcal.alignment.util - INFO - Update S_REGION to POLYGON ICRS  40.909522688 -6.584608783 40.909609236 -6.508234629 40.986480958 -6.508323840 40.986404988 -6.584699047
2026-04-24 18:16:41,246 - stcal.resample.resample - INFO - Resampling science and variance data
2026-04-24 18:16:43,497 - stcal.alignment.util - INFO - Update S_REGION to POLYGON ICRS  40.909522688 -6.584608783 40.909609236 -6.508234629 40.986480958 -6.508323840 40.986404988 -6.584699047
2026-04-24 18:16:48,168 - stcal.resample.resample - INFO - Resampling science and variance data
2026-04-24 18:16:50,681 - stcal.resample.resample - INFO - Resampling science and variance data
2026-04-24 18:16:51,015 - stcal.alignment.util - INFO - Update S_REGION to POLYGON ICRS  40.909522688 -6.584608783 40.909609236 -6.508234629 40.986480958 -6.508323840 40.986404988 -6.584699047
2026-04-24 18:16:54,337 - stcal.resample.resample - INFO - Resampling science and variance data
2026-04-24 18:16:55,565 - stcal.alignment.util - INFO - Update S_REGION to POLYGON ICRS  40.909522688 -6.584608783 40.909609236 -6.508234629 40.986480958 -6.508323840 40.986404988 -6.584699047
2026-04-24 18:16:58,193 - stcal.resample.resample - INFO - Resampling science and variance data
2026-04-24 18:16:59,333 - stcal.alignment.util - INFO - Update S_REGION to POLYGON ICRS  40.909522688 -6.584608783 40.909609236 -6.508234629 40.986480958 -6.508323840 40.986404988 -6.584699047
2026-04-24 18:17:01,717 - stcal.resample.resample - INFO - Resampling science and variance data
2026-04-24 18:17:03,222 - stcal.resample.resample - INFO - Resampling science and variance data
2026-04-24 18:17:05,107 - stcal.alignment.util - INFO - Update S_REGION to POLYGON ICRS  40.909522688 -6.584608783 40.909609236 -6.508234629 40.986480958 -6.508323840 40.986404988 -6.584699047
2026-04-24 18:17:20,653 - stcal.outlier_detection.utils - INFO - Blotting (4088, 4088) <-- (5000, 5000)
2026-04-24 18:17:22,434 - romancal.outlier_detection.utils - INFO - 19 pixels marked as outliers
2026-04-24 18:17:23,401 - stcal.outlier_detection.utils - INFO - Blotting (4088, 4088) <-- (5000, 5000)
2026-04-24 18:17:25,288 - romancal.outlier_detection.utils - INFO - 900 pixels marked as outliers
2026-04-24 18:17:26,258 - stcal.outlier_detection.utils - INFO - Blotting (4088, 4088) <-- (5000, 5000)
2026-04-24 18:17:28,111 - romancal.outlier_detection.utils - INFO - 550 pixels marked as outliers
2026-04-24 18:17:29,082 - stcal.outlier_detection.utils - INFO - Blotting (4088, 4088) <-- (5000, 5000)
2026-04-24 18:17:31,007 - romancal.outlier_detection.utils - INFO - 929 pixels marked as outliers
2026-04-24 18:17:31,978 - stcal.outlier_detection.utils - INFO - Blotting (4088, 4088) <-- (5000, 5000)
2026-04-24 18:17:33,843 - romancal.outlier_detection.utils - INFO - 261 pixels marked as outliers
2026-04-24 18:17:34,816 - stcal.outlier_detection.utils - INFO - Blotting (4088, 4088) <-- (5000, 5000)
2026-04-24 18:17:36,604 - romancal.outlier_detection.utils - INFO - 51 pixels marked as outliers
2026-04-24 18:17:37,576 - stcal.outlier_detection.utils - INFO - Blotting (4088, 4088) <-- (5000, 5000)
2026-04-24 18:17:39,427 - romancal.outlier_detection.utils - INFO - 364 pixels marked as outliers
2026-04-24 18:17:40,397 - stcal.outlier_detection.utils - INFO - Blotting (4088, 4088) <-- (5000, 5000)
2026-04-24 18:17:42,244 - romancal.outlier_detection.utils - INFO - 781 pixels marked as outliers
2026-04-24 18:17:43,214 - stcal.outlier_detection.utils - INFO - Blotting (4088, 4088) <-- (5000, 5000)
2026-04-24 18:17:45,000 - romancal.outlier_detection.utils - INFO - 18 pixels marked as outliers
2026-04-24 18:17:45,973 - stcal.outlier_detection.utils - INFO - Blotting (4088, 4088) <-- (5000, 5000)
2026-04-24 18:17:47,870 - romancal.outlier_detection.utils - INFO - 1499 pixels marked as outliers
2026-04-24 18:17:48,837 - stcal.outlier_detection.utils - INFO - Blotting (4088, 4088) <-- (5000, 5000)
2026-04-24 18:17:50,628 - romancal.outlier_detection.utils - INFO - 20 pixels marked as outliers
2026-04-24 18:17:51,606 - stcal.outlier_detection.utils - INFO - Blotting (4088, 4088) <-- (5000, 5000)
2026-04-24 18:17:53,501 - romancal.outlier_detection.utils - INFO - 902 pixels marked as outliers
2026-04-24 18:17:54,471 - stcal.outlier_detection.utils - INFO - Blotting (4088, 4088) <-- (5000, 5000)
2026-04-24 18:17:56,326 - romancal.outlier_detection.utils - INFO - 557 pixels marked as outliers
2026-04-24 18:17:57,296 - stcal.outlier_detection.utils - INFO - Blotting (4088, 4088) <-- (5000, 5000)
2026-04-24 18:17:59,229 - romancal.outlier_detection.utils - INFO - 938 pixels marked as outliers
2026-04-24 18:18:00,209 - stcal.outlier_detection.utils - INFO - Blotting (4088, 4088) <-- (5000, 5000)
2026-04-24 18:18:02,087 - romancal.outlier_detection.utils - INFO - 261 pixels marked as outliers
2026-04-24 18:18:03,067 - stcal.outlier_detection.utils - INFO - Blotting (4088, 4088) <-- (5000, 5000)
2026-04-24 18:18:04,864 - romancal.outlier_detection.utils - INFO - 52 pixels marked as outliers
2026-04-24 18:18:05,839 - stcal.outlier_detection.utils - INFO - Blotting (4088, 4088) <-- (5000, 5000)
2026-04-24 18:18:07,692 - romancal.outlier_detection.utils - INFO - 384 pixels marked as outliers
2026-04-24 18:18:08,666 - stcal.outlier_detection.utils - INFO - Blotting (4088, 4088) <-- (5000, 5000)
2026-04-24 18:18:10,513 - romancal.outlier_detection.utils - INFO - 770 pixels marked as outliers
2026-04-24 18:18:11,493 - stcal.outlier_detection.utils - INFO - Blotting (4088, 4088) <-- (5000, 5000)
2026-04-24 18:18:13,281 - romancal.outlier_detection.utils - INFO - 17 pixels marked as outliers
2026-04-24 18:18:14,261 - stcal.outlier_detection.utils - INFO - Blotting (4088, 4088) <-- (5000, 5000)
2026-04-24 18:18:16,166 - romancal.outlier_detection.utils - INFO - 1497 pixels marked as outliers
2026-04-24 18:18:16,200 - stpipe.step - INFO - Step outlier_detection done
2026-04-24 18:18:16,315 - stpipe.step - INFO - Step resample running with args (<romancal.datamodels.library.ModelLibrary object at 0x7dcfeb0cbf80>,).
2026-04-24 18:18:16,779 - romancal.resample.resample - INFO - Skycell record: [('042m06x41y42', 40.9480042, -6.54646833, 0.5904573, 40899.5, 45699.5, 40.90952269, -6.58460878, 40.98640499, -6.58469905, 40.98648096, -6.50832384, 40.90960924, -6.50823463)]
2026-04-24 18:18:16,779 - romancal.resample.resample - INFO - Creating skycell image at ra: 40.948004204745125  dec -6.546468328179551
2026-04-24 18:18:16,779 - romancal.resample.resample - INFO - Resampling to skycell wcs
2026-04-24 18:18:16,942 - stcal.resample.resample - INFO - Computed output pixel scale: 0.054990201416124214 arcsec.
2026-04-24 18:18:16,942 - stcal.resample.resample - INFO - Driz parameter kernel: square
2026-04-24 18:18:16,942 - stcal.resample.resample - INFO - Driz parameter pixfrac: 1.0
2026-04-24 18:18:16,942 - stcal.resample.resample - INFO - Driz parameter fillval: NAN
2026-04-24 18:18:16,942 - stcal.resample.resample - INFO - Driz parameter weight_type: ivm
2026-04-24 18:18:16,942 - stcal.resample.resample - INFO - Evaluating the full pixel map every 10.0 pixels
2026-04-24 18:18:16,942 - stcal.resample.resample - INFO - Interpolating the rest with order 3 bivariate splines
2026-04-24 18:18:18,222 - stcal.resample.resample - INFO - Resampling science and variance data
2026-04-24 18:18:19,387 - stcal.resample.resample - INFO - Drizzling (4088, 4088) --> (5000, 5000)
2026-04-24 18:18:19,791 - stcal.resample.resample - INFO - Drizzling (4088, 4088) --> (5000, 5000)
2026-04-24 18:18:21,961 - stcal.resample.resample - INFO - Resampling science and variance data
2026-04-24 18:18:25,483 - stcal.resample.resample - INFO - Drizzling (4088, 4088) --> (5000, 5000)
2026-04-24 18:18:27,182 - stcal.resample.resample - INFO - Drizzling (4088, 4088) --> (5000, 5000)
2026-04-24 18:18:33,324 - stcal.resample.resample - INFO - Resampling science and variance data
2026-04-24 18:18:35,830 - stcal.resample.resample - INFO - Drizzling (4088, 4088) --> (5000, 5000)
2026-04-24 18:18:37,043 - stcal.resample.resample - INFO - Drizzling (4088, 4088) --> (5000, 5000)
2026-04-24 18:18:41,597 - stcal.resample.resample - INFO - Resampling science and variance data
2026-04-24 18:18:46,025 - stcal.resample.resample - INFO - Drizzling (4088, 4088) --> (5000, 5000)
2026-04-24 18:18:48,238 - stcal.resample.resample - INFO - Drizzling (4088, 4088) --> (5000, 5000)
2026-04-24 18:18:55,589 - stcal.resample.resample - INFO - Resampling science and variance data
2026-04-24 18:18:58,288 - stcal.resample.resample - INFO - Drizzling (4088, 4088) --> (5000, 5000)
2026-04-24 18:18:59,590 - stcal.resample.resample - INFO - Drizzling (4088, 4088) --> (5000, 5000)
2026-04-24 18:19:04,477 - stcal.resample.resample - INFO - Resampling science and variance data
2026-04-24 18:19:05,137 - stcal.resample.resample - INFO - Drizzling (4088, 4088) --> (5000, 5000)
2026-04-24 18:19:05,422 - stcal.resample.resample - INFO - Drizzling (4088, 4088) --> (5000, 5000)
2026-04-24 18:19:07,275 - stcal.resample.resample - INFO - Resampling science and variance data
2026-04-24 18:19:09,690 - stcal.resample.resample - INFO - Drizzling (4088, 4088) --> (5000, 5000)
2026-04-24 18:19:10,845 - stcal.resample.resample - INFO - Drizzling (4088, 4088) --> (5000, 5000)
2026-04-24 18:19:15,277 - stcal.resample.resample - INFO - Resampling science and variance data
2026-04-24 18:19:17,510 - stcal.resample.resample - INFO - Drizzling (4088, 4088) --> (5000, 5000)
2026-04-24 18:19:18,558 - stcal.resample.resample - INFO - Drizzling (4088, 4088) --> (5000, 5000)
2026-04-24 18:19:22,466 - stcal.resample.resample - INFO - Resampling science and variance data
2026-04-24 18:19:23,173 - stcal.resample.resample - INFO - Drizzling (4088, 4088) --> (5000, 5000)
2026-04-24 18:19:23,489 - stcal.resample.resample - INFO - Drizzling (4088, 4088) --> (5000, 5000)
2026-04-24 18:19:25,400 - stcal.resample.resample - INFO - Resampling science and variance data
2026-04-24 18:19:29,192 - stcal.resample.resample - INFO - Drizzling (4088, 4088) --> (5000, 5000)
2026-04-24 18:19:31,046 - stcal.resample.resample - INFO - Drizzling (4088, 4088) --> (5000, 5000)
2026-04-24 18:19:37,370 - stcal.resample.resample - INFO - Resampling science and variance data
2026-04-24 18:19:38,246 - stcal.resample.resample - INFO - Drizzling (4088, 4088) --> (5000, 5000)
2026-04-24 18:19:38,650 - stcal.resample.resample - INFO - Drizzling (4088, 4088) --> (5000, 5000)
2026-04-24 18:19:40,787 - stcal.resample.resample - INFO - Resampling science and variance data
2026-04-24 18:19:44,264 - stcal.resample.resample - INFO - Drizzling (4088, 4088) --> (5000, 5000)
2026-04-24 18:19:45,954 - stcal.resample.resample - INFO - Drizzling (4088, 4088) --> (5000, 5000)
2026-04-24 18:19:51,894 - stcal.resample.resample - INFO - Resampling science and variance data
2026-04-24 18:19:54,405 - stcal.resample.resample - INFO - Drizzling (4088, 4088) --> (5000, 5000)
2026-04-24 18:19:55,627 - stcal.resample.resample - INFO - Drizzling (4088, 4088) --> (5000, 5000)
2026-04-24 18:20:00,205 - stcal.resample.resample - INFO - Resampling science and variance data
2026-04-24 18:20:04,602 - stcal.resample.resample - INFO - Drizzling (4088, 4088) --> (5000, 5000)
2026-04-24 18:20:06,770 - stcal.resample.resample - INFO - Drizzling (4088, 4088) --> (5000, 5000)
2026-04-24 18:20:14,169 - stcal.resample.resample - INFO - Resampling science and variance data
2026-04-24 18:20:16,877 - stcal.resample.resample - INFO - Drizzling (4088, 4088) --> (5000, 5000)
2026-04-24 18:20:18,198 - stcal.resample.resample - INFO - Drizzling (4088, 4088) --> (5000, 5000)
2026-04-24 18:20:23,131 - stcal.resample.resample - INFO - Resampling science and variance data
2026-04-24 18:20:23,801 - stcal.resample.resample - INFO - Drizzling (4088, 4088) --> (5000, 5000)
2026-04-24 18:20:24,089 - stcal.resample.resample - INFO - Drizzling (4088, 4088) --> (5000, 5000)
2026-04-24 18:20:25,954 - stcal.resample.resample - INFO - Resampling science and variance data
2026-04-24 18:20:28,370 - stcal.resample.resample - INFO - Drizzling (4088, 4088) --> (5000, 5000)
2026-04-24 18:20:29,524 - stcal.resample.resample - INFO - Drizzling (4088, 4088) --> (5000, 5000)
2026-04-24 18:20:33,978 - stcal.resample.resample - INFO - Resampling science and variance data
2026-04-24 18:20:36,242 - stcal.resample.resample - INFO - Drizzling (4088, 4088) --> (5000, 5000)
2026-04-24 18:20:37,301 - stcal.resample.resample - INFO - Drizzling (4088, 4088) --> (5000, 5000)
2026-04-24 18:20:41,268 - stcal.resample.resample - INFO - Resampling science and variance data
2026-04-24 18:20:41,982 - stcal.resample.resample - INFO - Drizzling (4088, 4088) --> (5000, 5000)
2026-04-24 18:20:42,302 - stcal.resample.resample - INFO - Drizzling (4088, 4088) --> (5000, 5000)
2026-04-24 18:20:44,245 - stcal.resample.resample - INFO - Resampling science and variance data
2026-04-24 18:20:48,182 - stcal.resample.resample - INFO - Drizzling (4088, 4088) --> (5000, 5000)
2026-04-24 18:20:50,026 - stcal.resample.resample - INFO - Drizzling (4088, 4088) --> (5000, 5000)
2026-04-24 18:20:57,043 - romancal.resample.resample - INFO - Mean, max exposure times: 995.9, 1290.3
2026-04-24 18:20:57,110 - stcal.alignment.util - INFO - Update S_REGION to POLYGON ICRS  40.909522688 -6.584608783 40.909609236 -6.508234629 40.986480958 -6.508323840 40.986404988 -6.584699047
2026-04-24 18:20:57,149 - stpipe.step - INFO - Step resample done
2026-04-24 18:20:57,258 - stpipe.step - INFO - Step source_catalog running with args (<roman_datamodels.datamodels._datamodels.MosaicModel object at 0x7dcf66416430>,).
2026-04-24 18:20:57,262 - romancal.source_catalog.source_catalog_step - INFO - Using ePSF reference file: /home/np274/roman_l2_job/crds_cache/references/roman/wfi/roman_wfi_epsf_0239.asdf
2026-04-24 18:21:01,183 - romancal.source_catalog.psf - INFO - Performed jitter convolution.  Image kernel: (8, 8, 0) Reference kernel: (0, 0, 0)
2026-04-24 18:21:01,455 - romancal.source_catalog.source_catalog_step - INFO - Calculating and subtracting background
2026-04-24 18:21:07,508 - romancal.source_catalog.source_catalog_step - INFO - Creating detection image
2026-04-24 18:21:09,402 - romancal.source_catalog.source_catalog_step - INFO - Detecting sources
2026-04-24 18:21:13,163 - romancal.source_catalog.detection - INFO - Detected 283 sources
2026-04-24 18:21:13,169 - romancal.source_catalog.source_catalog_step - INFO - Creating ee_fractions model
2026-04-24 18:21:13,200 - romancal.source_catalog.source_catalog_step - INFO - Creating source catalog
2026-04-24 18:21:13,298 - romancal.source_catalog.source_catalog - INFO - Calculating segment properties
2026-04-24 18:21:14,769 - romancal.source_catalog.source_catalog - INFO - Calculating aperture photometry
2026-04-24 18:21:15,215 - romancal.source_catalog.source_catalog - INFO - Calculating DAOFind properties
2026-04-24 18:21:15,768 - romancal.source_catalog.source_catalog - INFO - Calculating nearest neighbor properties
2026-04-24 18:21:15,768 - romancal.source_catalog.source_catalog - INFO - Calculating PSF photometry
2026-04-24 18:21:22,536 - stpipe.step - INFO - Saved model in output/detection/l3/sky_7_d_full_042m06x41y42_f158_segm.asdf
2026-04-24 18:21:23,216 - romancal.stpipe.core - ERROR - Model[<roman_datamodels.datamodels._datamodels.MosaicSourceCatalogModel object at 0x7dcfead118f0>] is missing meta.ref_file. [('epsf', 'crds://roman_wfi_epsf_0239.asdf'), ('apcorr', 'crds://roman_wfi_apcorr_0011.asdf')] will not be recorded
2026-04-24 18:21:24,199 - stpipe.step - INFO - Saved model in output/detection/l3/sky_7_d_full_042m06x41y42_f158_cat.parquet
2026-04-24 18:21:24,200 - stpipe.step - INFO - Step source_catalog done
2026-04-24 18:21:26,467 - stpipe.step - INFO - Saved model in output/detection/l3/sky_7_d_full_042m06x41y42_f158_coadd.asdf
2026-04-24 18:21:26,467 - stpipe.step - INFO - Step MosaicPipeline done
