2026-04-24 18:58:41,574 - CRDS - ERROR -  Error determining best reference for 'pars-fluxstep'  =   No match found.
2026-04-24 18:58:41,575 - CRDS - ERROR -  Error determining best reference for 'pars-skymatchstep'  =   No match found.
2026-04-24 18:58:41,575 - CRDS - ERROR -  Error determining best reference for 'pars-outlierdetectionstep'  =   No match found.
2026-04-24 18:58:41,576 - CRDS - ERROR -  Error determining best reference for 'pars-resamplestep'  =   No match found.
2026-04-24 18:58:41,577 - CRDS - ERROR -  Error determining best reference for 'pars-sourcecatalogstep'  =   Unknown reference type 'pars-sourcecatalogstep'
2026-04-24 18:58:41,577 - CRDS - ERROR -  Error determining best reference for 'pars-mosaicpipeline'  =   Unknown reference type 'pars-mosaicpipeline'
2026-04-24 18:58:41,582 - stpipe.step - INFO - MosaicPipeline instance created.
2026-04-24 18:58:41,582 - stpipe.step - INFO - FluxStep instance created.
2026-04-24 18:58:41,583 - stpipe.step - INFO - SkyMatchStep instance created.
2026-04-24 18:58:41,584 - stpipe.step - INFO - OutlierDetectionStep instance created.
2026-04-24 18:58:41,585 - stpipe.step - INFO - ResampleStep instance created.
2026-04-24 18:58:41,586 - stpipe.step - INFO - SourceCatalogStep instance created.
2026-04-24 18:58:41,674 - stpipe.step - INFO - Step MosaicPipeline running with args ('output/detection/asn/sky_12_d_full_325m24x50y57_f158_asn.json',).
2026-04-24 18:58:41,684 - stpipe.step - INFO - Step MosaicPipeline parameters are:
  pre_hooks: []
  post_hooks: []
  output_file: None
  output_dir: output/detection/l3
  output_ext: .asdf
  output_use_model: False
  output_use_index: True
  save_results: True
  skip: False
  suffix: None
  search_output_file: True
  input_dir: output/detection/asn
  update_version: False
  on_disk: False
  resample_on_skycell: True
  steps:
    flux:
      pre_hooks: []
      post_hooks: []
      output_file: None
      output_dir: None
      output_ext: .asdf
      output_use_model: False
      output_use_index: True
      save_results: False
      skip: False
      suffix: None
      search_output_file: True
      input_dir: output/detection/asn
      update_version: False
    skymatch:
      pre_hooks: []
      post_hooks: []
      output_file: None
      output_dir: None
      output_ext: .asdf
      output_use_model: False
      output_use_index: True
      save_results: False
      skip: False
      suffix: None
      search_output_file: True
      input_dir: output/detection/asn
      update_version: False
      skymethod: match
      match_down: True
      subtract: False
      stepsize: None
      skystat: mode
      dqbits: ~DO_NOT_USE+NON_SCIENCE
      lower: None
      upper: None
      nclip: 5
      lsigma: 4.0
      usigma: 4.0
      binwidth: 0.1
    outlier_detection:
      pre_hooks: []
      post_hooks: []
      output_file: None
      output_dir: None
      output_ext: .asdf
      output_use_model: False
      output_use_index: True
      save_results: False
      skip: False
      suffix: None
      search_output_file: True
      input_dir: output/detection/asn
      update_version: False
      weight_type: ivm
      pixfrac: 1.0
      kernel: square
      fillval: NaN
      maskpt: 0.7
      snr: 5.0 4.0
      scale: 1.2 0.7
      backg: 0.0
      save_intermediate_results: False
      resample_data: True
      resample_on_skycell: True
      good_bits: ~DO_NOT_USE+NON_SCIENCE
      in_memory: True
      pixmap_stepsize: 10.0
      pixmap_order: 3
    resample:
      pre_hooks: []
      post_hooks: []
      output_file: None
      output_dir: None
      output_ext: .asdf
      output_use_model: False
      output_use_index: True
      save_results: False
      skip: False
      suffix: None
      search_output_file: True
      input_dir: output/detection/asn
      update_version: False
      pixfrac: 1.0
      kernel: square
      fillval: NAN
      weight_type: ivm
      output_shape: None
      crpix: None
      crval: None
      rotation: None
      pixel_scale_ratio: 1.0
      pixel_scale: None
      output_wcs: ''
      resample_on_skycell: True
      in_memory: False
      good_bits: ~DO_NOT_USE+NON_SCIENCE
      include_var_flat: False
      propagate_dq: False
      pixmap_stepsize: 10.0
      pixmap_order: 3
    source_catalog:
      pre_hooks: []
      post_hooks: []
      output_file: None
      output_dir: None
      output_ext: .asdf
      output_use_model: False
      output_use_index: True
      save_results: False
      skip: False
      suffix: cat
      search_output_file: True
      input_dir: output/detection/asn
      update_version: False
      bkg_boxsize: 1000
      kernel_fwhm: 2.0
      snr_threshold: 3.0
      npixels: 25
      deblend: False
      fit_psf: True
      forced_segmentation: ''
2026-04-24 18:58:41,794 - stpipe.pipeline - INFO - Prefetching reference files for dataset: 'sky_12_d_full_325m24x50y57_f158_asn.json' reftypes = ['apcorr']
2026-04-24 18:58:41,795 - stpipe.pipeline - INFO - Prefetch for APCORR reference file is '/home/np274/roman_l2_job/crds_cache/references/roman/wfi/roman_wfi_apcorr_0002.asdf'.
2026-04-24 18:58:41,795 - romancal.pipeline.mosaic_pipeline - INFO - Starting Roman mosaic level calibration pipeline ...
2026-04-24 18:58:42,161 - stpipe.step - INFO - Step flux running with args (<romancal.datamodels.library.ModelLibrary object at 0x7e877feaa090>,).
2026-04-24 18:59:08,015 - stpipe.step - INFO - Step flux done
2026-04-24 18:59:08,128 - stpipe.step - INFO - Step skymatch running with args (<romancal.datamodels.library.ModelLibrary object at 0x7e877feaa090>,).
2026-04-24 18:59:21,091 - stcal.skymatch.skymatch - INFO -  
2026-04-24 18:59:21,092 - stcal.skymatch.skymatch - INFO - ***** stcal.skymatch.skymatch.skymatch() started on 2026-04-24 18:59:21.091873
2026-04-24 18:59:21,092 - stcal.skymatch.skymatch - INFO -  
2026-04-24 18:59:21,092 - stcal.skymatch.skymatch - INFO - Sky computation method: 'match'
2026-04-24 18:59:21,092 - stcal.skymatch.skymatch - INFO - Sky matching direction: DOWN
2026-04-24 18:59:21,092 - stcal.skymatch.skymatch - INFO - Sky subtraction from image data: OFF
2026-04-24 18:59:21,092 - stcal.skymatch.skymatch - INFO -  
2026-04-24 18:59:21,092 - stcal.skymatch.skymatch - INFO - ----  Computing differences in sky values in overlapping regions.
2026-04-24 19:01:32,088 - stcal.skymatch.skymatch - INFO -    *  Image ID=r0000101015011001007_0001_wfi01_f158_cal.asdf. Sky background: 0.0460373
2026-04-24 19:01:32,089 - stcal.skymatch.skymatch - INFO -    *  Image ID=r0000101015011001007_0001_wfi02_f158_cal.asdf. Sky background: 0.0295074
2026-04-24 19:01:32,089 - stcal.skymatch.skymatch - INFO -    *  Image ID=r0000101015011001007_0001_wfi04_f158_cal.asdf. Sky background: 0.033526
2026-04-24 19:01:32,089 - stcal.skymatch.skymatch - INFO -    *  Image ID=r0000101015011001007_0001_wfi05_f158_cal.asdf. Sky background: 0.021778
2026-04-24 19:01:32,089 - stcal.skymatch.skymatch - INFO -    *  Image ID=r0000101015011001007_0002_wfi04_f158_cal.asdf. Sky background: 0.0314605
2026-04-24 19:01:32,089 - stcal.skymatch.skymatch - INFO -    *  Image ID=r0000101015011001007_0003_wfi07_f158_cal.asdf. Sky background: 0.0287091
2026-04-24 19:01:32,089 - stcal.skymatch.skymatch - INFO -    *  Image ID=r0000101015012001001_0001_wfi11_f158_cal.asdf. Sky background: 0.0273819
2026-04-24 19:01:32,089 - stcal.skymatch.skymatch - INFO -    *  Image ID=r0000101015012001001_0002_wfi01_f158_cal.asdf. Sky background: 0.0440655
2026-04-24 19:01:32,089 - stcal.skymatch.skymatch - INFO -    *  Image ID=r0000101015012001001_0002_wfi10_f158_cal.asdf. Sky background: 0.038838
2026-04-24 19:01:32,089 - stcal.skymatch.skymatch - INFO -    *  Image ID=r0000101015012001001_0003_wfi01_f158_cal.asdf. Sky background: 0.0427606
2026-04-24 19:01:32,089 - stcal.skymatch.skymatch - INFO -    *  Image ID=r0000101015012001001_0003_wfi04_f158_cal.asdf. Sky background: 0.030451
2026-04-24 19:01:32,089 - stcal.skymatch.skymatch - INFO -    *  Image ID=r0000101015012001002_0002_wfi18_f158_cal.asdf. Sky background: 0.000938579
2026-04-24 19:01:32,089 - stcal.skymatch.skymatch - INFO -    *  Image ID=r0000101015012001002_0003_wfi14_f158_cal.asdf. Sky background: 0.0252468
2026-04-24 19:01:32,089 - stcal.skymatch.skymatch - INFO -    *  Image ID=r0000101016011001007_0001_wfi01_f158_cal.asdf. Sky background: 0.0438473
2026-04-24 19:01:32,089 - stcal.skymatch.skymatch - INFO -    *  Image ID=r0000101016011001007_0001_wfi02_f158_cal.asdf. Sky background: 0.0304287
2026-04-24 19:01:32,089 - stcal.skymatch.skymatch - INFO -    *  Image ID=r0000101016011001007_0001_wfi04_f158_cal.asdf. Sky background: 0.0327926
2026-04-24 19:01:32,089 - stcal.skymatch.skymatch - INFO -    *  Image ID=r0000101016011001007_0001_wfi05_f158_cal.asdf. Sky background: 0.0211891
2026-04-24 19:01:32,089 - stcal.skymatch.skymatch - INFO -    *  Image ID=r0000101016011001007_0002_wfi04_f158_cal.asdf. Sky background: 0.0321796
2026-04-24 19:01:32,089 - stcal.skymatch.skymatch - INFO -    *  Image ID=r0000101016011001007_0003_wfi07_f158_cal.asdf. Sky background: 0.028357
2026-04-24 19:01:32,089 - stcal.skymatch.skymatch - INFO -    *  Image ID=r0000101016012001001_0001_wfi11_f158_cal.asdf. Sky background: 0.0277635
2026-04-24 19:01:32,089 - stcal.skymatch.skymatch - INFO -    *  Image ID=r0000101016012001001_0002_wfi01_f158_cal.asdf. Sky background: 0.0449503
2026-04-24 19:01:32,089 - stcal.skymatch.skymatch - INFO -    *  Image ID=r0000101016012001001_0002_wfi10_f158_cal.asdf. Sky background: 0.0367227
2026-04-24 19:01:32,089 - stcal.skymatch.skymatch - INFO -    *  Image ID=r0000101016012001001_0003_wfi01_f158_cal.asdf. Sky background: 0.0431341
2026-04-24 19:01:32,089 - stcal.skymatch.skymatch - INFO -    *  Image ID=r0000101016012001001_0003_wfi04_f158_cal.asdf. Sky background: 0.0297413
2026-04-24 19:01:32,089 - stcal.skymatch.skymatch - INFO -    *  Image ID=r0000101016012001002_0002_wfi18_f158_cal.asdf. Sky background: 0
2026-04-24 19:01:32,089 - stcal.skymatch.skymatch - INFO -    *  Image ID=r0000101016012001002_0003_wfi14_f158_cal.asdf. Sky background: 0.0246893
2026-04-24 19:01:32,089 - stcal.skymatch.skymatch - INFO -  
2026-04-24 19:01:32,090 - stcal.skymatch.skymatch - INFO - ***** stcal.skymatch.skymatch.skymatch() ended on 2026-04-24 19:01:32.089964
2026-04-24 19:01:32,090 - stcal.skymatch.skymatch - INFO - ***** stcal.skymatch.skymatch.skymatch() TOTAL RUN TIME: 0:02:10.998091
2026-04-24 19:01:32,090 - stcal.skymatch.skymatch - INFO -  
2026-04-24 19:01:32,105 - stpipe.step - INFO - Step skymatch done
2026-04-24 19:01:32,276 - stpipe.step - INFO - Step outlier_detection running with args (<romancal.datamodels.library.ModelLibrary object at 0x7e877feaa090>,).
2026-04-24 19:01:32,797 - romancal.resample.resample - INFO - Skycell record: [('325m24x50y57', 325.94748116, -24.2199087, -0.5628658, -31100.5, 2499.5, 325.90575994, -24.25824975, 325.98953944, -24.25794136, 325.98917676, -24.18155674, 325.90544748, -24.18186403)]
2026-04-24 19:01:32,797 - romancal.resample.resample - INFO - Creating skycell image at ra: 325.94748115552665  dec -24.219908698038008
2026-04-24 19:01:32,797 - romancal.resample.resample - INFO - Resampling to skycell wcs
2026-04-24 19:01:32,961 - stcal.resample.resample - INFO - Computed output pixel scale: 0.05499669140807938 arcsec.
2026-04-24 19:01:32,962 - stcal.resample.resample - INFO - Driz parameter kernel: square
2026-04-24 19:01:32,962 - stcal.resample.resample - INFO - Driz parameter pixfrac: 1.0
2026-04-24 19:01:32,962 - stcal.resample.resample - INFO - Driz parameter fillval: NaN
2026-04-24 19:01:32,962 - stcal.resample.resample - INFO - Driz parameter weight_type: ivm
2026-04-24 19:01:32,962 - stcal.resample.resample - INFO - Evaluating the full pixel map every 10.0 pixels
2026-04-24 19:01:32,962 - stcal.resample.resample - INFO - Interpolating the rest with order 3 bivariate splines
2026-04-24 19:01:34,130 - stcal.resample.resample - INFO - Resampling science and variance data
2026-04-24 19:01:35,928 - stcal.resample.resample - INFO - Resampling science and variance data
2026-04-24 19:01:37,384 - stcal.resample.resample - INFO - Resampling science and variance data
2026-04-24 19:01:38,965 - stcal.resample.resample - INFO - Resampling science and variance data
2026-04-24 19:01:39,696 - stcal.alignment.util - INFO - Update S_REGION to POLYGON ICRS  325.905759937 -24.258249753 325.905447483 -24.181864034 325.989176762 -24.181556742 325.989539440 -24.257941364
2026-04-24 19:01:42,914 - stcal.resample.resample - INFO - Resampling science and variance data
2026-04-24 19:01:45,190 - stcal.alignment.util - INFO - Update S_REGION to POLYGON ICRS  325.905759937 -24.258249753 325.905447483 -24.181864034 325.989176762 -24.181556742 325.989539440 -24.257941364
2026-04-24 19:01:49,850 - stcal.resample.resample - INFO - Resampling science and variance data
2026-04-24 19:01:50,947 - stcal.alignment.util - INFO - Update S_REGION to POLYGON ICRS  325.905759937 -24.258249753 325.905447483 -24.181864034 325.989176762 -24.181556742 325.989539440 -24.257941364
2026-04-24 19:01:53,402 - stcal.resample.resample - INFO - Resampling science and variance data
2026-04-24 19:01:55,489 - stcal.alignment.util - INFO - Update S_REGION to POLYGON ICRS  325.905759937 -24.258249753 325.905447483 -24.181864034 325.989176762 -24.181556742 325.989539440 -24.257941364
2026-04-24 19:01:59,925 - stcal.resample.resample - INFO - Resampling science and variance data
2026-04-24 19:02:01,608 - stcal.resample.resample - INFO - Resampling science and variance data
2026-04-24 19:02:02,782 - stcal.alignment.util - INFO - Update S_REGION to POLYGON ICRS  325.905759937 -24.258249753 325.905447483 -24.181864034 325.989176762 -24.181556742 325.989539440 -24.257941364
2026-04-24 19:02:06,019 - stcal.resample.resample - INFO - Resampling science and variance data
2026-04-24 19:02:07,542 - stcal.resample.resample - INFO - Resampling science and variance data
2026-04-24 19:02:08,078 - stcal.alignment.util - INFO - Update S_REGION to POLYGON ICRS  325.905759937 -24.258249753 325.905447483 -24.181864034 325.989176762 -24.181556742 325.989539440 -24.257941364
2026-04-24 19:02:09,863 - stcal.resample.resample - INFO - Resampling science and variance data
2026-04-24 19:02:11,222 - stcal.alignment.util - INFO - Update S_REGION to POLYGON ICRS  325.905759937 -24.258249753 325.905447483 -24.181864034 325.989176762 -24.181556742 325.989539440 -24.257941364
2026-04-24 19:02:13,790 - stcal.resample.resample - INFO - Resampling science and variance data
2026-04-24 19:02:16,090 - stcal.alignment.util - INFO - Update S_REGION to POLYGON ICRS  325.905759937 -24.258249753 325.905447483 -24.181864034 325.989176762 -24.181556742 325.989539440 -24.257941364
2026-04-24 19:02:20,834 - stcal.resample.resample - INFO - Resampling science and variance data
2026-04-24 19:02:22,635 - stcal.resample.resample - INFO - Resampling science and variance data
2026-04-24 19:02:24,093 - stcal.resample.resample - INFO - Resampling science and variance data
2026-04-24 19:02:25,677 - stcal.resample.resample - INFO - Resampling science and variance data
2026-04-24 19:02:26,403 - stcal.alignment.util - INFO - Update S_REGION to POLYGON ICRS  325.905759937 -24.258249753 325.905447483 -24.181864034 325.989176762 -24.181556742 325.989539440 -24.257941364
2026-04-24 19:02:29,631 - stcal.resample.resample - INFO - Resampling science and variance data
2026-04-24 19:02:31,905 - stcal.alignment.util - INFO - Update S_REGION to POLYGON ICRS  325.905759937 -24.258249753 325.905447483 -24.181864034 325.989176762 -24.181556742 325.989539440 -24.257941364
2026-04-24 19:02:36,715 - stcal.resample.resample - INFO - Resampling science and variance data
2026-04-24 19:02:37,814 - stcal.alignment.util - INFO - Update S_REGION to POLYGON ICRS  325.905759937 -24.258249753 325.905447483 -24.181864034 325.989176762 -24.181556742 325.989539440 -24.257941364
2026-04-24 19:02:40,282 - stcal.resample.resample - INFO - Resampling science and variance data
2026-04-24 19:02:42,370 - stcal.alignment.util - INFO - Update S_REGION to POLYGON ICRS  325.905759937 -24.258249753 325.905447483 -24.181864034 325.989176762 -24.181556742 325.989539440 -24.257941364
2026-04-24 19:02:46,757 - stcal.resample.resample - INFO - Resampling science and variance data
2026-04-24 19:02:48,428 - stcal.resample.resample - INFO - Resampling science and variance data
2026-04-24 19:02:49,612 - stcal.alignment.util - INFO - Update S_REGION to POLYGON ICRS  325.905759937 -24.258249753 325.905447483 -24.181864034 325.989176762 -24.181556742 325.989539440 -24.257941364
2026-04-24 19:02:52,967 - stcal.resample.resample - INFO - Resampling science and variance data
2026-04-24 19:02:54,492 - stcal.resample.resample - INFO - Resampling science and variance data
2026-04-24 19:02:55,025 - stcal.alignment.util - INFO - Update S_REGION to POLYGON ICRS  325.905759937 -24.258249753 325.905447483 -24.181864034 325.989176762 -24.181556742 325.989539440 -24.257941364
2026-04-24 19:02:56,802 - stcal.resample.resample - INFO - Resampling science and variance data
2026-04-24 19:02:58,158 - stcal.alignment.util - INFO - Update S_REGION to POLYGON ICRS  325.905759937 -24.258249753 325.905447483 -24.181864034 325.989176762 -24.181556742 325.989539440 -24.257941364
2026-04-24 19:03:00,671 - stcal.resample.resample - INFO - Resampling science and variance data
2026-04-24 19:03:02,974 - stcal.alignment.util - INFO - Update S_REGION to POLYGON ICRS  325.905759937 -24.258249753 325.905447483 -24.181864034 325.989176762 -24.181556742 325.989539440 -24.257941364
2026-04-24 19:03:19,831 - stcal.outlier_detection.utils - INFO - Blotting (4088, 4088) <-- (5000, 5000)
2026-04-24 19:03:21,652 - romancal.outlier_detection.utils - INFO - 176 pixels marked as outliers
2026-04-24 19:03:22,624 - stcal.outlier_detection.utils - INFO - Blotting (4088, 4088) <-- (5000, 5000)
2026-04-24 19:03:24,416 - romancal.outlier_detection.utils - INFO - 156 pixels marked as outliers
2026-04-24 19:03:25,391 - stcal.outlier_detection.utils - INFO - Blotting (4088, 4088) <-- (5000, 5000)
2026-04-24 19:03:27,193 - romancal.outlier_detection.utils - INFO - 51 pixels marked as outliers
2026-04-24 19:03:28,165 - stcal.outlier_detection.utils - INFO - Blotting (4088, 4088) <-- (5000, 5000)
2026-04-24 19:03:29,987 - romancal.outlier_detection.utils - INFO - 109 pixels marked as outliers
2026-04-24 19:03:30,966 - stcal.outlier_detection.utils - INFO - Blotting (4088, 4088) <-- (5000, 5000)
2026-04-24 19:03:32,897 - romancal.outlier_detection.utils - INFO - 502 pixels marked as outliers
2026-04-24 19:03:33,869 - stcal.outlier_detection.utils - INFO - Blotting (4088, 4088) <-- (5000, 5000)
2026-04-24 19:03:35,717 - romancal.outlier_detection.utils - INFO - 410 pixels marked as outliers
2026-04-24 19:03:36,687 - stcal.outlier_detection.utils - INFO - Blotting (4088, 4088) <-- (5000, 5000)
2026-04-24 19:03:38,603 - romancal.outlier_detection.utils - INFO - 945 pixels marked as outliers
2026-04-24 19:03:39,571 - stcal.outlier_detection.utils - INFO - Blotting (4088, 4088) <-- (5000, 5000)
2026-04-24 19:03:41,376 - romancal.outlier_detection.utils - INFO - 34 pixels marked as outliers
2026-04-24 19:03:42,346 - stcal.outlier_detection.utils - INFO - Blotting (4088, 4088) <-- (5000, 5000)
2026-04-24 19:03:44,202 - romancal.outlier_detection.utils - INFO - 199 pixels marked as outliers
2026-04-24 19:03:45,189 - stcal.outlier_detection.utils - INFO - Blotting (4088, 4088) <-- (5000, 5000)
2026-04-24 19:03:46,988 - romancal.outlier_detection.utils - INFO - 653 pixels marked as outliers
2026-04-24 19:03:47,959 - stcal.outlier_detection.utils - INFO - Blotting (4088, 4088) <-- (5000, 5000)
2026-04-24 19:03:49,760 - romancal.outlier_detection.utils - INFO - 172 pixels marked as outliers
2026-04-24 19:03:50,735 - stcal.outlier_detection.utils - INFO - Blotting (4088, 4088) <-- (5000, 5000)
2026-04-24 19:03:52,599 - romancal.outlier_detection.utils - INFO - 751 pixels marked as outliers
2026-04-24 19:03:53,569 - stcal.outlier_detection.utils - INFO - Blotting (4088, 4088) <-- (5000, 5000)
2026-04-24 19:03:55,501 - romancal.outlier_detection.utils - INFO - 612 pixels marked as outliers
2026-04-24 19:03:56,478 - stcal.outlier_detection.utils - INFO - Blotting (4088, 4088) <-- (5000, 5000)
2026-04-24 19:03:58,294 - romancal.outlier_detection.utils - INFO - 175 pixels marked as outliers
2026-04-24 19:03:59,264 - stcal.outlier_detection.utils - INFO - Blotting (4088, 4088) <-- (5000, 5000)
2026-04-24 19:04:01,061 - romancal.outlier_detection.utils - INFO - 158 pixels marked as outliers
2026-04-24 19:04:02,032 - stcal.outlier_detection.utils - INFO - Blotting (4088, 4088) <-- (5000, 5000)
2026-04-24 19:04:03,841 - romancal.outlier_detection.utils - INFO - 50 pixels marked as outliers
2026-04-24 19:04:04,815 - stcal.outlier_detection.utils - INFO - Blotting (4088, 4088) <-- (5000, 5000)
2026-04-24 19:04:06,638 - romancal.outlier_detection.utils - INFO - 108 pixels marked as outliers
2026-04-24 19:04:07,615 - stcal.outlier_detection.utils - INFO - Blotting (4088, 4088) <-- (5000, 5000)
2026-04-24 19:04:09,551 - romancal.outlier_detection.utils - INFO - 500 pixels marked as outliers
2026-04-24 19:04:10,532 - stcal.outlier_detection.utils - INFO - Blotting (4088, 4088) <-- (5000, 5000)
2026-04-24 19:04:12,370 - romancal.outlier_detection.utils - INFO - 410 pixels marked as outliers
2026-04-24 19:04:13,343 - stcal.outlier_detection.utils - INFO - Blotting (4088, 4088) <-- (5000, 5000)
2026-04-24 19:04:15,258 - romancal.outlier_detection.utils - INFO - 945 pixels marked as outliers
2026-04-24 19:04:16,232 - stcal.outlier_detection.utils - INFO - Blotting (4088, 4088) <-- (5000, 5000)
2026-04-24 19:04:18,041 - romancal.outlier_detection.utils - INFO - 33 pixels marked as outliers
2026-04-24 19:04:19,012 - stcal.outlier_detection.utils - INFO - Blotting (4088, 4088) <-- (5000, 5000)
2026-04-24 19:04:20,865 - romancal.outlier_detection.utils - INFO - 199 pixels marked as outliers
2026-04-24 19:04:21,835 - stcal.outlier_detection.utils - INFO - Blotting (4088, 4088) <-- (5000, 5000)
2026-04-24 19:04:23,655 - romancal.outlier_detection.utils - INFO - 663 pixels marked as outliers
2026-04-24 19:04:24,630 - stcal.outlier_detection.utils - INFO - Blotting (4088, 4088) <-- (5000, 5000)
2026-04-24 19:04:26,447 - romancal.outlier_detection.utils - INFO - 174 pixels marked as outliers
2026-04-24 19:04:27,420 - stcal.outlier_detection.utils - INFO - Blotting (4088, 4088) <-- (5000, 5000)
2026-04-24 19:04:29,296 - romancal.outlier_detection.utils - INFO - 751 pixels marked as outliers
2026-04-24 19:04:30,275 - stcal.outlier_detection.utils - INFO - Blotting (4088, 4088) <-- (5000, 5000)
2026-04-24 19:04:32,212 - romancal.outlier_detection.utils - INFO - 613 pixels marked as outliers
2026-04-24 19:04:32,251 - stpipe.step - INFO - Step outlier_detection done
2026-04-24 19:04:32,381 - stpipe.step - INFO - Step resample running with args (<romancal.datamodels.library.ModelLibrary object at 0x7e877feaa090>,).
2026-04-24 19:04:32,853 - romancal.resample.resample - INFO - Skycell record: [('325m24x50y57', 325.94748116, -24.2199087, -0.5628658, -31100.5, 2499.5, 325.90575994, -24.25824975, 325.98953944, -24.25794136, 325.98917676, -24.18155674, 325.90544748, -24.18186403)]
2026-04-24 19:04:32,853 - romancal.resample.resample - INFO - Creating skycell image at ra: 325.94748115552665  dec -24.219908698038008
2026-04-24 19:04:32,853 - romancal.resample.resample - INFO - Resampling to skycell wcs
2026-04-24 19:04:33,016 - stcal.resample.resample - INFO - Computed output pixel scale: 0.05499669140807938 arcsec.
2026-04-24 19:04:33,016 - stcal.resample.resample - INFO - Driz parameter kernel: square
2026-04-24 19:04:33,016 - stcal.resample.resample - INFO - Driz parameter pixfrac: 1.0
2026-04-24 19:04:33,016 - stcal.resample.resample - INFO - Driz parameter fillval: NAN
2026-04-24 19:04:33,016 - stcal.resample.resample - INFO - Driz parameter weight_type: ivm
2026-04-24 19:04:33,016 - stcal.resample.resample - INFO - Evaluating the full pixel map every 10.0 pixels
2026-04-24 19:04:33,016 - stcal.resample.resample - INFO - Interpolating the rest with order 3 bivariate splines
2026-04-24 19:04:34,299 - stcal.resample.resample - INFO - Resampling science and variance data
2026-04-24 19:04:35,914 - stcal.resample.resample - INFO - Drizzling (4088, 4088) --> (5000, 5000)
2026-04-24 19:04:36,538 - stcal.resample.resample - INFO - Drizzling (4088, 4088) --> (5000, 5000)
2026-04-24 19:04:39,415 - stcal.resample.resample - INFO - Resampling science and variance data
2026-04-24 19:04:40,142 - stcal.resample.resample - INFO - Drizzling (4088, 4088) --> (5000, 5000)
2026-04-24 19:04:40,452 - stcal.resample.resample - INFO - Drizzling (4088, 4088) --> (5000, 5000)
2026-04-24 19:04:42,375 - stcal.resample.resample - INFO - Resampling science and variance data
2026-04-24 19:04:43,358 - stcal.resample.resample - INFO - Drizzling (4088, 4088) --> (5000, 5000)
2026-04-24 19:04:43,797 - stcal.resample.resample - INFO - Drizzling (4088, 4088) --> (5000, 5000)
2026-04-24 19:04:46,069 - stcal.resample.resample - INFO - Resampling science and variance data
2026-04-24 19:04:47,538 - stcal.resample.resample - INFO - Drizzling (4088, 4088) --> (5000, 5000)
2026-04-24 19:04:48,219 - stcal.resample.resample - INFO - Drizzling (4088, 4088) --> (5000, 5000)
2026-04-24 19:04:51,244 - stcal.resample.resample - INFO - Resampling science and variance data
2026-04-24 19:04:55,747 - stcal.resample.resample - INFO - Drizzling (4088, 4088) --> (5000, 5000)
2026-04-24 19:04:57,949 - stcal.resample.resample - INFO - Drizzling (4088, 4088) --> (5000, 5000)
2026-04-24 19:05:05,421 - stcal.resample.resample - INFO - Resampling science and variance data
2026-04-24 19:05:07,546 - stcal.resample.resample - INFO - Drizzling (4088, 4088) --> (5000, 5000)
2026-04-24 19:05:08,563 - stcal.resample.resample - INFO - Drizzling (4088, 4088) --> (5000, 5000)
2026-04-24 19:05:12,523 - stcal.resample.resample - INFO - Resampling science and variance data
2026-04-24 19:05:16,559 - stcal.resample.resample - INFO - Drizzling (4088, 4088) --> (5000, 5000)
2026-04-24 19:05:18,535 - stcal.resample.resample - INFO - Drizzling (4088, 4088) --> (5000, 5000)
2026-04-24 19:05:25,372 - stcal.resample.resample - INFO - Resampling science and variance data
2026-04-24 19:05:26,432 - stcal.resample.resample - INFO - Drizzling (4088, 4088) --> (5000, 5000)
2026-04-24 19:05:26,919 - stcal.resample.resample - INFO - Drizzling (4088, 4088) --> (5000, 5000)
2026-04-24 19:05:29,300 - stcal.resample.resample - INFO - Resampling science and variance data
2026-04-24 19:05:31,667 - stcal.resample.resample - INFO - Drizzling (4088, 4088) --> (5000, 5000)
2026-04-24 19:05:32,808 - stcal.resample.resample - INFO - Drizzling (4088, 4088) --> (5000, 5000)
2026-04-24 19:05:37,176 - stcal.resample.resample - INFO - Resampling science and variance data
2026-04-24 19:05:37,955 - stcal.resample.resample - INFO - Drizzling (4088, 4088) --> (5000, 5000)
2026-04-24 19:05:38,301 - stcal.resample.resample - INFO - Drizzling (4088, 4088) --> (5000, 5000)
2026-04-24 19:05:40,265 - stcal.resample.resample - INFO - Resampling science and variance data
2026-04-24 19:05:41,324 - stcal.resample.resample - INFO - Drizzling (4088, 4088) --> (5000, 5000)
2026-04-24 19:05:41,804 - stcal.resample.resample - INFO - Drizzling (4088, 4088) --> (5000, 5000)
2026-04-24 19:05:44,171 - stcal.resample.resample - INFO - Resampling science and variance data
2026-04-24 19:05:46,882 - stcal.resample.resample - INFO - Drizzling (4088, 4088) --> (5000, 5000)
2026-04-24 19:05:48,171 - stcal.resample.resample - INFO - Drizzling (4088, 4088) --> (5000, 5000)
2026-04-24 19:05:52,741 - stcal.resample.resample - INFO - Resampling science and variance data
2026-04-24 19:05:57,289 - stcal.resample.resample - INFO - Drizzling (4088, 4088) --> (5000, 5000)
2026-04-24 19:05:59,493 - stcal.resample.resample - INFO - Drizzling (4088, 4088) --> (5000, 5000)
2026-04-24 19:06:06,864 - stcal.resample.resample - INFO - Resampling science and variance data
2026-04-24 19:06:08,197 - stcal.resample.resample - INFO - Drizzling (4088, 4088) --> (5000, 5000)
2026-04-24 19:06:08,820 - stcal.resample.resample - INFO - Drizzling (4088, 4088) --> (5000, 5000)
2026-04-24 19:06:11,639 - stcal.resample.resample - INFO - Resampling science and variance data
2026-04-24 19:06:12,343 - stcal.resample.resample - INFO - Drizzling (4088, 4088) --> (5000, 5000)
2026-04-24 19:06:12,650 - stcal.resample.resample - INFO - Drizzling (4088, 4088) --> (5000, 5000)
2026-04-24 19:06:14,557 - stcal.resample.resample - INFO - Resampling science and variance data
2026-04-24 19:06:15,519 - stcal.resample.resample - INFO - Drizzling (4088, 4088) --> (5000, 5000)
2026-04-24 19:06:15,953 - stcal.resample.resample - INFO - Drizzling (4088, 4088) --> (5000, 5000)
2026-04-24 19:06:18,195 - stcal.resample.resample - INFO - Resampling science and variance data
2026-04-24 19:06:19,630 - stcal.resample.resample - INFO - Drizzling (4088, 4088) --> (5000, 5000)
2026-04-24 19:06:20,308 - stcal.resample.resample - INFO - Drizzling (4088, 4088) --> (5000, 5000)
2026-04-24 19:06:23,275 - stcal.resample.resample - INFO - Resampling science and variance data
2026-04-24 19:06:27,773 - stcal.resample.resample - INFO - Drizzling (4088, 4088) --> (5000, 5000)
2026-04-24 19:06:29,975 - stcal.resample.resample - INFO - Drizzling (4088, 4088) --> (5000, 5000)
2026-04-24 19:06:37,369 - stcal.resample.resample - INFO - Resampling science and variance data
2026-04-24 19:06:39,499 - stcal.resample.resample - INFO - Drizzling (4088, 4088) --> (5000, 5000)
2026-04-24 19:06:40,520 - stcal.resample.resample - INFO - Drizzling (4088, 4088) --> (5000, 5000)
2026-04-24 19:06:44,508 - stcal.resample.resample - INFO - Resampling science and variance data
2026-04-24 19:06:48,585 - stcal.resample.resample - INFO - Drizzling (4088, 4088) --> (5000, 5000)
2026-04-24 19:06:50,590 - stcal.resample.resample - INFO - Drizzling (4088, 4088) --> (5000, 5000)
2026-04-24 19:06:57,465 - stcal.resample.resample - INFO - Resampling science and variance data
2026-04-24 19:06:58,532 - stcal.resample.resample - INFO - Drizzling (4088, 4088) --> (5000, 5000)
2026-04-24 19:06:59,026 - stcal.resample.resample - INFO - Drizzling (4088, 4088) --> (5000, 5000)
2026-04-24 19:07:01,415 - stcal.resample.resample - INFO - Resampling science and variance data
2026-04-24 19:07:03,778 - stcal.resample.resample - INFO - Drizzling (4088, 4088) --> (5000, 5000)
2026-04-24 19:07:04,916 - stcal.resample.resample - INFO - Drizzling (4088, 4088) --> (5000, 5000)
2026-04-24 19:07:09,271 - stcal.resample.resample - INFO - Resampling science and variance data
2026-04-24 19:07:10,060 - stcal.resample.resample - INFO - Drizzling (4088, 4088) --> (5000, 5000)
2026-04-24 19:07:10,405 - stcal.resample.resample - INFO - Drizzling (4088, 4088) --> (5000, 5000)
2026-04-24 19:07:12,387 - stcal.resample.resample - INFO - Resampling science and variance data
2026-04-24 19:07:13,437 - stcal.resample.resample - INFO - Drizzling (4088, 4088) --> (5000, 5000)
2026-04-24 19:07:13,921 - stcal.resample.resample - INFO - Drizzling (4088, 4088) --> (5000, 5000)
2026-04-24 19:07:16,301 - stcal.resample.resample - INFO - Resampling science and variance data
2026-04-24 19:07:19,016 - stcal.resample.resample - INFO - Drizzling (4088, 4088) --> (5000, 5000)
2026-04-24 19:07:20,296 - stcal.resample.resample - INFO - Drizzling (4088, 4088) --> (5000, 5000)
2026-04-24 19:07:24,865 - stcal.resample.resample - INFO - Resampling science and variance data
2026-04-24 19:07:29,434 - stcal.resample.resample - INFO - Drizzling (4088, 4088) --> (5000, 5000)
2026-04-24 19:07:31,658 - stcal.resample.resample - INFO - Drizzling (4088, 4088) --> (5000, 5000)
2026-04-24 19:07:39,715 - romancal.resample.resample - INFO - Mean, max exposure times: 1108.1, 1505.3
2026-04-24 19:07:39,783 - stcal.alignment.util - INFO - Update S_REGION to POLYGON ICRS  325.905759937 -24.258249753 325.905447483 -24.181864034 325.989176762 -24.181556742 325.989539440 -24.257941364
2026-04-24 19:07:39,796 - stpipe.step - INFO - Step resample done
2026-04-24 19:07:39,947 - stpipe.step - INFO - Step source_catalog running with args (<roman_datamodels.datamodels._datamodels.MosaicModel object at 0x7e86d729d080>,).
2026-04-24 19:07:39,951 - romancal.source_catalog.source_catalog_step - INFO - Using ePSF reference file: /home/np274/roman_l2_job/crds_cache/references/roman/wfi/roman_wfi_epsf_0239.asdf
2026-04-24 19:07:43,870 - romancal.source_catalog.psf - INFO - Performed jitter convolution.  Image kernel: (8, 8, 0) Reference kernel: (0, 0, 0)
2026-04-24 19:07:44,139 - romancal.source_catalog.source_catalog_step - INFO - Calculating and subtracting background
2026-04-24 19:07:50,284 - romancal.source_catalog.source_catalog_step - INFO - Creating detection image
2026-04-24 19:07:52,195 - romancal.source_catalog.source_catalog_step - INFO - Detecting sources
2026-04-24 19:07:56,004 - romancal.source_catalog.detection - INFO - Detected 269 sources
2026-04-24 19:07:56,009 - romancal.source_catalog.source_catalog_step - INFO - Creating ee_fractions model
2026-04-24 19:07:56,040 - romancal.source_catalog.source_catalog_step - INFO - Creating source catalog
2026-04-24 19:07:56,137 - romancal.source_catalog.source_catalog - INFO - Calculating segment properties
2026-04-24 19:07:57,550 - romancal.source_catalog.source_catalog - INFO - Calculating aperture photometry
2026-04-24 19:07:57,969 - romancal.source_catalog.source_catalog - INFO - Calculating DAOFind properties
2026-04-24 19:07:58,521 - romancal.source_catalog.source_catalog - INFO - Calculating nearest neighbor properties
2026-04-24 19:07:58,522 - romancal.source_catalog.source_catalog - INFO - Calculating PSF photometry
2026-04-24 19:08:03,846 - py.warnings - WARNING - /home/np274/roman_l2_job/.pixi/envs/default/lib/python3.12/site-packages/photutils/psf/_components.py:1564: AstropyUserWarning: One or more fit(s) may not have converged. Please check the "flags" column in the output table.
  warnings.warn('One or more fit(s) may not have converged. Please '

2026-04-24 19:08:04,949 - stpipe.step - INFO - Saved model in output/detection/l3/sky_12_d_full_325m24x50y57_f158_segm.asdf
2026-04-24 19:08:05,636 - romancal.stpipe.core - ERROR - Model[<roman_datamodels.datamodels._datamodels.MosaicSourceCatalogModel object at 0x7e86716a3ec0>] is missing meta.ref_file. [('epsf', 'crds://roman_wfi_epsf_0239.asdf'), ('apcorr', 'crds://roman_wfi_apcorr_0011.asdf')] will not be recorded
2026-04-24 19:08:06,642 - stpipe.step - INFO - Saved model in output/detection/l3/sky_12_d_full_325m24x50y57_f158_cat.parquet
2026-04-24 19:08:06,643 - stpipe.step - INFO - Step source_catalog done
2026-04-24 19:08:08,975 - stpipe.step - INFO - Saved model in output/detection/l3/sky_12_d_full_325m24x50y57_f158_coadd.asdf
2026-04-24 19:08:08,975 - stpipe.step - INFO - Step MosaicPipeline done
